{"meta": {"format": 3, "version": "7.11.3", "timestamp": "2025-11-15T11:39:50.100605", "branch_coverage": false, "show_contexts": false}, "files": {"conversion/convert_coreml.py": {"executed_lines": [], "summary": {"covered_lines": 0, "num_statements": 348, "percent_covered": 0.0, "percent_covered_display": "0", "missing_lines": 348, "excluded_lines": 0}, "missing_lines": [13, 14, 15, 16, 17, 20, 21, 23, 26, 27, 32, 34, 35, 37, 38, 40, 41, 44, 46, 48, 49, 50, 53, 83, 84, 87, 88, 95, 96, 97, 101, 102, 103, 108, 109, 110, 111, 113, 114, 116, 121, 124, 125, 126, 127, 128, 129, 130, 131, 133, 134, 137, 138, 141, 146, 147, 148, 149, 150, 151, 153, 158, 161, 162, 164, 166, 167, 168, 169, 172, 173, 176, 177, 178, 182, 183, 184, 188, 189, 193, 194, 195, 196, 200, 201, 202, 205, 208, 214, 215, 218, 220, 222, 224, 227, 229, 232, 233, 236, 239, 242, 243, 244, 246, 248, 251, 252, 255, 256, 258, 259, 261, 264, 265, 268, 273, 274, 275, 276, 280, 283, 284, 285, 288, 289, 290, 296, 297, 299, 300, 306, 317, 318, 321, 322, 323, 324, 325, 326, 327, 329, 333, 335, 336, 337, 338, 339, 342, 343, 344, 345, 346, 347, 348, 349, 350, 354, 355, 359, 360, 361, 362, 363, 367, 376, 377, 380, 381, 382, 383, 384, 385, 386, 388, 392, 393, 394, 395, 396, 397, 398, 399, 400, 401, 402, 403, 404, 405, 406, 409, 412, 413, 414, 415, 416, 418, 419, 420, 423, 424, 425, 427, 428, 429, 430, 431, 433, 434, 435, 437, 438, 440, 441, 443, 444, 445, 446, 447, 448, 449, 450, 451, 455, 475, 476, 478, 483, 486, 487, 488, 489, 490, 491, 492, 493, 495, 496, 499, 500, 504, 505, 506, 507, 508, 510, 511, 512, 516, 517, 518, 522, 523, 524, 525, 526, 528, 532, 534, 540, 544, 545, 546, 547, 548, 549, 550, 553, 557, 558, 559, 560, 565, 567, 568, 569, 570, 571, 572, 573, 574, 580, 581, 582, 583, 584, 587, 589, 590, 593, 594, 597, 598, 610, 611, 614, 615, 618, 619, 631, 637, 644, 647, 650, 656, 658, 663, 666, 673, 677, 680, 681, 682, 683, 684, 685, 686, 687, 689, 690, 693, 694, 696, 698, 699, 701, 703, 705, 708, 709, 711, 712, 720, 722, 724, 725, 727, 728, 734, 735, 737, 738, 739, 740, 741, 743, 752, 761, 762], "excluded_lines": [], "functions": {"load_contract": {"executed_lines": [], "summary": {"covered_lines": 0, "num_statements": 4, "percent_covered": 0.0, "percent_covered_display": "0", "missing_lines": 4, "excluded_lines": 0}, "missing_lines": [46, 48, 49, 50], "excluded_lines": []}, "convert_pytorch_to_coreml": {"executed_lines": [], "summary": {"covered_lines": 0, "num_statements": 199, "percent_covered": 0.0, "percent_covered_display": "0", "missing_lines": 199, "excluded_lines": 0}, "missing_lines": [83, 84, 87, 88, 95, 96, 97, 101, 102, 103, 108, 109, 110, 111, 113, 114, 116, 121, 124, 125, 126, 127, 128, 129, 130, 131, 133, 134, 137, 138, 141, 146, 147, 148, 149, 150, 151, 153, 158, 161, 162, 164, 166, 167, 168, 169, 172, 173, 176, 177, 178, 182, 183, 184, 188, 189, 193, 194, 195, 196, 200, 201, 202, 205, 208, 214, 215, 218, 220, 222, 224, 227, 229, 232, 233, 236, 239, 242, 243, 244, 246, 248, 251, 252, 255, 256, 258, 259, 261, 264, 265, 268, 273, 274, 275, 276, 280, 283, 284, 285, 288, 289, 290, 296, 297, 299, 300, 306, 317, 318, 321, 322, 323, 324, 325, 326, 327, 329, 333, 335, 336, 337, 338, 339, 342, 343, 344, 345, 346, 347, 348, 349, 350, 354, 355, 359, 360, 361, 362, 363, 367, 376, 377, 380, 381, 382, 383, 384, 385, 386, 388, 392, 393, 394, 395, 396, 397, 398, 399, 400, 401, 402, 403, 404, 405, 406, 409, 412, 413, 414, 415, 416, 418, 419, 420, 423, 424, 425, 427, 428, 429, 430, 431, 433, 434, 435, 437, 438, 440, 441, 443, 444, 445, 446, 447, 448, 449, 450, 451], "excluded_lines": []}, "convert_onnx_to_coreml": {"executed_lines": [], "summary": {"covered_lines": 0, "num_statements": 62, "percent_covered": 0.0, "percent_covered_display": "0", "missing_lines": 62, "excluded_lines": 0}, "missing_lines": [475, 476, 478, 483, 486, 487, 488, 489, 490, 491, 492, 493, 495, 496, 499, 500, 504, 505, 506, 507, 508, 510, 511, 512, 516, 517, 518, 522, 523, 524, 525, 526, 528, 532, 534, 540, 544, 545, 546, 547, 548, 549, 550, 553, 557, 558, 559, 560, 565, 567, 568, 569, 570, 571, 572, 573, 574, 580, 581, 582, 583, 584], "excluded_lines": []}, "create_placeholder": {"executed_lines": [], "summary": {"covered_lines": 0, "num_statements": 10, "percent_covered": 0.0, "percent_covered_display": "0", "missing_lines": 10, "excluded_lines": 0}, "missing_lines": [589, 590, 593, 594, 597, 598, 610, 611, 614, 615], "excluded_lines": []}, "main": {"executed_lines": [], "summary": {"covered_lines": 0, "num_statements": 49, "percent_covered": 0.0, "percent_covered_display": "0", "missing_lines": 49, "excluded_lines": 0}, "missing_lines": [619, 631, 637, 644, 647, 650, 656, 658, 663, 666, 673, 677, 680, 681, 682, 683, 684, 685, 686, 687, 689, 690, 693, 694, 696, 698, 699, 701, 703, 705, 708, 709, 711, 712, 720, 722, 724, 725, 727, 728, 734, 735, 737, 738, 739, 740, 741, 743, 752], "excluded_lines": []}, "": {"executed_lines": [], "summary": {"covered_lines": 0, "num_statements": 24, "percent_covered": 0.0, "percent_covered_display": "0", "missing_lines": 24, "excluded_lines": 0}, "missing_lines": [13, 14, 15, 16, 17, 20, 21, 23, 26, 27, 32, 34, 35, 37, 38, 40, 41, 44, 53, 455, 587, 618, 761, 762], "excluded_lines": []}}, "classes": {"": {"executed_lines": [], "summary": {"covered_lines": 0, "num_statements": 348, "percent_covered": 0.0, "percent_covered_display": "0", "missing_lines": 348, "excluded_lines": 0}, "missing_lines": [13, 14, 15, 16, 17, 20, 21, 23, 26, 27, 32, 34, 35, 37, 38, 40, 41, 44, 46, 48, 49, 50, 53, 83, 84, 87, 88, 95, 96, 97, 101, 102, 103, 108, 109, 110, 111, 113, 114, 116, 121, 124, 125, 126, 127, 128, 129, 130, 131, 133, 134, 137, 138, 141, 146, 147, 148, 149, 150, 151, 153, 158, 161, 162, 164, 166, 167, 168, 169, 172, 173, 176, 177, 178, 182, 183, 184, 188, 189, 193, 194, 195, 196, 200, 201, 202, 205, 208, 214, 215, 218, 220, 222, 224, 227, 229, 232, 233, 236, 239, 242, 243, 244, 246, 248, 251, 252, 255, 256, 258, 259, 261, 264, 265, 268, 273, 274, 275, 276, 280, 283, 284, 285, 288, 289, 290, 296, 297, 299, 300, 306, 317, 318, 321, 322, 323, 324, 325, 326, 327, 329, 333, 335, 336, 337, 338, 339, 342, 343, 344, 345, 346, 347, 348, 349, 350, 354, 355, 359, 360, 361, 362, 363, 367, 376, 377, 380, 381, 382, 383, 384, 385, 386, 388, 392, 393, 394, 395, 396, 397, 398, 399, 400, 401, 402, 403, 404, 405, 406, 409, 412, 413, 414, 415, 416, 418, 419, 420, 423, 424, 425, 427, 428, 429, 430, 431, 433, 434, 435, 437, 438, 440, 441, 443, 444, 445, 446, 447, 448, 449, 450, 451, 455, 475, 476, 478, 483, 486, 487, 488, 489, 490, 491, 492, 493, 495, 496, 499, 500, 504, 505, 506, 507, 508, 510, 511, 512, 516, 517, 518, 522, 523, 524, 525, 526, 528, 532, 534, 540, 544, 545, 546, 547, 548, 549, 550, 553, 557, 558, 559, 560, 565, 567, 568, 569, 570, 571, 572, 573, 574, 580, 581, 582, 583, 584, 587, 589, 590, 593, 594, 597, 598, 610, 611, 614, 615, 618, 619, 631, 637, 644, 647, 650, 656, 658, 663, 666, 673, 677, 680, 681, 682, 683, 684, 685, 686, 687, 689, 690, 693, 694, 696, 698, 699, 701, 703, 705, 708, 709, 711, 712, 720, 722, 724, 725, 727, 728, 734, 735, 737, 738, 739, 740, 741, 743, 752, 761, 762], "excluded_lines": []}}}, "conversion/export_onnx.py": {"executed_lines": [], "summary": {"covered_lines": 0, "num_statements": 73, "percent_covered": 0.0, "percent_covered_display": "0", "missing_lines": 73, "excluded_lines": 0}, "missing_lines": [4, 5, 6, 7, 8, 9, 11, 14, 17, 18, 19, 20, 21, 22, 24, 32, 33, 34, 35, 36, 37, 38, 40, 41, 43, 45, 47, 50, 51, 52, 53, 56, 57, 65, 66, 67, 68, 70, 74, 76, 78, 79, 80, 82, 83, 85, 88, 89, 90, 91, 92, 102, 105, 106, 107, 113, 115, 116, 118, 120, 124, 127, 130, 131, 132, 135, 136, 137, 139, 140, 154, 157, 158], "excluded_lines": [], "functions": {"DecodeWrapper.__init__": {"executed_lines": [], "summary": {"covered_lines": 0, "num_statements": 5, "percent_covered": 0.0, "percent_covered_display": "0", "missing_lines": 5, "excluded_lines": 0}, "missing_lines": [18, 19, 20, 21, 22], "excluded_lines": []}, "DecodeWrapper.forward": {"executed_lines": [], "summary": {"covered_lines": 0, "num_statements": 16, "percent_covered": 0.0, "percent_covered_display": "0", "missing_lines": 16, "excluded_lines": 0}, "missing_lines": [32, 33, 34, 35, 36, 37, 38, 40, 41, 43, 45, 47, 50, 51, 52, 53], "excluded_lines": []}, "main": {"executed_lines": [], "summary": {"covered_lines": 0, "num_statements": 38, "percent_covered": 0.0, "percent_covered_display": "0", "missing_lines": 38, "excluded_lines": 0}, "missing_lines": [65, 66, 67, 68, 70, 74, 76, 78, 79, 80, 82, 83, 85, 88, 89, 90, 91, 92, 102, 105, 106, 107, 113, 115, 116, 118, 120, 124, 127, 130, 131, 132, 135, 136, 137, 139, 140, 154], "excluded_lines": []}, "": {"executed_lines": [], "summary": {"covered_lines": 0, "num_statements": 14, "percent_covered": 0.0, "percent_covered_display": "0", "missing_lines": 14, "excluded_lines": 0}, "missing_lines": [4, 5, 6, 7, 8, 9, 11, 14, 17, 24, 56, 57, 157, 158], "excluded_lines": []}}, "classes": {"DecodeWrapper": {"executed_lines": [], "summary": {"covered_lines": 0, "num_statements": 21, "percent_covered": 0.0, "percent_covered_display": "0", "missing_lines": 21, "excluded_lines": 0}, "missing_lines": [18, 19, 20, 21, 22, 32, 33, 34, 35, 36, 37, 38, 40, 41, 43, 45, 47, 50, 51, 52, 53], "excluded_lines": []}, "": {"executed_lines": [], "summary": {"covered_lines": 0, "num_statements": 52, "percent_covered": 0.0, "percent_covered_display": "0", "missing_lines": 52, "excluded_lines": 0}, "missing_lines": [4, 5, 6, 7, 8, 9, 11, 14, 17, 24, 56, 57, 65, 66, 67, 68, 70, 74, 76, 78, 79, 80, 82, 83, 85, 88, 89, 90, 91, 92, 102, 105, 106, 107, 113, 115, 116, 118, 120, 124, 127, 130, 131, 132, 135, 136, 137, 139, 140, 154, 157, 158], "excluded_lines": []}}}, "conversion/export_pytorch.py": {"executed_lines": [], "summary": {"covered_lines": 0, "num_statements": 153, "percent_covered": 0.0, "percent_covered_display": "0", "missing_lines": 153, "excluded_lines": 0}, "missing_lines": [10, 11, 12, 13, 15, 16, 18, 19, 22, 25, 26, 27, 29, 30, 34, 35, 37, 40, 43, 44, 45, 47, 54, 55, 56, 57, 58, 59, 60, 61, 63, 64, 66, 68, 70, 77, 79, 81, 82, 83, 84, 87, 89, 90, 91, 92, 95, 99, 100, 102, 105, 106, 112, 113, 114, 117, 120, 121, 124, 135, 136, 137, 138, 140, 143, 145, 146, 149, 150, 151, 152, 154, 155, 157, 158, 160, 162, 163, 164, 167, 171, 173, 174, 176, 178, 192, 193, 208, 209, 210, 211, 213, 216, 217, 218, 220, 221, 227, 230, 237, 240, 243, 244, 245, 246, 247, 248, 249, 250, 252, 255, 256, 258, 261, 262, 265, 266, 271, 272, 274, 275, 281, 283, 296, 309, 311, 312, 313, 318, 331, 332, 334, 335, 337, 339, 343, 344, 345, 346, 352, 354, 355, 358, 359, 360, 361, 362, 366, 367, 368, 371, 374, 375], "excluded_lines": [], "functions": {"PrefillWrapper.__init__": {"executed_lines": [], "summary": {"covered_lines": 0, "num_statements": 2, "percent_covered": 0.0, "percent_covered_display": "0", "missing_lines": 2, "excluded_lines": 0}, "missing_lines": [26, 27], "excluded_lines": []}, "PrefillWrapper.forward": {"executed_lines": [], "summary": {"covered_lines": 0, "num_statements": 4, "percent_covered": 0.0, "percent_covered_display": "0", "missing_lines": 4, "excluded_lines": 0}, "missing_lines": [30, 34, 35, 37], "excluded_lines": []}, "DecodeWrapper.__init__": {"executed_lines": [], "summary": {"covered_lines": 0, "num_statements": 2, "percent_covered": 0.0, "percent_covered_display": "0", "missing_lines": 2, "excluded_lines": 0}, "missing_lines": [44, 45], "excluded_lines": []}, "DecodeWrapper.forward": {"executed_lines": [], "summary": {"covered_lines": 0, "num_statements": 24, "percent_covered": 0.0, "percent_covered_display": "0", "missing_lines": 24, "excluded_lines": 0}, "missing_lines": [54, 55, 56, 57, 58, 59, 60, 61, 63, 64, 66, 68, 70, 77, 79, 81, 82, 83, 84, 87, 89, 90, 91, 92], "excluded_lines": []}, "export_prefill": {"executed_lines": [], "summary": {"covered_lines": 0, "num_statements": 17, "percent_covered": 0.0, "percent_covered_display": "0", "missing_lines": 17, "excluded_lines": 0}, "missing_lines": [99, 100, 102, 105, 106, 112, 113, 114, 117, 120, 121, 124, 135, 136, 137, 138, 140], "excluded_lines": []}, "export_decode": {"executed_lines": [], "summary": {"covered_lines": 0, "num_statements": 27, "percent_covered": 0.0, "percent_covered_display": "0", "missing_lines": 27, "excluded_lines": 0}, "missing_lines": [145, 146, 149, 150, 151, 152, 154, 155, 157, 158, 160, 162, 163, 164, 167, 171, 173, 174, 176, 178, 192, 193, 208, 209, 210, 211, 213], "excluded_lines": []}, "main": {"executed_lines": [], "summary": {"covered_lines": 0, "num_statements": 58, "percent_covered": 0.0, "percent_covered_display": "0", "missing_lines": 58, "excluded_lines": 0}, "missing_lines": [217, 218, 220, 221, 227, 230, 237, 240, 243, 244, 245, 246, 247, 248, 249, 250, 252, 255, 256, 258, 261, 262, 265, 266, 271, 272, 274, 275, 281, 283, 296, 309, 311, 312, 313, 318, 331, 332, 334, 335, 337, 339, 343, 344, 345, 346, 352, 354, 355, 358, 359, 360, 361, 362, 366, 367, 368, 371], "excluded_lines": []}, "": {"executed_lines": [], "summary": {"covered_lines": 0, "num_statements": 19, "percent_covered": 0.0, "percent_covered_display": "0", "missing_lines": 19, "excluded_lines": 0}, "missing_lines": [10, 11, 12, 13, 15, 16, 18, 19, 22, 25, 29, 40, 43, 47, 95, 143, 216, 374, 375], "excluded_lines": []}}, "classes": {"PrefillWrapper": {"executed_lines": [], "summary": {"covered_lines": 0, "num_statements": 6, "percent_covered": 0.0, "percent_covered_display": "0", "missing_lines": 6, "excluded_lines": 0}, "missing_lines": [26, 27, 30, 34, 35, 37], "excluded_lines": []}, "DecodeWrapper": {"executed_lines": [], "summary": {"covered_lines": 0, "num_statements": 26, "percent_covered": 0.0, "percent_covered_display": "0", "missing_lines": 26, "excluded_lines": 0}, "missing_lines": [44, 45, 54, 55, 56, 57, 58, 59, 60, 61, 63, 64, 66, 68, 70, 77, 79, 81, 82, 83, 84, 87, 89, 90, 91, 92], "excluded_lines": []}, "": {"executed_lines": [], "summary": {"covered_lines": 0, "num_statements": 121, "percent_covered": 0.0, "percent_covered_display": "0", "missing_lines": 121, "excluded_lines": 0}, "missing_lines": [10, 11, 12, 13, 15, 16, 18, 19, 22, 25, 29, 40, 43, 47, 95, 99, 100, 102, 105, 106, 112, 113, 114, 117, 120, 121, 124, 135, 136, 137, 138, 140, 143, 145, 146, 149, 150, 151, 152, 154, 155, 157, 158, 160, 162, 163, 164, 167, 171, 173, 174, 176, 178, 192, 193, 208, 209, 210, 211, 213, 216, 217, 218, 220, 221, 227, 230, 237, 240, 243, 244, 245, 246, 247, 248, 249, 250, 252, 255, 256, 258, 261, 262, 265, 266, 271, 272, 274, 275, 281, 283, 296, 309, 311, 312, 313, 318, 331, 332, 334, 335, 337, 339, 343, 344, 345, 346, 352, 354, 355, 358, 359, 360, 361, 362, 366, 367, 368, 371, 374, 375], "excluded_lines": []}}}, "conversion/judge_export_coreml.py": {"executed_lines": [], "summary": {"covered_lines": 0, "num_statements": 36, "percent_covered": 0.0, "percent_covered_display": "0", "missing_lines": 36, "excluded_lines": 0}, "missing_lines": [5, 6, 7, 10, 11, 12, 14, 16, 19, 20, 46, 47, 48, 49, 51, 53, 55, 56, 61, 62, 64, 67, 69, 70, 78, 79, 82, 84, 86, 87, 89, 90, 92, 93, 96, 97], "excluded_lines": [], "functions": {"main": {"executed_lines": [], "summary": {"covered_lines": 0, "num_statements": 24, "percent_covered": 0.0, "percent_covered_display": "0", "missing_lines": 24, "excluded_lines": 0}, "missing_lines": [46, 47, 48, 49, 51, 53, 55, 56, 61, 62, 64, 67, 69, 70, 78, 79, 82, 84, 86, 87, 89, 90, 92, 93], "excluded_lines": []}, "": {"executed_lines": [], "summary": {"covered_lines": 0, "num_statements": 12, "percent_covered": 0.0, "percent_covered_display": "0", "missing_lines": 12, "excluded_lines": 0}, "missing_lines": [5, 6, 7, 10, 11, 12, 14, 16, 19, 20, 96, 97], "excluded_lines": []}}, "classes": {"": {"executed_lines": [], "summary": {"covered_lines": 0, "num_statements": 36, "percent_covered": 0.0, "percent_covered_display": "0", "missing_lines": 36, "excluded_lines": 0}, "missing_lines": [5, 6, 7, 10, 11, 12, 14, 16, 19, 20, 46, 47, 48, 49, 51, 53, 55, 56, 61, 62, 64, 67, 69, 70, 78, 79, 82, 84, 86, 87, 89, 90, 92, 93, 96, 97], "excluded_lines": []}}}, "conversion/judge_export_onnx.py": {"executed_lines": [], "summary": {"covered_lines": 0, "num_statements": 43, "percent_covered": 0.0, "percent_covered_display": "0", "missing_lines": 43, "excluded_lines": 0}, "missing_lines": [5, 6, 7, 8, 9, 10, 12, 13, 14, 15, 17, 20, 22, 23, 25, 26, 27, 29, 30, 32, 35, 47, 50, 51, 59, 60, 61, 70, 71, 72, 73, 74, 76, 78, 79, 81, 83, 84, 85, 86, 96, 99, 100], "excluded_lines": [], "functions": {"load_judge_config": {"executed_lines": [], "summary": {"covered_lines": 0, "num_statements": 10, "percent_covered": 0.0, "percent_covered_display": "0", "missing_lines": 10, "excluded_lines": 0}, "missing_lines": [22, 23, 25, 26, 27, 29, 30, 32, 35, 47], "excluded_lines": []}, "main": {"executed_lines": [], "summary": {"covered_lines": 0, "num_statements": 17, "percent_covered": 0.0, "percent_covered_display": "0", "missing_lines": 17, "excluded_lines": 0}, "missing_lines": [59, 60, 61, 70, 71, 72, 73, 74, 76, 78, 79, 81, 83, 84, 85, 86, 96], "excluded_lines": []}, "": {"executed_lines": [], "summary": {"covered_lines": 0, "num_statements": 16, "percent_covered": 0.0, "percent_covered_display": "0", "missing_lines": 16, "excluded_lines": 0}, "missing_lines": [5, 6, 7, 8, 9, 10, 12, 13, 14, 15, 17, 20, 50, 51, 99, 100], "excluded_lines": []}}, "classes": {"": {"executed_lines": [], "summary": {"covered_lines": 0, "num_statements": 43, "percent_covered": 0.0, "percent_covered_display": "0", "missing_lines": 43, "excluded_lines": 0}, "missing_lines": [5, 6, 7, 8, 9, 10, 12, 13, 14, 15, 17, 20, 22, 23, 25, 26, 27, 29, 30, 32, 35, 47, 50, 51, 59, 60, 61, 70, 71, 72, 73, 74, 76, 78, 79, 81, 83, 84, 85, 86, 96, 99, 100], "excluded_lines": []}}}, "conversion/make_toy_block.py": {"executed_lines": [], "summary": {"covered_lines": 0, "num_statements": 74, "percent_covered": 0.0, "percent_covered_display": "0", "missing_lines": 74, "excluded_lines": 0}, "missing_lines": [11, 12, 14, 15, 16, 17, 20, 21, 22, 23, 24, 26, 27, 28, 31, 32, 33, 34, 35, 36, 38, 39, 40, 41, 44, 55, 56, 57, 58, 59, 61, 62, 63, 64, 66, 68, 70, 72, 74, 78, 79, 80, 81, 83, 84, 87, 90, 91, 92, 93, 94, 95, 97, 98, 99, 100, 103, 104, 105, 106, 108, 109, 112, 114, 115, 118, 122, 123, 124, 127, 128, 129, 134, 135], "excluded_lines": [], "functions": {"RMSNorm.__init__": {"executed_lines": [], "summary": {"covered_lines": 0, "num_statements": 3, "percent_covered": 0.0, "percent_covered_display": "0", "missing_lines": 3, "excluded_lines": 0}, "missing_lines": [22, 23, 24], "excluded_lines": []}, "RMSNorm.forward": {"executed_lines": [], "summary": {"covered_lines": 0, "num_statements": 2, "percent_covered": 0.0, "percent_covered_display": "0", "missing_lines": 2, "excluded_lines": 0}, "missing_lines": [27, 28], "excluded_lines": []}, "SwiGLU.__init__": {"executed_lines": [], "summary": {"covered_lines": 0, "num_statements": 4, "percent_covered": 0.0, "percent_covered_display": "0", "missing_lines": 4, "excluded_lines": 0}, "missing_lines": [33, 34, 35, 36], "excluded_lines": []}, "SwiGLU.forward": {"executed_lines": [], "summary": {"covered_lines": 0, "num_statements": 3, "percent_covered": 0.0, "percent_covered_display": "0", "missing_lines": 3, "excluded_lines": 0}, "missing_lines": [39, 40, 41], "excluded_lines": []}, "MultiHeadAttention.__init__": {"executed_lines": [], "summary": {"covered_lines": 0, "num_statements": 8, "percent_covered": 0.0, "percent_covered_display": "0", "missing_lines": 8, "excluded_lines": 0}, "missing_lines": [56, 57, 58, 59, 61, 62, 63, 64], "excluded_lines": []}, "MultiHeadAttention.forward": {"executed_lines": [], "summary": {"covered_lines": 0, "num_statements": 10, "percent_covered": 0.0, "percent_covered_display": "0", "missing_lines": 10, "excluded_lines": 0}, "missing_lines": [68, 70, 72, 74, 78, 79, 80, 81, 83, 84], "excluded_lines": []}, "TransformerBlock.__init__": {"executed_lines": [], "summary": {"covered_lines": 0, "num_statements": 5, "percent_covered": 0.0, "percent_covered_display": "0", "missing_lines": 5, "excluded_lines": 0}, "missing_lines": [91, 92, 93, 94, 95], "excluded_lines": []}, "TransformerBlock.forward": {"executed_lines": [], "summary": {"covered_lines": 0, "num_statements": 3, "percent_covered": 0.0, "percent_covered_display": "0", "missing_lines": 3, "excluded_lines": 0}, "missing_lines": [98, 99, 100], "excluded_lines": []}, "main": {"executed_lines": [], "summary": {"covered_lines": 0, "num_statements": 15, "percent_covered": 0.0, "percent_covered_display": "0", "missing_lines": 15, "excluded_lines": 0}, "missing_lines": [104, 105, 106, 108, 109, 112, 114, 115, 118, 122, 123, 124, 127, 128, 129], "excluded_lines": []}, "": {"executed_lines": [], "summary": {"covered_lines": 0, "num_statements": 21, "percent_covered": 0.0, "percent_covered_display": "0", "missing_lines": 21, "excluded_lines": 0}, "missing_lines": [11, 12, 14, 15, 16, 17, 20, 21, 26, 31, 32, 38, 44, 55, 66, 87, 90, 97, 103, 134, 135], "excluded_lines": []}}, "classes": {"RMSNorm": {"executed_lines": [], "summary": {"covered_lines": 0, "num_statements": 5, "percent_covered": 0.0, "percent_covered_display": "0", "missing_lines": 5, "excluded_lines": 0}, "missing_lines": [22, 23, 24, 27, 28], "excluded_lines": []}, "SwiGLU": {"executed_lines": [], "summary": {"covered_lines": 0, "num_statements": 7, "percent_covered": 0.0, "percent_covered_display": "0", "missing_lines": 7, "excluded_lines": 0}, "missing_lines": [33, 34, 35, 36, 39, 40, 41], "excluded_lines": []}, "MultiHeadAttention": {"executed_lines": [], "summary": {"covered_lines": 0, "num_statements": 18, "percent_covered": 0.0, "percent_covered_display": "0", "missing_lines": 18, "excluded_lines": 0}, "missing_lines": [56, 57, 58, 59, 61, 62, 63, 64, 68, 70, 72, 74, 78, 79, 80, 81, 83, 84], "excluded_lines": []}, "TransformerBlock": {"executed_lines": [], "summary": {"covered_lines": 0, "num_statements": 8, "percent_covered": 0.0, "percent_covered_display": "0", "missing_lines": 8, "excluded_lines": 0}, "missing_lines": [91, 92, 93, 94, 95, 98, 99, 100], "excluded_lines": []}, "": {"executed_lines": [], "summary": {"covered_lines": 0, "num_statements": 36, "percent_covered": 0.0, "percent_covered_display": "0", "missing_lines": 36, "excluded_lines": 0}, "missing_lines": [11, 12, 14, 15, 16, 17, 20, 21, 26, 31, 32, 38, 44, 55, 66, 87, 90, 97, 103, 104, 105, 106, 108, 109, 112, 114, 115, 118, 122, 123, 124, 127, 128, 129, 134, 135], "excluded_lines": []}}}, "conversion/make_toy_onnx.py": {"executed_lines": [], "summary": {"covered_lines": 0, "num_statements": 35, "percent_covered": 0.0, "percent_covered_display": "0", "missing_lines": 35, "excluded_lines": 0}, "missing_lines": [10, 11, 13, 14, 15, 18, 19, 20, 21, 22, 23, 24, 26, 29, 30, 35, 36, 37, 40, 41, 42, 54, 55, 56, 57, 59, 60, 63, 65, 73, 75, 76, 77, 80, 81], "excluded_lines": [], "functions": {"main": {"executed_lines": [], "summary": {"covered_lines": 0, "num_statements": 27, "percent_covered": 0.0, "percent_covered_display": "0", "missing_lines": 27, "excluded_lines": 0}, "missing_lines": [19, 20, 21, 22, 23, 24, 26, 29, 30, 35, 36, 37, 40, 41, 42, 54, 55, 56, 57, 59, 60, 63, 65, 73, 75, 76, 77], "excluded_lines": []}, "": {"executed_lines": [], "summary": {"covered_lines": 0, "num_statements": 8, "percent_covered": 0.0, "percent_covered_display": "0", "missing_lines": 8, "excluded_lines": 0}, "missing_lines": [10, 11, 13, 14, 15, 18, 80, 81], "excluded_lines": []}}, "classes": {"": {"executed_lines": [], "summary": {"covered_lines": 0, "num_statements": 35, "percent_covered": 0.0, "percent_covered_display": "0", "missing_lines": 35, "excluded_lines": 0}, "missing_lines": [10, 11, 13, 14, 15, 18, 19, 20, 21, 22, 23, 24, 26, 29, 30, 35, 36, 37, 40, 41, 42, 54, 55, 56, 57, 59, 60, 63, 65, 73, 75, 76, 77, 80, 81], "excluded_lines": []}}}, "conversion/make_toy_torch.py": {"executed_lines": [], "summary": {"covered_lines": 0, "num_statements": 55, "percent_covered": 0.0, "percent_covered_display": "0", "missing_lines": 55, "excluded_lines": 0}, "missing_lines": [10, 11, 13, 14, 17, 18, 19, 20, 21, 23, 24, 25, 28, 29, 30, 31, 32, 33, 35, 36, 37, 38, 41, 44, 45, 46, 47, 48, 49, 50, 52, 54, 55, 56, 57, 58, 59, 62, 63, 64, 65, 66, 67, 70, 72, 73, 76, 79, 80, 81, 84, 85, 86, 91, 92], "excluded_lines": [], "functions": {"RMSNorm.__init__": {"executed_lines": [], "summary": {"covered_lines": 0, "num_statements": 3, "percent_covered": 0.0, "percent_covered_display": "0", "missing_lines": 3, "excluded_lines": 0}, "missing_lines": [19, 20, 21], "excluded_lines": []}, "RMSNorm.forward": {"executed_lines": [], "summary": {"covered_lines": 0, "num_statements": 2, "percent_covered": 0.0, "percent_covered_display": "0", "missing_lines": 2, "excluded_lines": 0}, "missing_lines": [24, 25], "excluded_lines": []}, "SwiGLU.__init__": {"executed_lines": [], "summary": {"covered_lines": 0, "num_statements": 4, "percent_covered": 0.0, "percent_covered_display": "0", "missing_lines": 4, "excluded_lines": 0}, "missing_lines": [30, 31, 32, 33], "excluded_lines": []}, "SwiGLU.forward": {"executed_lines": [], "summary": {"covered_lines": 0, "num_statements": 3, "percent_covered": 0.0, "percent_covered_display": "0", "missing_lines": 3, "excluded_lines": 0}, "missing_lines": [36, 37, 38], "excluded_lines": []}, "ToyTransformer.__init__": {"executed_lines": [], "summary": {"covered_lines": 0, "num_statements": 6, "percent_covered": 0.0, "percent_covered_display": "0", "missing_lines": 6, "excluded_lines": 0}, "missing_lines": [45, 46, 47, 48, 49, 50], "excluded_lines": []}, "ToyTransformer.forward": {"executed_lines": [], "summary": {"covered_lines": 0, "num_statements": 6, "percent_covered": 0.0, "percent_covered_display": "0", "missing_lines": 6, "excluded_lines": 0}, "missing_lines": [54, 55, 56, 57, 58, 59], "excluded_lines": []}, "main": {"executed_lines": [], "summary": {"covered_lines": 0, "num_statements": 15, "percent_covered": 0.0, "percent_covered_display": "0", "missing_lines": 15, "excluded_lines": 0}, "missing_lines": [63, 64, 65, 66, 67, 70, 72, 73, 76, 79, 80, 81, 84, 85, 86], "excluded_lines": []}, "": {"executed_lines": [], "summary": {"covered_lines": 0, "num_statements": 16, "percent_covered": 0.0, "percent_covered_display": "0", "missing_lines": 16, "excluded_lines": 0}, "missing_lines": [10, 11, 13, 14, 17, 18, 23, 28, 29, 35, 41, 44, 52, 62, 91, 92], "excluded_lines": []}}, "classes": {"RMSNorm": {"executed_lines": [], "summary": {"covered_lines": 0, "num_statements": 5, "percent_covered": 0.0, "percent_covered_display": "0", "missing_lines": 5, "excluded_lines": 0}, "missing_lines": [19, 20, 21, 24, 25], "excluded_lines": []}, "SwiGLU": {"executed_lines": [], "summary": {"covered_lines": 0, "num_statements": 7, "percent_covered": 0.0, "percent_covered_display": "0", "missing_lines": 7, "excluded_lines": 0}, "missing_lines": [30, 31, 32, 33, 36, 37, 38], "excluded_lines": []}, "ToyTransformer": {"executed_lines": [], "summary": {"covered_lines": 0, "num_statements": 12, "percent_covered": 0.0, "percent_covered_display": "0", "missing_lines": 12, "excluded_lines": 0}, "missing_lines": [45, 46, 47, 48, 49, 50, 54, 55, 56, 57, 58, 59], "excluded_lines": []}, "": {"executed_lines": [], "summary": {"covered_lines": 0, "num_statements": 31, "percent_covered": 0.0, "percent_covered_display": "0", "missing_lines": 31, "excluded_lines": 0}, "missing_lines": [10, 11, 13, 14, 17, 18, 23, 28, 29, 35, 41, 44, 52, 62, 63, 64, 65, 66, 67, 70, 72, 73, 76, 79, 80, 81, 84, 85, 86, 91, 92], "excluded_lines": []}}}, "conversion/onnx_surgery.py": {"executed_lines": [], "summary": {"covered_lines": 0, "num_statements": 116, "percent_covered": 0.0, "percent_covered_display": "0", "missing_lines": 116, "excluded_lines": 2}, "missing_lines": [13, 14, 15, 17, 18, 20, 21, 26, 27, 28, 29, 30, 33, 34, 35, 36, 37, 40, 47, 48, 49, 51, 52, 55, 56, 57, 58, 61, 62, 63, 64, 65, 66, 69, 70, 74, 77, 78, 80, 81, 82, 83, 84, 87, 89, 92, 93, 94, 98, 101, 104, 107, 110, 112, 113, 114, 116, 119, 120, 122, 125, 126, 129, 132, 136, 137, 141, 142, 143, 146, 147, 148, 149, 150, 151, 152, 153, 154, 155, 157, 159, 160, 161, 162, 165, 166, 167, 168, 169, 170, 173, 174, 175, 176, 177, 178, 179, 181, 182, 184, 185, 186, 187, 188, 190, 191, 192, 193, 194, 195, 196, 198, 199, 200, 203, 204], "excluded_lines": [22, 23], "functions": {"force_input_dtype": {"executed_lines": [], "summary": {"covered_lines": 0, "num_statements": 4, "percent_covered": 0.0, "percent_covered_display": "0", "missing_lines": 4, "excluded_lines": 0}, "missing_lines": [27, 28, 29, 30], "excluded_lines": []}, "force_output_dtype": {"executed_lines": [], "summary": {"covered_lines": 0, "num_statements": 4, "percent_covered": 0.0, "percent_covered_display": "0", "missing_lines": 4, "excluded_lines": 0}, "missing_lines": [34, 35, 36, 37], "excluded_lines": []}, "strip_redundant_casts": {"executed_lines": [], "summary": {"covered_lines": 0, "num_statements": 51, "percent_covered": 0.0, "percent_covered_display": "0", "missing_lines": 51, "excluded_lines": 0}, "missing_lines": [47, 48, 49, 51, 52, 55, 56, 57, 58, 61, 62, 63, 64, 65, 66, 69, 70, 74, 77, 78, 80, 81, 82, 83, 84, 87, 89, 92, 93, 94, 98, 101, 104, 107, 110, 112, 113, 114, 116, 119, 120, 122, 125, 126, 129, 132, 136, 137, 141, 142, 143], "excluded_lines": []}, "cast_int64_initializers": {"executed_lines": [], "summary": {"covered_lines": 0, "num_statements": 14, "percent_covered": 0.0, "percent_covered_display": "0", "missing_lines": 14, "excluded_lines": 0}, "missing_lines": [147, 148, 149, 150, 151, 152, 153, 154, 155, 157, 159, 160, 161, 162], "excluded_lines": []}, "run": {"executed_lines": [], "summary": {"covered_lines": 0, "num_statements": 5, "percent_covered": 0.0, "percent_covered_display": "0", "missing_lines": 5, "excluded_lines": 0}, "missing_lines": [166, 167, 168, 169, 170], "excluded_lines": []}, "main": {"executed_lines": [], "summary": {"covered_lines": 0, "num_statements": 23, "percent_covered": 0.0, "percent_covered_display": "0", "missing_lines": 23, "excluded_lines": 0}, "missing_lines": [174, 175, 176, 177, 178, 179, 181, 182, 184, 185, 186, 187, 188, 190, 191, 192, 193, 194, 195, 196, 198, 199, 200], "excluded_lines": []}, "": {"executed_lines": [], "summary": {"covered_lines": 0, "num_statements": 15, "percent_covered": 0.0, "percent_covered_display": "0", "missing_lines": 15, "excluded_lines": 2}, "missing_lines": [13, 14, 15, 17, 18, 20, 21, 26, 33, 40, 146, 165, 173, 203, 204], "excluded_lines": [22, 23]}}, "classes": {"": {"executed_lines": [], "summary": {"covered_lines": 0, "num_statements": 116, "percent_covered": 0.0, "percent_covered_display": "0", "missing_lines": 116, "excluded_lines": 2}, "missing_lines": [13, 14, 15, 17, 18, 20, 21, 26, 27, 28, 29, 30, 33, 34, 35, 36, 37, 40, 47, 48, 49, 51, 52, 55, 56, 57, 58, 61, 62, 63, 64, 65, 66, 69, 70, 74, 77, 78, 80, 81, 82, 83, 84, 87, 89, 92, 93, 94, 98, 101, 104, 107, 110, 112, 113, 114, 116, 119, 120, 122, 125, 126, 129, 132, 136, 137, 141, 142, 143, 146, 147, 148, 149, 150, 151, 152, 153, 154, 155, 157, 159, 160, 161, 162, 165, 166, 167, 168, 169, 170, 173, 174, 175, 176, 177, 178, 179, 181, 182, 184, 185, 186, 187, 188, 190, 191, 192, 193, 194, 195, 196, 198, 199, 200, 203, 204], "excluded_lines": [22, 23]}}}, "conversion/shape_validator.py": {"executed_lines": [], "summary": {"covered_lines": 0, "num_statements": 60, "percent_covered": 0.0, "percent_covered_display": "0", "missing_lines": 60, "excluded_lines": 0}, "missing_lines": [8, 9, 12, 33, 34, 36, 39, 40, 43, 44, 46, 48, 49, 51, 52, 60, 61, 68, 70, 71, 77, 78, 86, 113, 114, 123, 124, 126, 127, 136, 137, 138, 139, 141, 142, 143, 145, 154, 161, 164, 171, 174, 185, 187, 188, 191, 192, 195, 198, 211, 213, 214, 216, 217, 220, 223, 224, 225, 227, 228], "excluded_lines": [], "functions": {"validate_shape_with_model": {"executed_lines": [], "summary": {"covered_lines": 0, "num_statements": 19, "percent_covered": 0.0, "percent_covered_display": "0", "missing_lines": 19, "excluded_lines": 0}, "missing_lines": [33, 34, 36, 39, 40, 43, 44, 46, 48, 49, 51, 52, 60, 61, 68, 70, 71, 77, 78], "excluded_lines": []}, "validate_enumerated_shapes": {"executed_lines": [], "summary": {"covered_lines": 0, "num_statements": 14, "percent_covered": 0.0, "percent_covered_display": "0", "missing_lines": 14, "excluded_lines": 0}, "missing_lines": [113, 114, 123, 124, 126, 127, 136, 137, 138, 139, 141, 142, 143, 145], "excluded_lines": []}, "get_production_shapes": {"executed_lines": [], "summary": {"covered_lines": 0, "num_statements": 1, "percent_covered": 0.0, "percent_covered_display": "0", "missing_lines": 1, "excluded_lines": 0}, "missing_lines": [161], "excluded_lines": []}, "get_toy_shapes": {"executed_lines": [], "summary": {"covered_lines": 0, "num_statements": 1, "percent_covered": 0.0, "percent_covered_display": "0", "missing_lines": 1, "excluded_lines": 0}, "missing_lines": [171], "excluded_lines": []}, "get_primary_shape": {"executed_lines": [], "summary": {"covered_lines": 0, "num_statements": 6, "percent_covered": 0.0, "percent_covered_display": "0", "missing_lines": 6, "excluded_lines": 0}, "missing_lines": [185, 187, 188, 191, 192, 195], "excluded_lines": []}, "check_shape_validation_results": {"executed_lines": [], "summary": {"covered_lines": 0, "num_statements": 11, "percent_covered": 0.0, "percent_covered_display": "0", "missing_lines": 11, "excluded_lines": 0}, "missing_lines": [211, 213, 214, 216, 217, 220, 223, 224, 225, 227, 228], "excluded_lines": []}, "": {"executed_lines": [], "summary": {"covered_lines": 0, "num_statements": 8, "percent_covered": 0.0, "percent_covered_display": "0", "missing_lines": 8, "excluded_lines": 0}, "missing_lines": [8, 9, 12, 86, 154, 164, 174, 198], "excluded_lines": []}}, "classes": {"": {"executed_lines": [], "summary": {"covered_lines": 0, "num_statements": 60, "percent_covered": 0.0, "percent_covered_display": "0", "missing_lines": 60, "excluded_lines": 0}, "missing_lines": [8, 9, 12, 33, 34, 36, 39, 40, 43, 44, 46, 48, 49, 51, 52, 60, 61, 68, 70, 71, 77, 78, 86, 113, 114, 123, 124, 126, 127, 136, 137, 138, 139, 141, 142, 143, 145, 154, 161, 164, 171, 174, 185, 187, 188, 191, 192, 195, 198, 211, 213, 214, 216, 217, 220, 223, 224, 225, 227, 228], "excluded_lines": []}}}, "conversion/validators.py": {"executed_lines": [], "summary": {"covered_lines": 0, "num_statements": 0, "percent_covered": 100.0, "percent_covered_display": "100", "missing_lines": 0, "excluded_lines": 0}, "missing_lines": [], "excluded_lines": [], "functions": {"": {"executed_lines": [], "summary": {"covered_lines": 0, "num_statements": 0, "percent_covered": 100.0, "percent_covered_display": "100", "missing_lines": 0, "excluded_lines": 0}, "missing_lines": [], "excluded_lines": []}}, "classes": {"": {"executed_lines": [], "summary": {"covered_lines": 0, "num_statements": 0, "percent_covered": 100.0, "percent_covered_display": "100", "missing_lines": 0, "excluded_lines": 0}, "missing_lines": [], "excluded_lines": []}}}, "evaluation/8ball_eval.py": {"executed_lines": [2, 11, 12, 13, 14, 15, 16, 17, 20, 21, 25, 26, 31, 55, 56, 57, 61, 66, 70, 71, 72, 74, 75, 76, 77, 78, 79, 81, 83, 86, 87, 88, 89, 95, 96, 97, 98, 100, 103, 104, 105, 107, 108, 109, 110, 111, 113, 114, 115, 116, 117, 119, 122, 123, 124, 128, 129, 130, 131, 132, 134, 137, 138, 139, 140, 141, 142, 146, 149, 150, 153, 154, 158, 159, 160, 162, 163, 164, 166, 169, 170, 174, 175, 176, 179, 180, 181, 182, 185, 186, 188, 189, 190, 192, 209, 221, 223, 225, 226, 229, 233, 236, 237, 240, 241, 247, 248, 250, 251, 258, 259, 260, 261, 269, 270, 278, 279, 281, 284, 285, 286, 287, 288, 289, 290, 291, 293, 294, 296, 297, 301, 304, 306, 311, 312, 317, 319, 325, 326, 327, 329, 330, 333, 336, 337, 339, 345, 346, 347, 349, 350, 354, 356, 357, 370, 374, 376, 377, 389, 390, 391, 393, 394, 401, 402, 408, 411, 412, 413, 415, 417, 427, 430, 442, 444, 446, 447, 450, 454, 457, 461, 462, 468, 469, 471, 472, 478, 479, 480, 481, 482, 485, 487, 490, 491, 497, 499, 500, 503, 504, 506, 512, 513, 515, 516, 519, 520, 523, 526, 527, 528, 531, 532, 533, 536, 538, 548, 549, 550, 551, 554, 557, 558, 560, 562, 563, 564, 566, 572, 576, 577, 578, 583, 584, 587, 588, 589, 590, 591, 592, 594, 601, 602, 605, 606, 607, 608, 609, 610, 613, 616, 617, 619, 627, 629, 630, 632, 638, 641, 645, 646, 649, 651, 652, 664, 665, 666, 669, 672, 674, 676, 677, 680, 681, 684, 685, 686, 687, 690, 692, 693, 697, 698, 700, 704, 705, 706, 707, 708, 710, 711, 713, 717, 730, 731, 733, 739, 741, 743, 748, 752, 756, 761, 762, 763, 766, 767, 769, 771, 772, 779, 780, 781, 785, 786, 788, 791, 793, 795, 796, 805, 806, 807, 808, 809, 810, 811, 812, 813, 816, 820, 824, 825, 827, 830, 831, 833, 835, 837, 838, 841, 843, 845, 848, 849, 851, 854, 855, 857, 858, 861, 867, 868, 870, 871, 888, 889, 890, 893, 894, 919, 920, 921, 922, 923, 925, 926, 927, 928, 929, 938, 939, 940, 942], "summary": {"covered_lines": 371, "num_statements": 462, "percent_covered": 80.3030303030303, "percent_covered_display": "80", "missing_lines": 91, "excluded_lines": 0}, "missing_lines": [22, 23, 27, 28, 90, 92, 125, 155, 193, 195, 196, 198, 199, 200, 202, 203, 205, 243, 244, 253, 254, 262, 263, 271, 272, 273, 274, 322, 323, 340, 342, 360, 361, 363, 364, 365, 367, 371, 378, 380, 384, 386, 395, 397, 398, 403, 405, 406, 458, 464, 465, 474, 475, 492, 493, 494, 495, 509, 510, 595, 597, 634, 636, 773, 775, 776, 777, 794, 799, 800, 802, 817, 818, 826, 859, 860, 863, 864, 895, 896, 897, 910, 911, 912, 913, 914, 915, 916, 930, 933, 943], "excluded_lines": [], "functions": {"PredictionResult.__post_init__": {"executed_lines": [86, 87, 88, 89, 95, 96, 97, 98, 100], "summary": {"covered_lines": 9, "num_statements": 11, "percent_covered": 81.81818181818181, "percent_covered_display": "82", "missing_lines": 2, "excluded_lines": 0}, "missing_lines": [90, 92], "excluded_lines": []}, "EvaluationMetrics.__post_init__": {"executed_lines": [122, 123, 124, 128, 129, 130, 131, 132, 134, 137, 138, 139, 140, 141, 142], "summary": {"covered_lines": 15, "num_statements": 16, "percent_covered": 93.75, "percent_covered_display": "94", "missing_lines": 1, "excluded_lines": 0}, "missing_lines": [125], "excluded_lines": []}, "load_eval_questions": {"executed_lines": [149, 150, 153, 154, 158, 159, 160, 162, 163, 164, 166, 169, 170, 174, 175, 176, 179, 180, 181, 182, 185, 186, 188, 189, 190, 192], "summary": {"covered_lines": 26, "num_statements": 36, "percent_covered": 72.22222222222223, "percent_covered_display": "72", "missing_lines": 10, "excluded_lines": 0}, "missing_lines": [155, 193, 195, 196, 198, 199, 200, 202, 203, 205], "excluded_lines": []}, "evaluate_pytorch_model": {"executed_lines": [221, 223, 225, 226, 229, 233, 236, 237, 240, 241, 247, 248, 250, 251, 258, 259, 260, 261, 269, 270, 278, 279, 281, 284, 285, 286, 287, 288, 289, 290, 291, 293, 294, 296, 297, 301, 304, 306, 311, 312, 317, 319, 325, 326, 327, 329, 330, 333, 336, 337, 339, 345, 346, 347, 349, 350, 354, 356, 357, 370, 374, 376, 377, 389, 390, 391, 393, 394, 401, 402, 408, 411, 412, 413, 415, 417, 427], "summary": {"covered_lines": 77, "num_statements": 108, "percent_covered": 71.29629629629629, "percent_covered_display": "71", "missing_lines": 31, "excluded_lines": 0}, "missing_lines": [243, 244, 253, 254, 262, 263, 271, 272, 273, 274, 322, 323, 340, 342, 360, 361, 363, 364, 365, 367, 371, 378, 380, 384, 386, 395, 397, 398, 403, 405, 406], "excluded_lines": []}, "evaluate_coreml_model": {"executed_lines": [442, 444, 446, 447, 450, 454, 457, 461, 462, 468, 469, 471, 472, 478, 479, 480, 481, 482, 485, 487, 490, 491, 497, 499, 500, 503, 504, 506, 512, 513, 515, 516, 519, 520, 523, 526, 527, 528, 531, 532, 533, 536, 538, 548, 549, 550, 551], "summary": {"covered_lines": 47, "num_statements": 58, "percent_covered": 81.03448275862068, "percent_covered_display": "81", "missing_lines": 11, "excluded_lines": 0}, "missing_lines": [458, 464, 465, 474, 475, 492, 493, 494, 495, 509, 510], "excluded_lines": []}, "evaluate_ollama_model": {"executed_lines": [557, 558, 560, 562, 563, 564, 566, 572, 576, 577, 578, 583, 584, 587, 588, 589, 590, 591, 592, 594, 601, 602, 605, 606, 607, 608, 609, 610, 613, 616, 617, 619, 627, 629, 630, 632, 638], "summary": {"covered_lines": 37, "num_statements": 41, "percent_covered": 90.2439024390244, "percent_covered_display": "90", "missing_lines": 4, "excluded_lines": 0}, "missing_lines": [595, 597, 634, 636], "excluded_lines": []}, "compare_predictions": {"executed_lines": [645, 646, 649, 651, 652, 664, 665, 666, 669, 672, 674, 676, 677, 680, 681, 684, 685, 686, 687, 690, 692, 693, 697, 698, 700, 704, 705, 706, 707, 708, 710, 711, 713, 717], "summary": {"covered_lines": 34, "num_statements": 34, "percent_covered": 100.0, "percent_covered_display": "100", "missing_lines": 0, "excluded_lines": 0}, "missing_lines": [], "excluded_lines": []}, "main": {"executed_lines": [731, 733, 739, 741, 743, 748, 752, 756, 761, 762, 763, 766, 767, 769, 771, 772, 779, 780, 781, 785, 786, 788, 791, 793, 795, 796, 805, 806, 807, 808, 809, 810, 811, 812, 813, 816, 820, 824, 825, 827, 830, 831, 833, 835, 837, 838, 841, 843, 845, 848, 849, 851, 854, 855, 857, 858, 861, 867, 868, 870, 871, 888, 889, 890, 893, 894, 919, 920, 921, 922, 923, 925, 926, 927, 928, 929], "summary": {"covered_lines": 76, "num_statements": 103, "percent_covered": 73.7864077669903, "percent_covered_display": "74", "missing_lines": 27, "excluded_lines": 0}, "missing_lines": [773, 775, 776, 777, 794, 799, 800, 802, 817, 818, 826, 859, 860, 863, 864, 895, 896, 897, 910, 911, 912, 913, 914, 915, 916, 930, 933], "excluded_lines": []}, "": {"executed_lines": [2, 11, 12, 13, 14, 15, 16, 17, 20, 21, 25, 26, 31, 55, 56, 57, 61, 66, 70, 71, 72, 74, 75, 76, 77, 78, 79, 81, 83, 103, 104, 105, 107, 108, 109, 110, 111, 113, 114, 115, 116, 117, 119, 146, 209, 430, 554, 641, 730, 938, 939, 940, 942], "summary": {"covered_lines": 50, "num_statements": 55, "percent_covered": 90.9090909090909, "percent_covered_display": "91", "missing_lines": 5, "excluded_lines": 0}, "missing_lines": [22, 23, 27, 28, 943], "excluded_lines": []}}, "classes": {"PredictionResult": {"executed_lines": [86, 87, 88, 89, 95, 96, 97, 98, 100], "summary": {"covered_lines": 9, "num_statements": 11, "percent_covered": 81.81818181818181, "percent_covered_display": "82", "missing_lines": 2, "excluded_lines": 0}, "missing_lines": [90, 92], "excluded_lines": []}, "EvaluationMetrics": {"executed_lines": [122, 123, 124, 128, 129, 130, 131, 132, 134, 137, 138, 139, 140, 141, 142], "summary": {"covered_lines": 15, "num_statements": 16, "percent_covered": 93.75, "percent_covered_display": "94", "missing_lines": 1, "excluded_lines": 0}, "missing_lines": [125], "excluded_lines": []}, "": {"executed_lines": [2, 11, 12, 13, 14, 15, 16, 17, 20, 21, 25, 26, 31, 55, 56, 57, 61, 66, 70, 71, 72, 74, 75, 76, 77, 78, 79, 81, 83, 103, 104, 105, 107, 108, 109, 110, 111, 113, 114, 115, 116, 117, 119, 146, 149, 150, 153, 154, 158, 159, 160, 162, 163, 164, 166, 169, 170, 174, 175, 176, 179, 180, 181, 182, 185, 186, 188, 189, 190, 192, 209, 221, 223, 225, 226, 229, 233, 236, 237, 240, 241, 247, 248, 250, 251, 258, 259, 260, 261, 269, 270, 278, 279, 281, 284, 285, 286, 287, 288, 289, 290, 291, 293, 294, 296, 297, 301, 304, 306, 311, 312, 317, 319, 325, 326, 327, 329, 330, 333, 336, 337, 339, 345, 346, 347, 349, 350, 354, 356, 357, 370, 374, 376, 377, 389, 390, 391, 393, 394, 401, 402, 408, 411, 412, 413, 415, 417, 427, 430, 442, 444, 446, 447, 450, 454, 457, 461, 462, 468, 469, 471, 472, 478, 479, 480, 481, 482, 485, 487, 490, 491, 497, 499, 500, 503, 504, 506, 512, 513, 515, 516, 519, 520, 523, 526, 527, 528, 531, 532, 533, 536, 538, 548, 549, 550, 551, 554, 557, 558, 560, 562, 563, 564, 566, 572, 576, 577, 578, 583, 584, 587, 588, 589, 590, 591, 592, 594, 601, 602, 605, 606, 607, 608, 609, 610, 613, 616, 617, 619, 627, 629, 630, 632, 638, 641, 645, 646, 649, 651, 652, 664, 665, 666, 669, 672, 674, 676, 677, 680, 681, 684, 685, 686, 687, 690, 692, 693, 697, 698, 700, 704, 705, 706, 707, 708, 710, 711, 713, 717, 730, 731, 733, 739, 741, 743, 748, 752, 756, 761, 762, 763, 766, 767, 769, 771, 772, 779, 780, 781, 785, 786, 788, 791, 793, 795, 796, 805, 806, 807, 808, 809, 810, 811, 812, 813, 816, 820, 824, 825, 827, 830, 831, 833, 835, 837, 838, 841, 843, 845, 848, 849, 851, 854, 855, 857, 858, 861, 867, 868, 870, 871, 888, 889, 890, 893, 894, 919, 920, 921, 922, 923, 925, 926, 927, 928, 929, 938, 939, 940, 942], "summary": {"covered_lines": 347, "num_statements": 435, "percent_covered": 79.77011494252874, "percent_covered_display": "80", "missing_lines": 88, "excluded_lines": 0}, "missing_lines": [22, 23, 27, 28, 155, 193, 195, 196, 198, 199, 200, 202, 203, 205, 243, 244, 253, 254, 262, 263, 271, 272, 273, 274, 322, 323, 340, 342, 360, 361, 363, 364, 365, 367, 371, 378, 380, 384, 386, 395, 397, 398, 403, 405, 406, 458, 464, 465, 474, 475, 492, 493, 494, 495, 509, 510, 595, 597, 634, 636, 773, 775, 776, 777, 794, 799, 800, 802, 817, 818, 826, 859, 860, 863, 864, 895, 896, 897, 910, 911, 912, 913, 914, 915, 916, 930, 933, 943], "excluded_lines": []}}}, "evaluation/__init__.py": {"executed_lines": [1, 10, 11], "summary": {"covered_lines": 2, "num_statements": 2, "percent_covered": 100.0, "percent_covered_display": "100", "missing_lines": 0, "excluded_lines": 0}, "missing_lines": [], "excluded_lines": [], "functions": {"": {"executed_lines": [1, 10, 11], "summary": {"covered_lines": 2, "num_statements": 2, "percent_covered": 100.0, "percent_covered_display": "100", "missing_lines": 0, "excluded_lines": 0}, "missing_lines": [], "excluded_lines": []}}, "classes": {"": {"executed_lines": [1, 10, 11], "summary": {"covered_lines": 2, "num_statements": 2, "percent_covered": 100.0, "percent_covered_display": "100", "missing_lines": 0, "excluded_lines": 0}, "missing_lines": [], "excluded_lines": []}}}, "evaluation/caws_eval.py": {"executed_lines": [5, 6, 7, 8, 9, 10, 11, 13, 14, 18, 21, 23, 24, 25, 28, 29, 30, 31, 33, 46, 49, 50, 51, 52, 53, 54, 56, 57, 59, 60, 61, 63, 64, 66, 67, 69, 70, 71, 72, 75, 79, 80, 84, 87, 88, 91, 101, 102, 103, 104, 105, 106, 107, 109, 110, 111, 112, 114, 115, 116, 117, 122, 126, 127, 131, 132, 134, 135, 138, 140, 142, 144, 148, 149, 151, 153, 154, 156, 168, 171, 172, 174, 177, 178, 179, 182, 183, 185, 186, 188, 190, 202, 206, 209, 210, 212, 214, 215, 222, 224, 225, 227, 230, 232, 233, 235, 237, 240, 242, 253, 270, 272, 273, 274, 276, 277, 278, 279, 284, 286, 288, 292, 294, 295, 297, 300, 303, 304, 305, 306, 307, 308, 311, 313, 314, 315, 318, 320, 321, 328, 329, 330, 331, 332, 333, 337, 352, 354, 357, 358, 359, 361, 362, 365, 367, 368, 372, 377, 380, 381, 383, 385, 387, 388, 390, 394, 395, 402, 404, 405, 409, 414, 417, 418, 420, 421, 423, 427, 428, 429, 430, 432, 435, 439, 440, 442, 443, 450, 451, 454, 455, 456, 458, 459, 461, 462, 463, 464, 465, 466, 468, 469, 470, 471, 473, 474, 475, 476, 477, 478, 480, 490, 491, 492, 493, 496, 499, 500, 503, 509, 510, 511, 512, 513, 516, 517, 518, 520, 521, 523, 524, 525, 526, 527, 528, 530, 531, 532, 533, 534, 535, 536, 538, 547, 548, 549, 550, 553, 556, 559, 560, 562, 564, 572, 575, 576, 577, 579, 580, 582, 583, 584, 585, 586, 587, 589, 590, 591, 592, 593, 594, 595, 597, 598, 600, 608, 609, 618, 619, 654, 658, 660, 661, 662, 664, 665, 666, 668, 669, 678, 680, 681, 682, 683, 684, 685, 686, 687, 688, 689, 690, 693, 697, 698, 703, 706, 707, 708, 709, 711, 712, 715, 716, 721, 724, 725, 726, 729, 731, 732, 733, 734, 735, 736, 737, 742, 744, 745, 746, 751, 753, 754, 755, 760, 761, 773, 776, 778, 783, 786, 787, 788, 792, 793, 795, 803], "summary": {"covered_lines": 346, "num_statements": 402, "percent_covered": 86.06965174129353, "percent_covered_display": "86", "missing_lines": 56, "excluded_lines": 0}, "missing_lines": [15, 16, 85, 93, 95, 97, 98, 119, 145, 216, 218, 221, 281, 285, 287, 289, 335, 355, 374, 391, 392, 396, 398, 399, 411, 424, 425, 670, 671, 672, 674, 675, 676, 677, 694, 699, 700, 701, 717, 718, 730, 739, 743, 748, 752, 757, 779, 780, 781, 789, 790, 796, 797, 799, 800, 804], "excluded_lines": [], "functions": {"validate_budget_adherence": {"executed_lines": [23, 24, 25, 28, 29, 30, 31, 33, 46, 49, 50, 51, 52, 53, 54, 56, 57, 59, 60, 61, 63, 64, 66, 67, 69, 70, 71, 72, 75, 79, 80, 84, 87, 88, 91, 101, 102, 103, 104, 105, 106, 107, 109, 110, 111, 112, 114, 115, 116, 117, 122, 126, 127, 131, 132, 134, 135, 138, 140, 142, 144, 148, 149, 151, 153, 154, 156], "summary": {"covered_lines": 67, "num_statements": 74, "percent_covered": 90.54054054054055, "percent_covered_display": "91", "missing_lines": 7, "excluded_lines": 0}, "missing_lines": [85, 93, 95, 97, 98, 119, 145], "excluded_lines": []}, "validate_gate_integrity": {"executed_lines": [171, 172, 174, 177, 178, 179, 182, 183, 185, 186, 188, 190], "summary": {"covered_lines": 12, "num_statements": 12, "percent_covered": 100.0, "percent_covered_display": "100", "missing_lines": 0, "excluded_lines": 0}, "missing_lines": [], "excluded_lines": []}, "validate_provenance_clarity": {"executed_lines": [206, 209, 210, 212, 214, 215, 222, 224, 225, 227, 230, 232, 233, 235, 237, 240, 242], "summary": {"covered_lines": 17, "num_statements": 20, "percent_covered": 85.0, "percent_covered_display": "85", "missing_lines": 3, "excluded_lines": 0}, "missing_lines": [216, 218, 221], "excluded_lines": []}, "evaluate_caws_compliance": {"executed_lines": [270, 272, 273, 274, 276, 277, 278, 279, 284, 286, 288, 292, 294, 295, 297, 300, 303, 304, 305, 306, 307, 308, 311, 313, 314, 315, 318, 320, 321, 328, 329, 330, 331, 332, 333, 337], "summary": {"covered_lines": 36, "num_statements": 41, "percent_covered": 87.8048780487805, "percent_covered_display": "88", "missing_lines": 5, "excluded_lines": 0}, "missing_lines": [281, 285, 287, 289, 335], "excluded_lines": []}, "_load_working_spec": {"executed_lines": [354, 357, 358, 359, 361, 362], "summary": {"covered_lines": 6, "num_statements": 7, "percent_covered": 85.71428571428571, "percent_covered_display": "86", "missing_lines": 1, "excluded_lines": 0}, "missing_lines": [355], "excluded_lines": []}, "_load_file_content": {"executed_lines": [367, 368, 372, 377, 380, 381, 383, 385, 387, 388, 390, 394, 395], "summary": {"covered_lines": 13, "num_statements": 19, "percent_covered": 68.42105263157895, "percent_covered_display": "68", "missing_lines": 6, "excluded_lines": 0}, "missing_lines": [374, 391, 392, 396, 398, 399], "excluded_lines": []}, "_load_json_file": {"executed_lines": [404, 405, 409, 414, 417, 418, 420, 421, 423, 427, 428, 429, 430, 432], "summary": {"covered_lines": 14, "num_statements": 17, "percent_covered": 82.3529411764706, "percent_covered_display": "82", "missing_lines": 3, "excluded_lines": 0}, "missing_lines": [411, 424, 425], "excluded_lines": []}, "_run_tests": {"executed_lines": [439, 440, 442, 443, 450, 451, 454, 455, 456, 458, 459, 461, 462, 463, 464, 465, 466, 468, 469, 470, 471, 473, 474, 475, 476, 477, 478, 480, 490, 491, 492, 493], "summary": {"covered_lines": 32, "num_statements": 32, "percent_covered": 100.0, "percent_covered_display": "100", "missing_lines": 0, "excluded_lines": 0}, "missing_lines": [], "excluded_lines": []}, "_run_linter": {"executed_lines": [499, 500, 503, 509, 510, 511, 512, 513, 516, 517, 518, 520, 521, 523, 524, 525, 526, 527, 528, 530, 531, 532, 533, 534, 535, 536, 538, 547, 548, 549, 550, 553], "summary": {"covered_lines": 32, "num_statements": 32, "percent_covered": 100.0, "percent_covered_display": "100", "missing_lines": 0, "excluded_lines": 0}, "missing_lines": [], "excluded_lines": []}, "_run_coverage": {"executed_lines": [559, 560, 562, 564, 572, 575, 576, 577, 579, 580, 582, 583, 584, 585, 586, 587, 589, 590, 591, 592, 593, 594, 595, 597, 598, 600, 608, 609], "summary": {"covered_lines": 28, "num_statements": 28, "percent_covered": 100.0, "percent_covered_display": "100", "missing_lines": 0, "excluded_lines": 0}, "missing_lines": [], "excluded_lines": []}, "main": {"executed_lines": [654, 680, 681, 682, 683, 684, 685, 686, 687, 688, 689, 690, 693, 697, 698, 703, 706, 707, 708, 709, 711, 712, 715, 716, 721, 724, 725, 726, 729, 731, 732, 733, 734, 735, 736, 737, 742, 744, 745, 746, 751, 753, 754, 755, 760, 761, 773, 776, 778, 783, 786, 787, 788, 792, 793, 795], "summary": {"covered_lines": 56, "num_statements": 77, "percent_covered": 72.72727272727273, "percent_covered_display": "73", "missing_lines": 21, "excluded_lines": 0}, "missing_lines": [694, 699, 700, 701, 717, 718, 730, 739, 743, 748, 752, 757, 779, 780, 781, 789, 790, 796, 797, 799, 800], "excluded_lines": []}, "main._extract_value": {"executed_lines": [658, 660, 661, 662, 664, 665, 666, 668, 669, 678], "summary": {"covered_lines": 10, "num_statements": 17, "percent_covered": 58.8235294117647, "percent_covered_display": "59", "missing_lines": 7, "excluded_lines": 0}, "missing_lines": [670, 671, 672, 674, 675, 676, 677], "excluded_lines": []}, "": {"executed_lines": [5, 6, 7, 8, 9, 10, 11, 13, 14, 18, 21, 168, 202, 253, 352, 365, 402, 435, 496, 556, 618, 619, 803], "summary": {"covered_lines": 23, "num_statements": 26, "percent_covered": 88.46153846153847, "percent_covered_display": "88", "missing_lines": 3, "excluded_lines": 0}, "missing_lines": [15, 16, 804], "excluded_lines": []}}, "classes": {"": {"executed_lines": [5, 6, 7, 8, 9, 10, 11, 13, 14, 18, 21, 23, 24, 25, 28, 29, 30, 31, 33, 46, 49, 50, 51, 52, 53, 54, 56, 57, 59, 60, 61, 63, 64, 66, 67, 69, 70, 71, 72, 75, 79, 80, 84, 87, 88, 91, 101, 102, 103, 104, 105, 106, 107, 109, 110, 111, 112, 114, 115, 116, 117, 122, 126, 127, 131, 132, 134, 135, 138, 140, 142, 144, 148, 149, 151, 153, 154, 156, 168, 171, 172, 174, 177, 178, 179, 182, 183, 185, 186, 188, 190, 202, 206, 209, 210, 212, 214, 215, 222, 224, 225, 227, 230, 232, 233, 235, 237, 240, 242, 253, 270, 272, 273, 274, 276, 277, 278, 279, 284, 286, 288, 292, 294, 295, 297, 300, 303, 304, 305, 306, 307, 308, 311, 313, 314, 315, 318, 320, 321, 328, 329, 330, 331, 332, 333, 337, 352, 354, 357, 358, 359, 361, 362, 365, 367, 368, 372, 377, 380, 381, 383, 385, 387, 388, 390, 394, 395, 402, 404, 405, 409, 414, 417, 418, 420, 421, 423, 427, 428, 429, 430, 432, 435, 439, 440, 442, 443, 450, 451, 454, 455, 456, 458, 459, 461, 462, 463, 464, 465, 466, 468, 469, 470, 471, 473, 474, 475, 476, 477, 478, 480, 490, 491, 492, 493, 496, 499, 500, 503, 509, 510, 511, 512, 513, 516, 517, 518, 520, 521, 523, 524, 525, 526, 527, 528, 530, 531, 532, 533, 534, 535, 536, 538, 547, 548, 549, 550, 553, 556, 559, 560, 562, 564, 572, 575, 576, 577, 579, 580, 582, 583, 584, 585, 586, 587, 589, 590, 591, 592, 593, 594, 595, 597, 598, 600, 608, 609, 618, 619, 654, 658, 660, 661, 662, 664, 665, 666, 668, 669, 678, 680, 681, 682, 683, 684, 685, 686, 687, 688, 689, 690, 693, 697, 698, 703, 706, 707, 708, 709, 711, 712, 715, 716, 721, 724, 725, 726, 729, 731, 732, 733, 734, 735, 736, 737, 742, 744, 745, 746, 751, 753, 754, 755, 760, 761, 773, 776, 778, 783, 786, 787, 788, 792, 793, 795, 803], "summary": {"covered_lines": 346, "num_statements": 402, "percent_covered": 86.06965174129353, "percent_covered_display": "86", "missing_lines": 56, "excluded_lines": 0}, "missing_lines": [15, 16, 85, 93, 95, 97, 98, 119, 145, 216, 218, 221, 281, 285, 287, 289, 335, 355, 374, 391, 392, 396, 398, 399, 411, 424, 425, 670, 671, 672, 674, 675, 676, 677, 694, 699, 700, 701, 717, 718, 730, 739, 743, 748, 752, 757, 779, 780, 781, 789, 790, 796, 797, 799, 800, 804], "excluded_lines": []}}}, "evaluation/claim_extraction_metrics.py": {"executed_lines": [1, 11, 12, 14, 17, 18, 19, 21, 22, 23, 24, 25, 26, 27, 30, 31, 38, 46, 48, 67, 68, 73, 74, 75, 76, 78, 79, 85, 86, 87, 88, 90, 92, 93, 94, 95, 97, 99, 101, 105, 108, 113, 118, 120, 130, 155, 156, 157, 160, 161, 162, 164, 170, 171, 173, 174, 175, 177, 178, 179, 182, 183, 184, 185, 187, 188, 190, 194, 195, 197, 204, 206], "summary": {"covered_lines": 69, "num_statements": 69, "percent_covered": 100.0, "percent_covered_display": "100", "missing_lines": 0, "excluded_lines": 0}, "missing_lines": [], "excluded_lines": [], "functions": {"ClaimExtractionEvaluator.__init__": {"executed_lines": [46], "summary": {"covered_lines": 1, "num_statements": 1, "percent_covered": 100.0, "percent_covered_display": "100", "missing_lines": 0, "excluded_lines": 0}, "missing_lines": [], "excluded_lines": []}, "ClaimExtractionEvaluator.evaluate": {"executed_lines": [67, 68, 73, 74, 75, 76, 78, 79, 85, 86, 87, 88, 90, 92, 93, 94, 95, 97, 99, 101, 105, 108, 113, 118, 120], "summary": {"covered_lines": 25, "num_statements": 25, "percent_covered": 100.0, "percent_covered_display": "100", "missing_lines": 0, "excluded_lines": 0}, "missing_lines": [], "excluded_lines": []}, "ClaimExtractionEvaluator.evaluate_from_dataset": {"executed_lines": [155, 156, 157, 160, 161, 162, 164, 170, 171, 173, 174, 175, 177, 178, 179, 182, 183, 184, 185, 187, 188, 190, 194, 195, 197], "summary": {"covered_lines": 25, "num_statements": 25, "percent_covered": 100.0, "percent_covered_display": "100", "missing_lines": 0, "excluded_lines": 0}, "missing_lines": [], "excluded_lines": []}, "ClaimExtractionEvaluator.format_results": {"executed_lines": [206], "summary": {"covered_lines": 1, "num_statements": 1, "percent_covered": 100.0, "percent_covered_display": "100", "missing_lines": 0, "excluded_lines": 0}, "missing_lines": [], "excluded_lines": []}, "": {"executed_lines": [1, 11, 12, 14, 17, 18, 19, 21, 22, 23, 24, 25, 26, 27, 30, 31, 38, 48, 130, 204], "summary": {"covered_lines": 17, "num_statements": 17, "percent_covered": 100.0, "percent_covered_display": "100", "missing_lines": 0, "excluded_lines": 0}, "missing_lines": [], "excluded_lines": []}}, "classes": {"ClaimExtractionEvalResult": {"executed_lines": [], "summary": {"covered_lines": 0, "num_statements": 0, "percent_covered": 100.0, "percent_covered_display": "100", "missing_lines": 0, "excluded_lines": 0}, "missing_lines": [], "excluded_lines": []}, "ClaimExtractionEvaluator": {"executed_lines": [46, 67, 68, 73, 74, 75, 76, 78, 79, 85, 86, 87, 88, 90, 92, 93, 94, 95, 97, 99, 101, 105, 108, 113, 118, 120, 155, 156, 157, 160, 161, 162, 164, 170, 171, 173, 174, 175, 177, 178, 179, 182, 183, 184, 185, 187, 188, 190, 194, 195, 197, 206], "summary": {"covered_lines": 52, "num_statements": 52, "percent_covered": 100.0, "percent_covered_display": "100", "missing_lines": 0, "excluded_lines": 0}, "missing_lines": [], "excluded_lines": []}, "": {"executed_lines": [1, 11, 12, 14, 17, 18, 19, 21, 22, 23, 24, 25, 26, 27, 30, 31, 38, 48, 130, 204], "summary": {"covered_lines": 17, "num_statements": 17, "percent_covered": 100.0, "percent_covered_display": "100", "missing_lines": 0, "excluded_lines": 0}, "missing_lines": [], "excluded_lines": []}}}, "evaluation/classification_eval.py": {"executed_lines": [2, 14, 15, 16, 17, 18, 19, 20, 21, 24, 25, 31, 32, 37, 38, 39, 41, 42, 43, 44, 45, 48, 49, 50, 52, 53, 54, 55, 58, 59, 60, 62, 63, 64, 65, 66, 67, 68, 71, 73, 74, 76, 79, 81, 82, 85, 86, 87, 88, 91, 92, 93, 94, 95, 98, 100, 101, 102, 107, 108, 110, 117, 120, 121, 122, 124, 128, 132, 134, 135, 136, 140, 141, 144, 145, 146, 148, 149, 152, 153, 156, 157, 160, 161, 164, 177, 179, 181, 182, 183, 184, 186, 189, 191, 201, 202, 205, 206, 209, 210, 211, 217, 220, 221, 223, 225, 226, 228, 237, 242, 243, 245, 250, 253, 254, 257, 261, 262, 263, 265, 266, 270, 272, 273, 286, 290, 292, 293, 302, 303, 312, 313, 318, 321, 322, 323, 325, 334, 335, 338, 340, 342, 343, 344, 347, 360, 362, 364, 365, 366, 367, 372, 374, 384, 385, 388, 389, 392, 393, 394, 400, 402, 405, 406, 408, 409, 411, 412, 414, 420, 421, 423, 424, 426, 427, 438, 441, 442, 448, 449, 455, 456, 461, 462, 465, 466, 467, 469, 478, 479, 481, 482, 483, 484, 487, 491, 493, 494, 495, 497, 503, 506, 507, 508, 509, 511, 514, 517, 521, 522, 526, 527, 528, 529, 530, 531, 532, 535, 536, 537, 538, 547, 550, 551, 553, 561, 563, 564, 565, 576, 579, 583, 584, 586, 587, 588, 591, 592, 594, 595, 598, 599, 601, 602, 603, 604, 609, 611, 612, 615, 616, 617, 621, 622, 623, 624, 625, 627, 628, 630, 632, 641, 642, 643, 649, 650, 651, 656, 660, 664, 668, 671, 672, 673, 674, 675, 676, 679, 686, 688, 689, 690, 691, 703, 704, 706, 710, 713, 714, 717, 718, 719, 722, 730, 754, 778, 779, 780, 781, 782, 783, 786], "summary": {"covered_lines": 298, "num_statements": 401, "percent_covered": 74.3142144638404, "percent_covered_display": "74", "missing_lines": 103, "excluded_lines": 0}, "missing_lines": [26, 27, 28, 33, 34, 99, 103, 119, 129, 154, 159, 194, 197, 198, 212, 214, 215, 218, 233, 234, 248, 249, 259, 276, 277, 279, 280, 281, 283, 287, 294, 296, 299, 304, 306, 307, 309, 314, 316, 369, 377, 380, 381, 395, 397, 398, 401, 403, 417, 418, 428, 429, 432, 433, 435, 443, 445, 450, 452, 457, 459, 518, 539, 540, 541, 542, 544, 567, 568, 605, 607, 681, 682, 683, 692, 693, 695, 698, 699, 701, 715, 716, 720, 721, 723, 724, 726, 727, 731, 749, 750, 751, 755, 756, 757, 769, 770, 771, 772, 773, 774, 775, 787], "excluded_lines": [], "functions": {"load_classification_config": {"executed_lines": [73, 74, 76, 79, 81, 82, 85, 86, 87, 88, 91, 92, 93, 94, 95, 98, 100, 101, 102, 107, 108, 110, 117, 120, 121, 122, 124, 128, 132, 134, 135, 136, 140, 141, 144, 145, 146, 148, 149, 152, 153, 156, 157, 160, 161], "summary": {"covered_lines": 45, "num_statements": 51, "percent_covered": 88.23529411764706, "percent_covered_display": "88", "missing_lines": 6, "excluded_lines": 0}, "missing_lines": [99, 103, 119, 129, 154, 159], "excluded_lines": []}, "evaluate_pytorch_model": {"executed_lines": [177, 179, 181, 182, 183, 184, 186, 189, 191, 201, 202, 205, 206, 209, 210, 211, 217, 220, 221, 223, 225, 226, 228, 237, 242, 243, 245, 250, 253, 254, 257, 261, 262, 263, 265, 266, 270, 272, 273, 286, 290, 292, 293, 302, 303, 312, 313, 318, 321, 322, 323, 325, 334, 335, 338, 340, 342, 343, 344], "summary": {"covered_lines": 59, "num_statements": 87, "percent_covered": 67.816091954023, "percent_covered_display": "68", "missing_lines": 28, "excluded_lines": 0}, "missing_lines": [194, 197, 198, 212, 214, 215, 218, 233, 234, 248, 249, 259, 276, 277, 279, 280, 281, 283, 287, 294, 296, 299, 304, 306, 307, 309, 314, 316], "excluded_lines": []}, "evaluate_coreml_model": {"executed_lines": [360, 362, 364, 365, 366, 367, 372, 374, 384, 385, 388, 389, 392, 393, 394, 400, 402, 405, 406, 408, 409, 411, 412, 414, 420, 421, 423, 424, 426, 427, 438, 441, 442, 448, 449, 455, 456, 461, 462, 465, 466, 467, 469, 478, 479, 481, 482, 483, 484], "summary": {"covered_lines": 49, "num_statements": 71, "percent_covered": 69.01408450704226, "percent_covered_display": "69", "missing_lines": 22, "excluded_lines": 0}, "missing_lines": [369, 377, 380, 381, 395, 397, 398, 401, 403, 417, 418, 428, 429, 432, 433, 435, 443, 445, 450, 452, 457, 459], "excluded_lines": []}, "evaluate_ollama_model": {"executed_lines": [491, 493, 494, 495, 497, 503, 506, 507, 508, 509, 511, 514, 517, 521, 522, 526, 527, 528, 529, 530, 531, 532, 535, 536, 537, 538, 547, 550, 551, 553, 561, 563, 564, 565, 576], "summary": {"covered_lines": 35, "num_statements": 43, "percent_covered": 81.3953488372093, "percent_covered_display": "81", "missing_lines": 8, "excluded_lines": 0}, "missing_lines": [518, 539, 540, 541, 542, 544, 567, 568], "excluded_lines": []}, "compare_predictions": {"executed_lines": [583, 584, 586, 587, 588, 591, 592, 594, 595, 598, 599, 601, 602, 603, 604, 609, 611, 612, 615, 616, 617, 621, 622, 623, 624, 625, 627, 628, 630, 632], "summary": {"covered_lines": 30, "num_statements": 32, "percent_covered": 93.75, "percent_covered_display": "94", "missing_lines": 2, "excluded_lines": 0}, "missing_lines": [605, 607], "excluded_lines": []}, "main": {"executed_lines": [642, 643, 649, 650, 651, 656, 660, 664, 668, 671, 672, 673, 674, 675, 676, 679, 686, 688, 689, 690, 691, 703, 704, 706, 710, 713, 714, 717, 718, 719, 722, 730, 754, 778, 779, 780, 781, 782, 783], "summary": {"covered_lines": 39, "num_statements": 70, "percent_covered": 55.714285714285715, "percent_covered_display": "56", "missing_lines": 31, "excluded_lines": 0}, "missing_lines": [681, 682, 683, 692, 693, 695, 698, 699, 701, 715, 716, 720, 721, 723, 724, 726, 727, 731, 749, 750, 751, 755, 756, 757, 769, 770, 771, 772, 773, 774, 775], "excluded_lines": []}, "": {"executed_lines": [2, 14, 15, 16, 17, 18, 19, 20, 21, 24, 25, 31, 32, 37, 38, 39, 41, 42, 43, 44, 45, 48, 49, 50, 52, 53, 54, 55, 58, 59, 60, 62, 63, 64, 65, 66, 67, 68, 71, 164, 347, 487, 579, 641, 786], "summary": {"covered_lines": 41, "num_statements": 47, "percent_covered": 87.23404255319149, "percent_covered_display": "87", "missing_lines": 6, "excluded_lines": 0}, "missing_lines": [26, 27, 28, 33, 34, 787], "excluded_lines": []}}, "classes": {"ClassificationConfig": {"executed_lines": [], "summary": {"covered_lines": 0, "num_statements": 0, "percent_covered": 100.0, "percent_covered_display": "100", "missing_lines": 0, "excluded_lines": 0}, "missing_lines": [], "excluded_lines": []}, "PredictionResult": {"executed_lines": [], "summary": {"covered_lines": 0, "num_statements": 0, "percent_covered": 100.0, "percent_covered_display": "100", "missing_lines": 0, "excluded_lines": 0}, "missing_lines": [], "excluded_lines": []}, "EvaluationMetrics": {"executed_lines": [], "summary": {"covered_lines": 0, "num_statements": 0, "percent_covered": 100.0, "percent_covered_display": "100", "missing_lines": 0, "excluded_lines": 0}, "missing_lines": [], "excluded_lines": []}, "": {"executed_lines": [2, 14, 15, 16, 17, 18, 19, 20, 21, 24, 25, 31, 32, 37, 38, 39, 41, 42, 43, 44, 45, 48, 49, 50, 52, 53, 54, 55, 58, 59, 60, 62, 63, 64, 65, 66, 67, 68, 71, 73, 74, 76, 79, 81, 82, 85, 86, 87, 88, 91, 92, 93, 94, 95, 98, 100, 101, 102, 107, 108, 110, 117, 120, 121, 122, 124, 128, 132, 134, 135, 136, 140, 141, 144, 145, 146, 148, 149, 152, 153, 156, 157, 160, 161, 164, 177, 179, 181, 182, 183, 184, 186, 189, 191, 201, 202, 205, 206, 209, 210, 211, 217, 220, 221, 223, 225, 226, 228, 237, 242, 243, 245, 250, 253, 254, 257, 261, 262, 263, 265, 266, 270, 272, 273, 286, 290, 292, 293, 302, 303, 312, 313, 318, 321, 322, 323, 325, 334, 335, 338, 340, 342, 343, 344, 347, 360, 362, 364, 365, 366, 367, 372, 374, 384, 385, 388, 389, 392, 393, 394, 400, 402, 405, 406, 408, 409, 411, 412, 414, 420, 421, 423, 424, 426, 427, 438, 441, 442, 448, 449, 455, 456, 461, 462, 465, 466, 467, 469, 478, 479, 481, 482, 483, 484, 487, 491, 493, 494, 495, 497, 503, 506, 507, 508, 509, 511, 514, 517, 521, 522, 526, 527, 528, 529, 530, 531, 532, 535, 536, 537, 538, 547, 550, 551, 553, 561, 563, 564, 565, 576, 579, 583, 584, 586, 587, 588, 591, 592, 594, 595, 598, 599, 601, 602, 603, 604, 609, 611, 612, 615, 616, 617, 621, 622, 623, 624, 625, 627, 628, 630, 632, 641, 642, 643, 649, 650, 651, 656, 660, 664, 668, 671, 672, 673, 674, 675, 676, 679, 686, 688, 689, 690, 691, 703, 704, 706, 710, 713, 714, 717, 718, 719, 722, 730, 754, 778, 779, 780, 781, 782, 783, 786], "summary": {"covered_lines": 298, "num_statements": 401, "percent_covered": 74.3142144638404, "percent_covered_display": "74", "missing_lines": 103, "excluded_lines": 0}, "missing_lines": [26, 27, 28, 33, 34, 99, 103, 119, 129, 154, 159, 194, 197, 198, 212, 214, 215, 218, 233, 234, 248, 249, 259, 276, 277, 279, 280, 281, 283, 287, 294, 296, 299, 304, 306, 307, 309, 314, 316, 369, 377, 380, 381, 395, 397, 398, 401, 403, 417, 418, 428, 429, 432, 433, 435, 443, 445, 450, 452, 457, 459, 518, 539, 540, 541, 542, 544, 567, 568, 605, 607, 681, 682, 683, 692, 693, 695, 698, 699, 701, 715, 716, 720, 721, 723, 724, 726, 727, 731, 749, 750, 751, 755, 756, 757, 769, 770, 771, 772, 773, 774, 775, 787], "excluded_lines": []}}}, "evaluation/compare_8ball_pipelines.py": {"executed_lines": [2, 12, 13, 14, 15, 22, 25, 26, 27, 31, 35, 39, 44, 49, 54, 57, 59, 60, 62, 63, 66, 67, 69, 72, 73, 74, 75, 76, 79, 81, 82, 103, 106, 107, 108, 109, 110, 113, 115, 116, 137, 140, 141, 142, 143, 144, 145, 147, 148, 164, 167, 168, 169, 170, 171, 173, 174, 175, 176, 177, 178, 179, 180, 182, 183, 184, 185, 186, 188, 192, 193, 194, 199, 200, 201, 207, 208, 210, 213], "summary": {"covered_lines": 78, "num_statements": 81, "percent_covered": 96.29629629629629, "percent_covered_display": "96", "missing_lines": 3, "excluded_lines": 0}, "missing_lines": [187, 189, 214], "excluded_lines": [], "functions": {"main": {"executed_lines": [26, 27, 31, 35, 39, 44, 49, 54, 57, 59, 60, 62, 63, 66, 67, 69, 72, 73, 74, 75, 76, 79, 81, 82, 103, 106, 107, 108, 109, 110, 113, 115, 116, 137, 140, 141, 142, 143, 144, 145, 147, 148, 164, 167, 168, 169, 170, 171, 173, 174, 175, 176, 177, 178, 179, 180, 182, 183, 184, 185, 186, 188, 192, 193, 194, 199, 200, 201, 207, 208, 210], "summary": {"covered_lines": 71, "num_statements": 73, "percent_covered": 97.26027397260275, "percent_covered_display": "97", "missing_lines": 2, "excluded_lines": 0}, "missing_lines": [187, 189], "excluded_lines": []}, "": {"executed_lines": [2, 12, 13, 14, 15, 22, 25, 213], "summary": {"covered_lines": 7, "num_statements": 8, "percent_covered": 87.5, "percent_covered_display": "88", "missing_lines": 1, "excluded_lines": 0}, "missing_lines": [214], "excluded_lines": []}}, "classes": {"": {"executed_lines": [2, 12, 13, 14, 15, 22, 25, 26, 27, 31, 35, 39, 44, 49, 54, 57, 59, 60, 62, 63, 66, 67, 69, 72, 73, 74, 75, 76, 79, 81, 82, 103, 106, 107, 108, 109, 110, 113, 115, 116, 137, 140, 141, 142, 143, 144, 145, 147, 148, 164, 167, 168, 169, 170, 171, 173, 174, 175, 176, 177, 178, 179, 180, 182, 183, 184, 185, 186, 188, 192, 193, 194, 199, 200, 201, 207, 208, 210, 213], "summary": {"covered_lines": 78, "num_statements": 81, "percent_covered": 96.29629629629629, "percent_covered_display": "96", "missing_lines": 3, "excluded_lines": 0}, "missing_lines": [187, 189, 214], "excluded_lines": []}}}, "evaluation/eightball_eval.py": {"executed_lines": [], "summary": {"covered_lines": 0, "num_statements": 6, "percent_covered": 0.0, "percent_covered_display": "0", "missing_lines": 6, "excluded_lines": 0}, "missing_lines": [7, 8, 11, 14, 15, 16], "excluded_lines": [], "functions": {"": {"executed_lines": [], "summary": {"covered_lines": 0, "num_statements": 6, "percent_covered": 0.0, "percent_covered_display": "0", "missing_lines": 6, "excluded_lines": 0}, "missing_lines": [7, 8, 11, 14, 15, 16], "excluded_lines": []}}, "classes": {"": {"executed_lines": [], "summary": {"covered_lines": 0, "num_statements": 6, "percent_covered": 0.0, "percent_covered_display": "0", "missing_lines": 6, "excluded_lines": 0}, "missing_lines": [7, 8, 11, 14, 15, 16], "excluded_lines": []}}}, "evaluation/long_ctx_eval.py": {"executed_lines": [1, 2, 5], "summary": {"covered_lines": 3, "num_statements": 4, "percent_covered": 75.0, "percent_covered_display": "75", "missing_lines": 1, "excluded_lines": 0}, "missing_lines": [6], "excluded_lines": [], "functions": {"main": {"executed_lines": [2], "summary": {"covered_lines": 1, "num_statements": 1, "percent_covered": 100.0, "percent_covered_display": "100", "missing_lines": 0, "excluded_lines": 0}, "missing_lines": [], "excluded_lines": []}, "": {"executed_lines": [1, 5], "summary": {"covered_lines": 2, "num_statements": 3, "percent_covered": 66.66666666666667, "percent_covered_display": "67", "missing_lines": 1, "excluded_lines": 0}, "missing_lines": [6], "excluded_lines": []}}, "classes": {"": {"executed_lines": [1, 2, 5], "summary": {"covered_lines": 3, "num_statements": 4, "percent_covered": 75.0, "percent_covered_display": "75", "missing_lines": 1, "excluded_lines": 0}, "missing_lines": [6], "excluded_lines": []}}}, "evaluation/perf_mem_eval.py": {"executed_lines": [2, 3, 4, 5, 6, 7, 8, 9, 10, 12, 14, 15, 16, 22, 25, 26, 32, 33, 39, 40, 41, 42, 43, 44, 47, 48, 50, 51, 52, 54, 55, 56, 59, 62, 63, 65, 71, 72, 73, 75, 77, 84, 85, 94, 104, 108, 122, 126, 140, 145, 158, 159, 160, 163, 165, 166, 169, 170, 171, 172, 175, 176, 179, 180, 181, 182, 185, 186, 189, 190, 192, 195, 211, 212, 215, 216, 224, 226, 227, 228, 229, 230, 231, 233, 234, 237, 238, 239, 240, 242, 250, 252, 253, 256, 257, 265, 266, 271, 272, 275, 276, 277, 279, 281, 282, 285, 288, 289, 290, 291, 293, 304, 305, 308, 311, 312, 315, 329, 332, 333, 335, 343, 346, 347, 348, 350, 353, 354, 356, 357, 360, 361, 362, 364, 365, 368, 369, 370, 371, 372, 373, 375, 376, 379, 380, 382, 383, 389, 396, 397, 398, 399, 402, 403, 405, 406, 412, 420, 421, 422, 425, 426, 428, 430, 431, 432, 434, 442, 443, 445, 469, 470, 473, 474, 477, 478, 481, 482, 483, 485, 488, 513, 514, 522, 523, 527, 530, 531, 533, 538, 546, 547, 549, 560, 563, 564, 565, 566, 568, 569, 571, 573, 574, 575, 576, 577, 580, 581, 584, 585, 586, 587, 588, 589, 591, 593, 594, 595, 598, 600, 602, 603, 606, 607, 614, 622, 637, 643, 646, 647, 648, 651, 652, 653, 655, 662, 668, 669, 670, 676, 678, 679, 684, 690, 696, 701, 704, 709, 715, 720, 725, 731, 737, 743, 750, 756, 760, 762, 763, 764, 768, 773, 780, 785, 786, 798, 799, 800, 810, 824, 825, 850, 851, 852, 853, 854, 856, 857, 858, 860, 863, 872, 875, 884, 885, 897, 944, 995, 996, 1028, 1029, 1030, 1032, 1033, 1034, 1037, 1052, 1087, 1090, 1091, 1092, 1094, 1095, 1096, 1101, 1103, 1115, 1119, 1120, 1121, 1123, 1125, 1126, 1135], "summary": {"covered_lines": 313, "num_statements": 507, "percent_covered": 61.73570019723866, "percent_covered_display": "62", "missing_lines": 194, "excluded_lines": 0}, "missing_lines": [17, 18, 19, 27, 29, 34, 36, 218, 221, 222, 244, 245, 247, 258, 261, 262, 284, 294, 295, 296, 297, 299, 300, 301, 302, 316, 318, 326, 327, 387, 390, 391, 392, 393, 394, 410, 413, 414, 416, 417, 418, 464, 516, 519, 520, 524, 525, 534, 535, 540, 541, 544, 551, 552, 553, 554, 556, 557, 558, 559, 570, 578, 590, 624, 626, 627, 628, 630, 633, 634, 635, 638, 639, 641, 766, 770, 771, 775, 776, 778, 782, 787, 788, 790, 791, 793, 794, 802, 819, 820, 821, 826, 827, 830, 831, 832, 833, 835, 843, 845, 846, 864, 865, 868, 869, 878, 879, 881, 891, 893, 894, 895, 904, 906, 909, 912, 913, 915, 916, 919, 920, 921, 922, 923, 925, 931, 932, 934, 935, 936, 939, 940, 942, 951, 953, 958, 960, 963, 964, 966, 967, 970, 971, 972, 973, 974, 976, 981, 982, 984, 985, 986, 989, 990, 992, 997, 998, 999, 1000, 1003, 1004, 1006, 1007, 1010, 1011, 1013, 1021, 1023, 1024, 1053, 1054, 1056, 1059, 1060, 1062, 1064, 1066, 1067, 1068, 1069, 1072, 1073, 1074, 1077, 1081, 1083, 1084, 1097, 1098, 1116, 1127, 1129, 1132, 1133], "excluded_lines": [], "functions": {"detect_hardware": {"executed_lines": [48, 50, 51, 52, 54, 55, 56, 59, 62, 63, 65, 71, 72, 73, 75, 77], "summary": {"covered_lines": 16, "num_statements": 16, "percent_covered": 100.0, "percent_covered_display": "100", "missing_lines": 0, "excluded_lines": 0}, "missing_lines": [], "excluded_lines": []}, "StepAdapter.prepare_state": {"executed_lines": [104], "summary": {"covered_lines": 1, "num_statements": 1, "percent_covered": 100.0, "percent_covered_display": "100", "missing_lines": 0, "excluded_lines": 0}, "missing_lines": [], "excluded_lines": []}, "StepAdapter.first_step": {"executed_lines": [122], "summary": {"covered_lines": 1, "num_statements": 1, "percent_covered": 100.0, "percent_covered_display": "100", "missing_lines": 0, "excluded_lines": 0}, "missing_lines": [], "excluded_lines": []}, "StepAdapter.next_step": {"executed_lines": [140], "summary": {"covered_lines": 1, "num_statements": 1, "percent_covered": 100.0, "percent_covered_display": "100", "missing_lines": 0, "excluded_lines": 0}, "missing_lines": [], "excluded_lines": []}, "greedy_argmax": {"executed_lines": [158, 159, 160], "summary": {"covered_lines": 3, "num_statements": 3, "percent_covered": 100.0, "percent_covered_display": "100", "missing_lines": 0, "excluded_lines": 0}, "missing_lines": [], "excluded_lines": []}, "is_valid_tool_json": {"executed_lines": [165, 166, 169, 170, 171, 172, 175, 176, 179, 180, 181, 182, 185, 186, 189, 190, 192], "summary": {"covered_lines": 17, "num_statements": 17, "percent_covered": 100.0, "percent_covered_display": "100", "missing_lines": 0, "excluded_lines": 0}, "missing_lines": [], "excluded_lines": []}, "run_coreml_speed": {"executed_lines": [211, 212, 215, 216, 224, 226, 227, 228, 229, 230, 231, 233, 234, 237, 238, 239, 240, 242, 250, 252, 253, 256, 257, 265, 266, 271, 272, 275, 276, 277, 279, 281, 282, 285, 288, 289, 290, 291, 293, 304, 305, 308, 311, 312, 315, 329, 332, 333, 335, 343, 346, 347, 348, 350, 353, 354, 356, 357, 360, 361, 362, 364, 365, 368, 369, 370, 371, 372, 373, 375, 376, 379, 380, 382, 383, 389, 396, 397, 398, 399, 402, 403, 405, 406, 412, 420, 421, 422, 425, 426, 428, 430, 434, 442, 443, 445, 469, 470, 473, 474, 477, 478, 481, 482, 483, 485], "summary": {"covered_lines": 106, "num_statements": 141, "percent_covered": 75.177304964539, "percent_covered_display": "75", "missing_lines": 35, "excluded_lines": 0}, "missing_lines": [218, 221, 222, 244, 245, 247, 258, 261, 262, 284, 294, 295, 296, 297, 299, 300, 301, 302, 316, 318, 326, 327, 387, 390, 391, 392, 393, 394, 410, 413, 414, 416, 417, 418, 464], "excluded_lines": []}, "run_coreml_speed.pct": {"executed_lines": [431, 432], "summary": {"covered_lines": 2, "num_statements": 2, "percent_covered": 100.0, "percent_covered_display": "100", "missing_lines": 0, "excluded_lines": 0}, "missing_lines": [], "excluded_lines": []}, "load_tokenized_prompts": {"executed_lines": [513, 514, 522, 523, 527, 530, 531, 533, 538, 546, 547, 549, 560, 563, 564, 565, 566, 568, 569, 571, 573, 574, 575, 576, 577, 580, 581, 584, 585, 586, 587, 588, 589, 591, 593, 594, 595, 598, 600, 602, 603, 606, 607, 614, 622, 637, 643, 646, 647, 648], "summary": {"covered_lines": 50, "num_statements": 82, "percent_covered": 60.97560975609756, "percent_covered_display": "61", "missing_lines": 32, "excluded_lines": 0}, "missing_lines": [516, 519, 520, 524, 525, 534, 535, 540, 541, 544, 551, 552, 553, 554, 556, 557, 558, 559, 570, 578, 590, 624, 626, 627, 628, 630, 633, 634, 635, 638, 639, 641], "excluded_lines": []}, "main": {"executed_lines": [652, 653, 655, 662, 668, 669, 670, 676, 678, 679, 684, 690, 696, 701, 704, 709, 715, 720, 725, 731, 737, 743, 750, 756, 760, 762, 763, 764, 768, 773, 780, 785, 786, 798, 799, 800, 810, 824, 825, 850, 851, 852, 853, 854, 856, 857, 858, 860, 863, 872, 875, 884, 885, 897, 944, 995, 996, 1028, 1029, 1030, 1032, 1033, 1034, 1037, 1052, 1087, 1090, 1091, 1092, 1094, 1095, 1096, 1101, 1103, 1115, 1119, 1120, 1121, 1123, 1125, 1126, 1135], "summary": {"covered_lines": 82, "num_statements": 147, "percent_covered": 55.78231292517007, "percent_covered_display": "56", "missing_lines": 65, "excluded_lines": 0}, "missing_lines": [766, 770, 771, 775, 776, 778, 782, 787, 788, 790, 791, 793, 794, 802, 819, 820, 821, 826, 827, 830, 831, 832, 833, 835, 843, 845, 846, 864, 865, 868, 869, 878, 879, 881, 997, 998, 999, 1000, 1003, 1004, 1006, 1007, 1010, 1011, 1013, 1021, 1023, 1024, 1053, 1054, 1056, 1059, 1060, 1062, 1077, 1081, 1083, 1084, 1097, 1098, 1116, 1127, 1129, 1132, 1133], "excluded_lines": []}, "main.DummyAdapter.prepare_state": {"executed_lines": [], "summary": {"covered_lines": 0, "num_statements": 4, "percent_covered": 0.0, "percent_covered_display": "0", "missing_lines": 4, "excluded_lines": 0}, "missing_lines": [891, 893, 894, 895], "excluded_lines": []}, "main.DummyAdapter.first_step": {"executed_lines": [], "summary": {"covered_lines": 0, "num_statements": 21, "percent_covered": 0.0, "percent_covered_display": "0", "missing_lines": 21, "excluded_lines": 0}, "missing_lines": [904, 906, 909, 912, 913, 915, 916, 919, 920, 921, 922, 923, 925, 931, 932, 934, 935, 936, 939, 940, 942], "excluded_lines": []}, "main.DummyAdapter.next_step": {"executed_lines": [], "summary": {"covered_lines": 0, "num_statements": 22, "percent_covered": 0.0, "percent_covered_display": "0", "missing_lines": 22, "excluded_lines": 0}, "missing_lines": [951, 953, 958, 960, 963, 964, 966, 967, 970, 971, 972, 973, 9
[...]
: 0}, "missing_lines": [139, 141, 142, 143], "excluded_lines": []}, "aggregate_speed_metrics": {"executed_lines": [], "summary": {"covered_lines": 0, "num_statements": 9, "percent_covered": 0.0, "percent_covered_display": "0", "missing_lines": 9, "excluded_lines": 0}, "missing_lines": [162, 164, 165, 172, 180, 181, 182, 185, 187], "excluded_lines": []}, "aggregate_speed_metrics.pct": {"executed_lines": [], "summary": {"covered_lines": 0, "num_statements": 5, "percent_covered": 0.0, "percent_covered_display": "0", "missing_lines": 5, "excluded_lines": 0}, "missing_lines": [173, 175, 176, 177, 178], "excluded_lines": []}, "": {"executed_lines": [], "summary": {"covered_lines": 0, "num_statements": 7, "percent_covered": 0.0, "percent_covered_display": "0", "missing_lines": 7, "excluded_lines": 0}, "missing_lines": [10, 11, 12, 13, 16, 123, 146], "excluded_lines": []}}, "classes": {"": {"executed_lines": [], "summary": {"covered_lines": 0, "num_statements": 65, "percent_covered": 0.0, "percent_covered_display": "0", "missing_lines": 65, "excluded_lines": 0}, "missing_lines": [10, 11, 12, 13, 16, 45, 47, 48, 49, 50, 51, 54, 55, 56, 57, 60, 61, 64, 65, 68, 69, 71, 73, 75, 80, 83, 86, 87, 88, 90, 92, 93, 94, 95, 98, 99, 101, 102, 104, 108, 109, 110, 111, 112, 114, 123, 139, 141, 142, 143, 146, 162, 164, 165, 172, 173, 175, 176, 177, 178, 180, 181, 182, 185, 187], "excluded_lines": []}}}, "training/teacher_cache.py": {"executed_lines": [], "summary": {"covered_lines": 0, "num_statements": 102, "percent_covered": 0.0, "percent_covered_display": "0", "missing_lines": 102, "excluded_lines": 0}, "missing_lines": [12, 13, 14, 15, 16, 17, 20, 21, 24, 25, 26, 27, 28, 29, 32, 35, 43, 44, 45, 46, 47, 48, 54, 56, 58, 59, 61, 62, 63, 65, 67, 68, 69, 70, 71, 73, 75, 76, 77, 78, 80, 81, 82, 83, 85, 87, 89, 91, 93, 110, 112, 113, 114, 116, 119, 120, 121, 124, 127, 128, 129, 130, 131, 132, 134, 135, 137, 151, 152, 154, 163, 164, 166, 168, 169, 171, 178, 185, 186, 188, 189, 192, 193, 195, 197, 204, 207, 211, 212, 214, 215, 216, 219, 221, 222, 224, 225, 228, 231, 232, 235, 236], "excluded_lines": [], "functions": {"TeacherCache.__init__": {"executed_lines": [], "summary": {"covered_lines": 0, "num_statements": 7, "percent_covered": 0.0, "percent_covered_display": "0", "missing_lines": 7, "excluded_lines": 0}, "missing_lines": [43, 44, 45, 46, 47, 48, 54], "excluded_lines": []}, "TeacherCache._load_cache": {"executed_lines": [], "summary": {"covered_lines": 0, "num_statements": 11, "percent_covered": 0.0, "percent_covered_display": "0", "missing_lines": 11, "excluded_lines": 0}, "missing_lines": [58, 59, 61, 62, 63, 65, 67, 68, 69, 70, 71], "excluded_lines": []}, "TeacherCache._save_cache": {"executed_lines": [], "summary": {"covered_lines": 0, "num_statements": 8, "percent_covered": 0.0, "percent_covered_display": "0", "missing_lines": 8, "excluded_lines": 0}, "missing_lines": [75, 76, 77, 78, 80, 81, 82, 83], "excluded_lines": []}, "TeacherCache._compute_prompt_hash": {"executed_lines": [], "summary": {"covered_lines": 0, "num_statements": 1, "percent_covered": 0.0, "percent_covered_display": "0", "missing_lines": 1, "excluded_lines": 0}, "missing_lines": [87], "excluded_lines": []}, "TeacherCache._get_cache_key": {"executed_lines": [], "summary": {"covered_lines": 0, "num_statements": 1, "percent_covered": 0.0, "percent_covered_display": "0", "missing_lines": 1, "excluded_lines": 0}, "missing_lines": [91], "excluded_lines": []}, "TeacherCache.get": {"executed_lines": [], "summary": {"covered_lines": 0, "num_statements": 17, "percent_covered": 0.0, "percent_covered_display": "0", "missing_lines": 17, "excluded_lines": 0}, "missing_lines": [110, 112, 113, 114, 116, 119, 120, 121, 124, 127, 128, 129, 130, 131, 132, 134, 135], "excluded_lines": []}, "TeacherCache.put": {"executed_lines": [], "summary": {"covered_lines": 0, "num_statements": 5, "percent_covered": 0.0, "percent_covered_display": "0", "missing_lines": 5, "excluded_lines": 0}, "missing_lines": [151, 152, 154, 163, 164], "excluded_lines": []}, "TeacherCache.get_stats": {"executed_lines": [], "summary": {"covered_lines": 0, "num_statements": 3, "percent_covered": 0.0, "percent_covered_display": "0", "missing_lines": 3, "excluded_lines": 0}, "missing_lines": [168, 169, 171], "excluded_lines": []}, "TeacherCache.clear": {"executed_lines": [], "summary": {"covered_lines": 0, "num_statements": 7, "percent_covered": 0.0, "percent_covered_display": "0", "missing_lines": 7, "excluded_lines": 0}, "missing_lines": [185, 186, 188, 189, 192, 193, 195], "excluded_lines": []}, "TeacherCache.migrate_cache": {"executed_lines": [], "summary": {"covered_lines": 0, "num_statements": 7, "percent_covered": 0.0, "percent_covered_display": "0", "missing_lines": 7, "excluded_lines": 0}, "missing_lines": [204, 207, 211, 212, 214, 215, 216], "excluded_lines": []}, "": {"executed_lines": [], "summary": {"covered_lines": 0, "num_statements": 35, "percent_covered": 0.0, "percent_covered_display": "0", "missing_lines": 35, "excluded_lines": 0}, "missing_lines": [12, 13, 14, 15, 16, 17, 20, 21, 24, 25, 26, 27, 28, 29, 32, 35, 56, 73, 85, 89, 93, 137, 166, 178, 197, 219, 221, 222, 224, 225, 228, 231, 232, 235, 236], "excluded_lines": []}}, "classes": {"CacheEntry": {"executed_lines": [], "summary": {"covered_lines": 0, "num_statements": 0, "percent_covered": 100.0, "percent_covered_display": "100", "missing_lines": 0, "excluded_lines": 0}, "missing_lines": [], "excluded_lines": []}, "TeacherCache": {"executed_lines": [], "summary": {"covered_lines": 0, "num_statements": 67, "percent_covered": 0.0, "percent_covered_display": "0", "missing_lines": 67, "excluded_lines": 0}, "missing_lines": [43, 44, 45, 46, 47, 48, 54, 58, 59, 61, 62, 63, 65, 67, 68, 69, 70, 71, 75, 76, 77, 78, 80, 81, 82, 83, 87, 91, 110, 112, 113, 114, 116, 119, 120, 121, 124, 127, 128, 129, 130, 131, 132, 134, 135, 151, 152, 154, 163, 164, 168, 169, 171, 185, 186, 188, 189, 192, 193, 195, 204, 207, 211, 212, 214, 215, 216], "excluded_lines": []}, "": {"executed_lines": [], "summary": {"covered_lines": 0, "num_statements": 35, "percent_covered": 0.0, "percent_covered_display": "0", "missing_lines": 35, "excluded_lines": 0}, "missing_lines": [12, 13, 14, 15, 16, 17, 20, 21, 24, 25, 26, 27, 28, 29, 32, 35, 56, 73, 85, 89, 93, 137, 166, 178, 197, 219, 221, 222, 224, 225, 228, 231, 232, 235, 236], "excluded_lines": []}}}, "training/teacher_stub_toy.py": {"executed_lines": [], "summary": {"covered_lines": 0, "num_statements": 99, "percent_covered": 0.0, "percent_covered_display": "0", "missing_lines": 99, "excluded_lines": 0}, "missing_lines": [15, 18, 32, 34, 35, 38, 42, 45, 46, 47, 51, 52, 53, 55, 56, 58, 62, 63, 65, 68, 86, 88, 89, 92, 95, 98, 101, 104, 106, 107, 110, 111, 112, 115, 118, 119, 120, 123, 124, 127, 129, 130, 133, 134, 135, 138, 141, 142, 143, 146, 147, 150, 152, 153, 157, 158, 159, 162, 165, 166, 167, 170, 171, 174, 176, 200, 201, 202, 203, 204, 205, 206, 208, 211, 212, 216, 217, 218, 219, 222, 223, 226, 228, 229, 230, 231, 232, 233, 234, 235, 236, 237, 242, 271, 274, 275, 279, 281, 283], "excluded_lines": [], "functions": {"teacher_logits": {"executed_lines": [], "summary": {"covered_lines": 0, "num_statements": 17, "percent_covered": 0.0, "percent_covered_display": "0", "missing_lines": 17, "excluded_lines": 0}, "missing_lines": [32, 34, 35, 38, 42, 45, 46, 47, 51, 52, 53, 55, 56, 58, 62, 63, 65], "excluded_lines": []}, "eight_ball_teacher_logits": {"executed_lines": [], "summary": {"covered_lines": 0, "num_statements": 79, "percent_covered": 0.0, "percent_covered_display": "0", "missing_lines": 79, "excluded_lines": 0}, "missing_lines": [86, 88, 89, 92, 95, 98, 101, 104, 106, 107, 110, 111, 112, 115, 118, 119, 120, 123, 124, 127, 129, 130, 133, 134, 135, 138, 141, 142, 143, 146, 147, 150, 152, 153, 157, 158, 159, 162, 165, 166, 167, 170, 171, 174, 176, 200, 201, 202, 203, 204, 205, 206, 208, 211, 212, 216, 217, 218, 219, 222, 223, 226, 228, 229, 230, 231, 232, 233, 234, 235, 236, 237, 242, 271, 274, 275, 279, 281, 283], "excluded_lines": []}, "": {"executed_lines": [], "summary": {"covered_lines": 0, "num_statements": 3, "percent_covered": 0.0, "percent_covered_display": "0", "missing_lines": 3, "excluded_lines": 0}, "missing_lines": [15, 18, 68], "excluded_lines": []}}, "classes": {"": {"executed_lines": [], "summary": {"covered_lines": 0, "num_statements": 99, "percent_covered": 0.0, "percent_covered_display": "0", "missing_lines": 99, "excluded_lines": 0}, "missing_lines": [15, 18, 32, 34, 35, 38, 42, 45, 46, 47, 51, 52, 53, 55, 56, 58, 62, 63, 65, 68, 86, 88, 89, 92, 95, 98, 101, 104, 106, 107, 110, 111, 112, 115, 118, 119, 120, 123, 124, 127, 129, 130, 133, 134, 135, 138, 141, 142, 143, 146, 147, 150, 152, 153, 157, 158, 159, 162, 165, 166, 167, 170, 171, 174, 176, 200, 201, 202, 203, 204, 205, 206, 208, 211, 212, 216, 217, 218, 219, 222, 223, 226, 228, 229, 230, 231, 232, 233, 234, 235, 236, 237, 242, 271, 274, 275, 279, 281, 283], "excluded_lines": []}}}, "training/tokenizer_migration.py": {"executed_lines": [], "summary": {"covered_lines": 0, "num_statements": 95, "percent_covered": 0.0, "percent_covered_display": "0", "missing_lines": 95, "excluded_lines": 0}, "missing_lines": [12, 13, 14, 16, 19, 33, 36, 37, 39, 40, 41, 44, 46, 47, 51, 52, 56, 64, 86, 95, 96, 97, 98, 100, 102, 103, 106, 107, 108, 109, 111, 113, 114, 117, 119, 122, 123, 124, 126, 128, 133, 134, 135, 138, 139, 140, 142, 144, 149, 150, 153, 154, 156, 159, 177, 178, 180, 185, 186, 188, 189, 191, 192, 193, 195, 197, 198, 199, 200, 201, 203, 204, 206, 208, 211, 230, 231, 234, 236, 237, 239, 242, 264, 272, 273, 274, 276, 277, 280, 281, 282, 285, 286, 289, 291], "excluded_lines": [], "functions": {"verify_token_ids": {"executed_lines": [], "summary": {"covered_lines": 0, "num_statements": 12, "percent_covered": 0.0, "percent_covered_display": "0", "missing_lines": 12, "excluded_lines": 0}, "missing_lines": [33, 36, 37, 39, 40, 41, 44, 46, 47, 51, 52, 56], "excluded_lines": []}, "resize_model_embeddings": {"executed_lines": [], "summary": {"covered_lines": 0, "num_statements": 35, "percent_covered": 0.0, "percent_covered_display": "0", "missing_lines": 35, "excluded_lines": 0}, "missing_lines": [86, 95, 96, 97, 98, 100, 102, 103, 106, 107, 108, 109, 111, 113, 114, 117, 119, 122, 123, 124, 126, 128, 133, 134, 135, 138, 139, 140, 142, 144, 149, 150, 153, 154, 156], "excluded_lines": []}, "initialize_special_token_embeddings": {"executed_lines": [], "summary": {"covered_lines": 0, "num_statements": 20, "percent_covered": 0.0, "percent_covered_display": "0", "missing_lines": 20, "excluded_lines": 0}, "missing_lines": [177, 178, 180, 185, 186, 188, 189, 191, 192, 193, 195, 197, 198, 199, 200, 201, 203, 204, 206, 208], "excluded_lines": []}, "create_special_token_loss_mask": {"executed_lines": [], "summary": {"covered_lines": 0, "num_statements": 6, "percent_covered": 0.0, "percent_covered_display": "0", "missing_lines": 6, "excluded_lines": 0}, "missing_lines": [230, 231, 234, 236, 237, 239], "excluded_lines": []}, "migrate_tokenizer_and_model": {"executed_lines": [], "summary": {"covered_lines": 0, "num_statements": 13, "percent_covered": 0.0, "percent_covered_display": "0", "missing_lines": 13, "excluded_lines": 0}, "missing_lines": [264, 272, 273, 274, 276, 277, 280, 281, 282, 285, 286, 289, 291], "excluded_lines": []}, "": {"executed_lines": [], "summary": {"covered_lines": 0, "num_statements": 9, "percent_covered": 0.0, "percent_covered_display": "0", "missing_lines": 9, "excluded_lines": 0}, "missing_lines": [12, 13, 14, 16, 19, 64, 159, 211, 242], "excluded_lines": []}}, "classes": {"": {"executed_lines": [], "summary": {"covered_lines": 0, "num_statements": 95, "percent_covered": 0.0, "percent_covered_display": "0", "missing_lines": 95, "excluded_lines": 0}, "missing_lines": [12, 13, 14, 16, 19, 33, 36, 37, 39, 40, 41, 44, 46, 47, 51, 52, 56, 64, 86, 95, 96, 97, 98, 100, 102, 103, 106, 107, 108, 109, 111, 113, 114, 117, 119, 122, 123, 124, 126, 128, 133, 134, 135, 138, 139, 140, 142, 144, 149, 150, 153, 154, 156, 159, 177, 178, 180, 185, 186, 188, 189, 191, 192, 193, 195, 197, 198, 199, 200, 201, 203, 204, 206, 208, 211, 230, 231, 234, 236, 237, 239, 242, 264, 272, 273, 274, 276, 277, 280, 281, 282, 285, 286, 289, 291], "excluded_lines": []}}}, "training/tracing.py": {"executed_lines": [], "summary": {"covered_lines": 0, "num_statements": 143, "percent_covered": 0.0, "percent_covered_display": "0", "missing_lines": 143, "excluded_lines": 0}, "missing_lines": [30, 31, 32, 33, 34, 36, 37, 39, 40, 41, 43, 44, 46, 47, 48, 51, 65, 89, 90, 91, 93, 94, 95, 96, 99, 100, 101, 102, 103, 106, 107, 108, 110, 111, 112, 119, 120, 121, 122, 125, 126, 127, 129, 130, 131, 134, 135, 137, 138, 140, 154, 157, 160, 161, 162, 165, 166, 169, 170, 175, 176, 179, 180, 181, 184, 185, 186, 187, 189, 197, 198, 201, 202, 205, 206, 207, 208, 211, 212, 213, 215, 225, 226, 227, 228, 229, 230, 233, 234, 235, 236, 237, 239, 249, 250, 253, 254, 257, 258, 259, 260, 261, 263, 274, 275, 278, 279, 281, 292, 293, 296, 297, 299, 306, 307, 308, 309, 310, 317, 319, 321, 322, 323, 324, 325, 327, 329, 330, 332, 333, 335, 337, 338, 340, 342, 344, 346, 349, 363, 364, 365, 367, 369], "excluded_lines": [], "functions": {"TrainingTracer.__init__": {"executed_lines": [], "summary": {"covered_lines": 0, "num_statements": 32, "percent_covered": 0.0, "percent_covered_display": "0", "missing_lines": 32, "excluded_lines": 0}, "missing_lines": [89, 90, 91, 93, 94, 95, 96, 99, 100, 101, 102, 103, 106, 107, 108, 110, 111, 112, 119, 120, 121, 122, 125, 126, 127, 129, 130, 131, 134, 135, 137, 138], "excluded_lines": []}, "TrainingTracer.log_metrics": {"executed_lines": [], "summary": {"covered_lines": 0, "num_statements": 18, "percent_covered": 0.0, "percent_covered_display": "0", "missing_lines": 18, "excluded_lines": 0}, "missing_lines": [154, 157, 160, 161, 162, 165, 166, 169, 170, 175, 176, 179, 180, 181, 184, 185, 186, 187], "excluded_lines": []}, "TrainingTracer.log_hparams": {"executed_lines": [], "summary": {"covered_lines": 0, "num_statements": 11, "percent_covered": 0.0, "percent_covered_display": "0", "missing_lines": 11, "excluded_lines": 0}, "missing_lines": [197, 198, 201, 202, 205, 206, 207, 208, 211, 212, 213], "excluded_lines": []}, "TrainingTracer.log_model_graph": {"executed_lines": [], "summary": {"covered_lines": 0, "num_statements": 11, "percent_covered": 0.0, "percent_covered_display": "0", "missing_lines": 11, "excluded_lines": 0}, "missing_lines": [225, 226, 227, 228, 229, 230, 233, 234, 235, 236, 237], "excluded_lines": []}, "TrainingTracer.log_text": {"executed_lines": [], "summary": {"covered_lines": 0, "num_statements": 9, "percent_covered": 0.0, "percent_covered_display": "0", "missing_lines": 9, "excluded_lines": 0}, "missing_lines": [249, 250, 253, 254, 257, 258, 259, 260, 261], "excluded_lines": []}, "TrainingTracer.log_image": {"executed_lines": [], "summary": {"covered_lines": 0, "num_statements": 4, "percent_covered": 0.0, "percent_covered_display": "0", "missing_lines": 4, "excluded_lines": 0}, "missing_lines": [274, 275, 278, 279], "excluded_lines": []}, "TrainingTracer.log_histogram": {"executed_lines": [], "summary": {"covered_lines": 0, "num_statements": 4, "percent_covered": 0.0, "percent_covered_display": "0", "missing_lines": 4, "excluded_lines": 0}, "missing_lines": [292, 293, 296, 297], "excluded_lines": []}, "TrainingTracer.get_metrics_summary": {"executed_lines": [], "summary": {"covered_lines": 0, "num_statements": 6, "percent_covered": 0.0, "percent_covered_display": "0", "missing_lines": 6, "excluded_lines": 0}, "missing_lines": [306, 307, 308, 309, 310, 317], "excluded_lines": []}, "TrainingTracer.save_summary": {"executed_lines": [], "summary": {"covered_lines": 0, "num_statements": 5, "percent_covered": 0.0, "percent_covered_display": "0", "missing_lines": 5, "excluded_lines": 0}, "missing_lines": [321, 322, 323, 324, 325], "excluded_lines": []}, "TrainingTracer.close": {"executed_lines": [], "summary": {"covered_lines": 0, "num_statements": 7, "percent_covered": 0.0, "percent_covered_display": "0", "missing_lines": 7, "excluded_lines": 0}, "missing_lines": [329, 330, 332, 333, 335, 337, 338], "excluded_lines": []}, "TrainingTracer.__enter__": {"executed_lines": [], "summary": {"covered_lines": 0, "num_statements": 1, "percent_covered": 0.0, "percent_covered_display": "0", "missing_lines": 1, "excluded_lines": 0}, "missing_lines": [342], "excluded_lines": []}, "TrainingTracer.__exit__": {"executed_lines": [], "summary": {"covered_lines": 0, "num_statements": 1, "percent_covered": 0.0, "percent_covered_display": "0", "missing_lines": 1, "excluded_lines": 0}, "missing_lines": [346], "excluded_lines": []}, "create_tracer_from_config": {"executed_lines": [], "summary": {"covered_lines": 0, "num_statements": 5, "percent_covered": 0.0, "percent_covered_display": "0", "missing_lines": 5, "excluded_lines": 0}, "missing_lines": [363, 364, 365, 367, 369], "excluded_lines": []}, "": {"executed_lines": [], "summary": {"covered_lines": 0, "num_statements": 29, "percent_covered": 0.0, "percent_covered_display": "0", "missing_lines": 29, "excluded_lines": 0}, "missing_lines": [30, 31, 32, 33, 34, 36, 37, 39, 40, 41, 43, 44, 46, 47, 48, 51, 65, 140, 189, 215, 239, 263, 281, 299, 319, 327, 340, 344, 349], "excluded_lines": []}}, "classes": {"TrainingTracer": {"executed_lines": [], "summary": {"covered_lines": 0, "num_statements": 109, "percent_covered": 0.0, "percent_covered_display": "0", "missing_lines": 109, "excluded_lines": 0}, "missing_lines": [89, 90, 91, 93, 94, 95, 96, 99, 100, 101, 102, 103, 106, 107, 108, 110, 111, 112, 119, 120, 121, 122, 125, 126, 127, 129, 130, 131, 134, 135, 137, 138, 154, 157, 160, 161, 162, 165, 166, 169, 170, 175, 176, 179, 180, 181, 184, 185, 186, 187, 197, 198, 201, 202, 205, 206, 207, 208, 211, 212, 213, 225, 226, 227, 228, 229, 230, 233, 234, 235, 236, 237, 249, 250, 253, 254, 257, 258, 259, 260, 261, 274, 275, 278, 279, 292, 293, 296, 297, 306, 307, 308, 309, 310, 317, 321, 322, 323, 324, 325, 329, 330, 332, 333, 335, 337, 338, 342, 346], "excluded_lines": []}, "": {"executed_lines": [], "summary": {"covered_lines": 0, "num_statements": 34, "percent_covered": 0.0, "percent_covered_display": "0", "missing_lines": 34, "excluded_lines": 0}, "missing_lines": [30, 31, 32, 33, 34, 36, 37, 39, 40, 41, 43, 44, 46, 47, 48, 51, 65, 140, 189, 215, 239, 263, 281, 299, 319, 327, 340, 344, 349, 363, 364, 365, 367, 369], "excluded_lines": []}}}, "training/utils.py": {"executed_lines": [], "summary": {"covered_lines": 0, "num_statements": 27, "percent_covered": 0.0, "percent_covered_display": "0", "missing_lines": 27, "excluded_lines": 0}, "missing_lines": [7, 8, 9, 11, 14, 28, 30, 31, 34, 35, 38, 39, 40, 41, 45, 46, 48, 51, 52, 53, 54, 55, 58, 59, 61, 63, 64], "excluded_lines": [], "functions": {"sha256_state_dict": {"executed_lines": [], "summary": {"covered_lines": 0, "num_statements": 22, "percent_covered": 0.0, "percent_covered_display": "0", "missing_lines": 22, "excluded_lines": 0}, "missing_lines": [28, 30, 31, 34, 35, 38, 39, 40, 41, 45, 46, 48, 51, 52, 53, 54, 55, 58, 59, 61, 63, 64], "excluded_lines": []}, "": {"executed_lines": [], "summary": {"covered_lines": 0, "num_statements": 5, "percent_covered": 0.0, "percent_covered_display": "0", "missing_lines": 5, "excluded_lines": 0}, "missing_lines": [7, 8, 9, 11, 14], "excluded_lines": []}}, "classes": {"": {"executed_lines": [], "summary": {"covered_lines": 0, "num_statements": 27, "percent_covered": 0.0, "percent_covered_display": "0", "missing_lines": 27, "excluded_lines": 0}, "missing_lines": [7, 8, 9, 11, 14, 28, 30, 31, 34, 35, 38, 39, 40, 41, 45, 46, 48, 51, 52, 53, 54, 55, 58, 59, 61, 63, 64], "excluded_lines": []}}}}, "totals": {"covered_lines": 2516, "num_statements": 10324, "percent_covered": 24.370399070127856, "percent_covered_display": "24", "missing_lines": 7808, "excluded_lines": 2}}