{"meta": {"format": 3, "version": "7.11.3", "timestamp": "2025-11-13T14:59:20.278398", "branch_coverage": false, "show_contexts": false}, "files": {"conversion/convert_coreml.py": {"executed_lines": [], "summary": {"covered_lines": 0, "num_statements": 315, "percent_covered": 0.0, "percent_covered_display": "0", "missing_lines": 315, "excluded_lines": 0}, "missing_lines": [13, 14, 15, 16, 17, 20, 21, 23, 26, 27, 32, 34, 35, 37, 38, 40, 41, 44, 46, 48, 49, 50, 53, 83, 84, 86, 91, 94, 95, 96, 97, 98, 99, 100, 101, 103, 105, 110, 111, 112, 113, 114, 115, 117, 122, 125, 126, 128, 130, 131, 132, 133, 136, 137, 139, 140, 141, 145, 146, 147, 151, 152, 156, 157, 158, 159, 163, 164, 165, 167, 170, 176, 177, 180, 182, 184, 185, 188, 190, 193, 194, 197, 200, 203, 204, 205, 207, 208, 211, 212, 215, 216, 217, 218, 219, 222, 223, 226, 231, 232, 233, 234, 237, 240, 241, 242, 245, 246, 247, 253, 254, 256, 257, 262, 273, 274, 277, 278, 279, 280, 281, 282, 283, 286, 288, 289, 290, 291, 292, 295, 296, 297, 298, 299, 300, 301, 302, 303, 306, 307, 311, 312, 313, 314, 315, 318, 327, 328, 331, 332, 333, 334, 335, 336, 337, 340, 341, 342, 343, 344, 345, 346, 347, 348, 349, 350, 351, 352, 353, 354, 356, 359, 360, 361, 362, 363, 365, 366, 367, 370, 371, 372, 374, 375, 376, 377, 378, 380, 381, 382, 384, 385, 386, 387, 389, 390, 391, 392, 393, 394, 395, 396, 397, 400, 420, 421, 423, 428, 431, 432, 433, 434, 435, 436, 437, 438, 440, 442, 443, 444, 445, 446, 448, 452, 454, 460, 464, 465, 466, 467, 468, 469, 470, 472, 474, 475, 476, 477, 482, 484, 485, 486, 487, 488, 489, 490, 491, 497, 498, 499, 500, 501, 504, 506, 507, 510, 511, 514, 515, 527, 528, 530, 531, 534, 535, 547, 553, 560, 563, 566, 572, 573, 578, 581, 588, 592, 595, 596, 597, 598, 599, 600, 601, 602, 603, 604, 607, 608, 610, 612, 613, 615, 617, 619, 620, 621, 622, 623, 625, 627, 628, 629, 630, 631, 637, 638, 640, 641, 642, 643, 644, 646, 655, 664, 665], "excluded_lines": [], "functions": {"load_contract": {"executed_lines": [], "summary": {"covered_lines": 0, "num_statements": 4, "percent_covered": 0.0, "percent_covered_display": "0", "missing_lines": 4, "excluded_lines": 0}, "missing_lines": [46, 48, 49, 50], "excluded_lines": []}, "convert_pytorch_to_coreml": {"executed_lines": [], "summary": {"covered_lines": 0, "num_statements": 180, "percent_covered": 0.0, "percent_covered_display": "0", "missing_lines": 180, "excluded_lines": 0}, "missing_lines": [83, 84, 86, 91, 94, 95, 96, 97, 98, 99, 100, 101, 103, 105, 110, 111, 112, 113, 114, 115, 117, 122, 125, 126, 128, 130, 131, 132, 133, 136, 137, 139, 140, 141, 145, 146, 147, 151, 152, 156, 157, 158, 159, 163, 164, 165, 167, 170, 176, 177, 180, 182, 184, 185, 188, 190, 193, 194, 197, 200, 203, 204, 205, 207, 208, 211, 212, 215, 216, 217, 218, 219, 222, 223, 226, 231, 232, 233, 234, 237, 240, 241, 242, 245, 246, 247, 253, 254, 256, 257, 262, 273, 274, 277, 278, 279, 280, 281, 282, 283, 286, 288, 289, 290, 291, 292, 295, 296, 297, 298, 299, 300, 301, 302, 303, 306, 307, 311, 312, 313, 314, 315, 318, 327, 328, 331, 332, 333, 334, 335, 336, 337, 340, 341, 342, 343, 344, 345, 346, 347, 348, 349, 350, 351, 352, 353, 354, 356, 359, 360, 361, 362, 363, 365, 366, 367, 370, 371, 372, 374, 375, 376, 377, 378, 380, 381, 382, 384, 385, 386, 387, 389, 390, 391, 392, 393, 394, 395, 396, 397], "excluded_lines": []}, "convert_onnx_to_coreml": {"executed_lines": [], "summary": {"covered_lines": 0, "num_statements": 48, "percent_covered": 0.0, "percent_covered_display": "0", "missing_lines": 48, "excluded_lines": 0}, "missing_lines": [420, 421, 423, 428, 431, 432, 433, 434, 435, 436, 437, 438, 440, 442, 443, 444, 445, 446, 448, 452, 454, 460, 464, 465, 466, 467, 468, 469, 470, 472, 474, 475, 476, 477, 482, 484, 485, 486, 487, 488, 489, 490, 491, 497, 498, 499, 500, 501], "excluded_lines": []}, "create_placeholder": {"executed_lines": [], "summary": {"covered_lines": 0, "num_statements": 10, "percent_covered": 0.0, "percent_covered_display": "0", "missing_lines": 10, "excluded_lines": 0}, "missing_lines": [506, 507, 510, 511, 514, 515, 527, 528, 530, 531], "excluded_lines": []}, "main": {"executed_lines": [], "summary": {"covered_lines": 0, "num_statements": 49, "percent_covered": 0.0, "percent_covered_display": "0", "missing_lines": 49, "excluded_lines": 0}, "missing_lines": [535, 547, 553, 560, 563, 566, 572, 573, 578, 581, 588, 592, 595, 596, 597, 598, 599, 600, 601, 602, 603, 604, 607, 608, 610, 612, 613, 615, 617, 619, 620, 621, 622, 623, 625, 627, 628, 629, 630, 631, 637, 638, 640, 641, 642, 643, 644, 646, 655], "excluded_lines": []}, "": {"executed_lines": [], "summary": {"covered_lines": 0, "num_statements": 24, "percent_covered": 0.0, "percent_covered_display": "0", "missing_lines": 24, "excluded_lines": 0}, "missing_lines": [13, 14, 15, 16, 17, 20, 21, 23, 26, 27, 32, 34, 35, 37, 38, 40, 41, 44, 53, 400, 504, 534, 664, 665], "excluded_lines": []}}, "classes": {"": {"executed_lines": [], "summary": {"covered_lines": 0, "num_statements": 315, "percent_covered": 0.0, "percent_covered_display": "0", "missing_lines": 315, "excluded_lines": 0}, "missing_lines": [13, 14, 15, 16, 17, 20, 21, 23, 26, 27, 32, 34, 35, 37, 38, 40, 41, 44, 46, 48, 49, 50, 53, 83, 84, 86, 91, 94, 95, 96, 97, 98, 99, 100, 101, 103, 105, 110, 111, 112, 113, 114, 115, 117, 122, 125, 126, 128, 130, 131, 132, 133, 136, 137, 139, 140, 141, 145, 146, 147, 151, 152, 156, 157, 158, 159, 163, 164, 165, 167, 170, 176, 177, 180, 182, 184, 185, 188, 190, 193, 194, 197, 200, 203, 204, 205, 207, 208, 211, 212, 215, 216, 217, 218, 219, 222, 223, 226, 231, 232, 233, 234, 237, 240, 241, 242, 245, 246, 247, 253, 254, 256, 257, 262, 273, 274, 277, 278, 279, 280, 281, 282, 283, 286, 288, 289, 290, 291, 292, 295, 296, 297, 298, 299, 300, 301, 302, 303, 306, 307, 311, 312, 313, 314, 315, 318, 327, 328, 331, 332, 333, 334, 335, 336, 337, 340, 341, 342, 343, 344, 345, 346, 347, 348, 349, 350, 351, 352, 353, 354, 356, 359, 360, 361, 362, 363, 365, 366, 367, 370, 371, 372, 374, 375, 376, 377, 378, 380, 381, 382, 384, 385, 386, 387, 389, 390, 391, 392, 393, 394, 395, 396, 397, 400, 420, 421, 423, 428, 431, 432, 433, 434, 435, 436, 437, 438, 440, 442, 443, 444, 445, 446, 448, 452, 454, 460, 464, 465, 466, 467, 468, 469, 470, 472, 474, 475, 476, 477, 482, 484, 485, 486, 487, 488, 489, 490, 491, 497, 498, 499, 500, 501, 504, 506, 507, 510, 511, 514, 515, 527, 528, 530, 531, 534, 535, 547, 553, 560, 563, 566, 572, 573, 578, 581, 588, 592, 595, 596, 597, 598, 599, 600, 601, 602, 603, 604, 607, 608, 610, 612, 613, 615, 617, 619, 620, 621, 622, 623, 625, 627, 628, 629, 630, 631, 637, 638, 640, 641, 642, 643, 644, 646, 655, 664, 665], "excluded_lines": []}}}, "conversion/export_onnx.py": {"executed_lines": [], "summary": {"covered_lines": 0, "num_statements": 70, "percent_covered": 0.0, "percent_covered_display": "0", "missing_lines": 70, "excluded_lines": 0}, "missing_lines": [4, 5, 6, 7, 8, 9, 11, 14, 17, 18, 19, 20, 21, 22, 24, 32, 33, 34, 35, 36, 37, 38, 40, 41, 43, 45, 47, 50, 51, 52, 53, 56, 57, 65, 66, 67, 68, 70, 72, 73, 75, 76, 78, 81, 82, 83, 84, 85, 95, 98, 99, 100, 106, 108, 109, 111, 113, 117, 120, 123, 124, 125, 128, 129, 130, 132, 133, 147, 150, 151], "excluded_lines": [], "functions": {"DecodeWrapper.__init__": {"executed_lines": [], "summary": {"covered_lines": 0, "num_statements": 5, "percent_covered": 0.0, "percent_covered_display": "0", "missing_lines": 5, "excluded_lines": 0}, "missing_lines": [18, 19, 20, 21, 22], "excluded_lines": []}, "DecodeWrapper.forward": {"executed_lines": [], "summary": {"covered_lines": 0, "num_statements": 16, "percent_covered": 0.0, "percent_covered_display": "0", "missing_lines": 16, "excluded_lines": 0}, "missing_lines": [32, 33, 34, 35, 36, 37, 38, 40, 41, 43, 45, 47, 50, 51, 52, 53], "excluded_lines": []}, "main": {"executed_lines": [], "summary": {"covered_lines": 0, "num_statements": 35, "percent_covered": 0.0, "percent_covered_display": "0", "missing_lines": 35, "excluded_lines": 0}, "missing_lines": [65, 66, 67, 68, 70, 72, 73, 75, 76, 78, 81, 82, 83, 84, 85, 95, 98, 99, 100, 106, 108, 109, 111, 113, 117, 120, 123, 124, 125, 128, 129, 130, 132, 133, 147], "excluded_lines": []}, "": {"executed_lines": [], "summary": {"covered_lines": 0, "num_statements": 14, "percent_covered": 0.0, "percent_covered_display": "0", "missing_lines": 14, "excluded_lines": 0}, "missing_lines": [4, 5, 6, 7, 8, 9, 11, 14, 17, 24, 56, 57, 150, 151], "excluded_lines": []}}, "classes": {"DecodeWrapper": {"executed_lines": [], "summary": {"covered_lines": 0, "num_statements": 21, "percent_covered": 0.0, "percent_covered_display": "0", "missing_lines": 21, "excluded_lines": 0}, "missing_lines": [18, 19, 20, 21, 22, 32, 33, 34, 35, 36, 37, 38, 40, 41, 43, 45, 47, 50, 51, 52, 53], "excluded_lines": []}, "": {"executed_lines": [], "summary": {"covered_lines": 0, "num_statements": 49, "percent_covered": 0.0, "percent_covered_display": "0", "missing_lines": 49, "excluded_lines": 0}, "missing_lines": [4, 5, 6, 7, 8, 9, 11, 14, 17, 24, 56, 57, 65, 66, 67, 68, 70, 72, 73, 75, 76, 78, 81, 82, 83, 84, 85, 95, 98, 99, 100, 106, 108, 109, 111, 113, 117, 120, 123, 124, 125, 128, 129, 130, 132, 133, 147, 150, 151], "excluded_lines": []}}}, "conversion/export_pytorch.py": {"executed_lines": [], "summary": {"covered_lines": 0, "num_statements": 152, "percent_covered": 0.0, "percent_covered_display": "0", "missing_lines": 152, "excluded_lines": 0}, "missing_lines": [10, 11, 12, 13, 15, 16, 18, 19, 22, 25, 26, 27, 29, 30, 33, 34, 36, 39, 42, 43, 44, 46, 53, 54, 55, 56, 57, 58, 59, 60, 62, 63, 65, 67, 69, 76, 78, 80, 81, 82, 83, 86, 88, 89, 90, 91, 94, 98, 99, 101, 104, 105, 111, 112, 113, 116, 119, 120, 122, 132, 133, 134, 135, 137, 140, 142, 143, 146, 147, 148, 149, 150, 151, 153, 154, 155, 157, 158, 159, 162, 166, 168, 169, 170, 172, 186, 187, 202, 203, 204, 205, 207, 210, 211, 212, 213, 214, 220, 223, 230, 233, 236, 237, 238, 239, 240, 241, 242, 243, 244, 247, 248, 250, 253, 256, 257, 262, 263, 265, 266, 272, 274, 287, 300, 301, 302, 303, 308, 321, 322, 324, 325, 327, 329, 332, 333, 334, 335, 341, 343, 344, 347, 348, 349, 350, 351, 354, 355, 356, 358, 361, 362], "excluded_lines": [], "functions": {"PrefillWrapper.__init__": {"executed_lines": [], "summary": {"covered_lines": 0, "num_statements": 2, "percent_covered": 0.0, "percent_covered_display": "0", "missing_lines": 2, "excluded_lines": 0}, "missing_lines": [26, 27], "excluded_lines": []}, "PrefillWrapper.forward": {"executed_lines": [], "summary": {"covered_lines": 0, "num_statements": 4, "percent_covered": 0.0, "percent_covered_display": "0", "missing_lines": 4, "excluded_lines": 0}, "missing_lines": [30, 33, 34, 36], "excluded_lines": []}, "DecodeWrapper.__init__": {"executed_lines": [], "summary": {"covered_lines": 0, "num_statements": 2, "percent_covered": 0.0, "percent_covered_display": "0", "missing_lines": 2, "excluded_lines": 0}, "missing_lines": [43, 44], "excluded_lines": []}, "DecodeWrapper.forward": {"executed_lines": [], "summary": {"covered_lines": 0, "num_statements": 24, "percent_covered": 0.0, "percent_covered_display": "0", "missing_lines": 24, "excluded_lines": 0}, "missing_lines": [53, 54, 55, 56, 57, 58, 59, 60, 62, 63, 65, 67, 69, 76, 78, 80, 81, 82, 83, 86, 88, 89, 90, 91], "excluded_lines": []}, "export_prefill": {"executed_lines": [], "summary": {"covered_lines": 0, "num_statements": 17, "percent_covered": 0.0, "percent_covered_display": "0", "missing_lines": 17, "excluded_lines": 0}, "missing_lines": [98, 99, 101, 104, 105, 111, 112, 113, 116, 119, 120, 122, 132, 133, 134, 135, 137], "excluded_lines": []}, "export_decode": {"executed_lines": [], "summary": {"covered_lines": 0, "num_statements": 27, "percent_covered": 0.0, "percent_covered_display": "0", "missing_lines": 27, "excluded_lines": 0}, "missing_lines": [142, 143, 146, 147, 148, 149, 150, 151, 153, 154, 155, 157, 158, 159, 162, 166, 168, 169, 170, 172, 186, 187, 202, 203, 204, 205, 207], "excluded_lines": []}, "main": {"executed_lines": [], "summary": {"covered_lines": 0, "num_statements": 57, "percent_covered": 0.0, "percent_covered_display": "0", "missing_lines": 57, "excluded_lines": 0}, "missing_lines": [211, 212, 213, 214, 220, 223, 230, 233, 236, 237, 238, 239, 240, 241, 242, 243, 244, 247, 248, 250, 253, 256, 257, 262, 263, 265, 266, 272, 274, 287, 300, 301, 302, 303, 308, 321, 322, 324, 325, 327, 329, 332, 333, 334, 335, 341, 343, 344, 347, 348, 349, 350, 351, 354, 355, 356, 358], "excluded_lines": []}, "": {"executed_lines": [], "summary": {"covered_lines": 0, "num_statements": 19, "percent_covered": 0.0, "percent_covered_display": "0", "missing_lines": 19, "excluded_lines": 0}, "missing_lines": [10, 11, 12, 13, 15, 16, 18, 19, 22, 25, 29, 39, 42, 46, 94, 140, 210, 361, 362], "excluded_lines": []}}, "classes": {"PrefillWrapper": {"executed_lines": [], "summary": {"covered_lines": 0, "num_statements": 6, "percent_covered": 0.0, "percent_covered_display": "0", "missing_lines": 6, "excluded_lines": 0}, "missing_lines": [26, 27, 30, 33, 34, 36], "excluded_lines": []}, "DecodeWrapper": {"executed_lines": [], "summary": {"covered_lines": 0, "num_statements": 26, "percent_covered": 0.0, "percent_covered_display": "0", "missing_lines": 26, "excluded_lines": 0}, "missing_lines": [43, 44, 53, 54, 55, 56, 57, 58, 59, 60, 62, 63, 65, 67, 69, 76, 78, 80, 81, 82, 83, 86, 88, 89, 90, 91], "excluded_lines": []}, "": {"executed_lines": [], "summary": {"covered_lines": 0, "num_statements": 120, "percent_covered": 0.0, "percent_covered_display": "0", "missing_lines": 120, "excluded_lines": 0}, "missing_lines": [10, 11, 12, 13, 15, 16, 18, 19, 22, 25, 29, 39, 42, 46, 94, 98, 99, 101, 104, 105, 111, 112, 113, 116, 119, 120, 122, 132, 133, 134, 135, 137, 140, 142, 143, 146, 147, 148, 149, 150, 151, 153, 154, 155, 157, 158, 159, 162, 166, 168, 169, 170, 172, 186, 187, 202, 203, 204, 205, 207, 210, 211, 212, 213, 214, 220, 223, 230, 233, 236, 237, 238, 239, 240, 241, 242, 243, 244, 247, 248, 250, 253, 256, 257, 262, 263, 265, 266, 272, 274, 287, 300, 301, 302, 303, 308, 321, 322, 324, 325, 327, 329, 332, 333, 334, 335, 341, 343, 344, 347, 348, 349, 350, 351, 354, 355, 356, 358, 361, 362], "excluded_lines": []}}}, "conversion/judge_export_coreml.py": {"executed_lines": [], "summary": {"covered_lines": 0, "num_statements": 36, "percent_covered": 0.0, "percent_covered_display": "0", "missing_lines": 36, "excluded_lines": 0}, "missing_lines": [5, 6, 7, 10, 11, 12, 14, 16, 19, 20, 41, 42, 43, 44, 46, 47, 48, 49, 54, 55, 56, 59, 61, 62, 70, 71, 73, 74, 76, 77, 78, 79, 81, 82, 85, 86], "excluded_lines": [], "functions": {"main": {"executed_lines": [], "summary": {"covered_lines": 0, "num_statements": 24, "percent_covered": 0.0, "percent_covered_display": "0", "missing_lines": 24, "excluded_lines": 0}, "missing_lines": [41, 42, 43, 44, 46, 47, 48, 49, 54, 55, 56, 59, 61, 62, 70, 71, 73, 74, 76, 77, 78, 79, 81, 82], "excluded_lines": []}, "": {"executed_lines": [], "summary": {"covered_lines": 0, "num_statements": 12, "percent_covered": 0.0, "percent_covered_display": "0", "missing_lines": 12, "excluded_lines": 0}, "missing_lines": [5, 6, 7, 10, 11, 12, 14, 16, 19, 20, 85, 86], "excluded_lines": []}}, "classes": {"": {"executed_lines": [], "summary": {"covered_lines": 0, "num_statements": 36, "percent_covered": 0.0, "percent_covered_display": "0", "missing_lines": 36, "excluded_lines": 0}, "missing_lines": [5, 6, 7, 10, 11, 12, 14, 16, 19, 20, 41, 42, 43, 44, 46, 47, 48, 49, 54, 55, 56, 59, 61, 62, 70, 71, 73, 74, 76, 77, 78, 79, 81, 82, 85, 86], "excluded_lines": []}}}, "conversion/judge_export_onnx.py": {"executed_lines": [], "summary": {"covered_lines": 0, "num_statements": 43, "percent_covered": 0.0, "percent_covered_display": "0", "missing_lines": 43, "excluded_lines": 0}, "missing_lines": [5, 6, 7, 8, 9, 10, 12, 13, 14, 15, 17, 20, 22, 23, 25, 26, 27, 29, 30, 32, 35, 47, 50, 51, 59, 60, 61, 70, 71, 72, 73, 74, 76, 78, 79, 81, 83, 84, 85, 86, 96, 99, 100], "excluded_lines": [], "functions": {"load_judge_config": {"executed_lines": [], "summary": {"covered_lines": 0, "num_statements": 10, "percent_covered": 0.0, "percent_covered_display": "0", "missing_lines": 10, "excluded_lines": 0}, "missing_lines": [22, 23, 25, 26, 27, 29, 30, 32, 35, 47], "excluded_lines": []}, "main": {"executed_lines": [], "summary": {"covered_lines": 0, "num_statements": 17, "percent_covered": 0.0, "percent_covered_display": "0", "missing_lines": 17, "excluded_lines": 0}, "missing_lines": [59, 60, 61, 70, 71, 72, 73, 74, 76, 78, 79, 81, 83, 84, 85, 86, 96], "excluded_lines": []}, "": {"executed_lines": [], "summary": {"covered_lines": 0, "num_statements": 16, "percent_covered": 0.0, "percent_covered_display": "0", "missing_lines": 16, "excluded_lines": 0}, "missing_lines": [5, 6, 7, 8, 9, 10, 12, 13, 14, 15, 17, 20, 50, 51, 99, 100], "excluded_lines": []}}, "classes": {"": {"executed_lines": [], "summary": {"covered_lines": 0, "num_statements": 43, "percent_covered": 0.0, "percent_covered_display": "0", "missing_lines": 43, "excluded_lines": 0}, "missing_lines": [5, 6, 7, 8, 9, 10, 12, 13, 14, 15, 17, 20, 22, 23, 25, 26, 27, 29, 30, 32, 35, 47, 50, 51, 59, 60, 61, 70, 71, 72, 73, 74, 76, 78, 79, 81, 83, 84, 85, 86, 96, 99, 100], "excluded_lines": []}}}, "conversion/make_toy_block.py": {"executed_lines": [], "summary": {"covered_lines": 0, "num_statements": 74, "percent_covered": 0.0, "percent_covered_display": "0", "missing_lines": 74, "excluded_lines": 0}, "missing_lines": [11, 12, 14, 15, 16, 17, 20, 21, 22, 23, 24, 26, 27, 28, 31, 32, 33, 34, 35, 36, 38, 39, 40, 41, 44, 47, 48, 49, 50, 51, 53, 54, 55, 56, 58, 60, 62, 63, 64, 67, 68, 69, 70, 72, 73, 76, 79, 80, 81, 82, 83, 84, 86, 87, 88, 89, 92, 93, 94, 95, 96, 97, 100, 102, 103, 106, 109, 110, 111, 114, 115, 116, 121, 122], "excluded_lines": [], "functions": {"RMSNorm.__init__": {"executed_lines": [], "summary": {"covered_lines": 0, "num_statements": 3, "percent_covered": 0.0, "percent_covered_display": "0", "missing_lines": 3, "excluded_lines": 0}, "missing_lines": [22, 23, 24], "excluded_lines": []}, "RMSNorm.forward": {"executed_lines": [], "summary": {"covered_lines": 0, "num_statements": 2, "percent_covered": 0.0, "percent_covered_display": "0", "missing_lines": 2, "excluded_lines": 0}, "missing_lines": [27, 28], "excluded_lines": []}, "SwiGLU.__init__": {"executed_lines": [], "summary": {"covered_lines": 0, "num_statements": 4, "percent_covered": 0.0, "percent_covered_display": "0", "missing_lines": 4, "excluded_lines": 0}, "missing_lines": [33, 34, 35, 36], "excluded_lines": []}, "SwiGLU.forward": {"executed_lines": [], "summary": {"covered_lines": 0, "num_statements": 3, "percent_covered": 0.0, "percent_covered_display": "0", "missing_lines": 3, "excluded_lines": 0}, "missing_lines": [39, 40, 41], "excluded_lines": []}, "MultiHeadAttention.__init__": {"executed_lines": [], "summary": {"covered_lines": 0, "num_statements": 8, "percent_covered": 0.0, "percent_covered_display": "0", "missing_lines": 8, "excluded_lines": 0}, "missing_lines": [48, 49, 50, 51, 53, 54, 55, 56], "excluded_lines": []}, "MultiHeadAttention.forward": {"executed_lines": [], "summary": {"covered_lines": 0, "num_statements": 10, "percent_covered": 0.0, "percent_covered_display": "0", "missing_lines": 10, "excluded_lines": 0}, "missing_lines": [60, 62, 63, 64, 67, 68, 69, 70, 72, 73], "excluded_lines": []}, "TransformerBlock.__init__": {"executed_lines": [], "summary": {"covered_lines": 0, "num_statements": 5, "percent_covered": 0.0, "percent_covered_display": "0", "missing_lines": 5, "excluded_lines": 0}, "missing_lines": [80, 81, 82, 83, 84], "excluded_lines": []}, "TransformerBlock.forward": {"executed_lines": [], "summary": {"covered_lines": 0, "num_statements": 3, "percent_covered": 0.0, "percent_covered_display": "0", "missing_lines": 3, "excluded_lines": 0}, "missing_lines": [87, 88, 89], "excluded_lines": []}, "main": {"executed_lines": [], "summary": {"covered_lines": 0, "num_statements": 15, "percent_covered": 0.0, "percent_covered_display": "0", "missing_lines": 15, "excluded_lines": 0}, "missing_lines": [93, 94, 95, 96, 97, 100, 102, 103, 106, 109, 110, 111, 114, 115, 116], "excluded_lines": []}, "": {"executed_lines": [], "summary": {"covered_lines": 0, "num_statements": 21, "percent_covered": 0.0, "percent_covered_display": "0", "missing_lines": 21, "excluded_lines": 0}, "missing_lines": [11, 12, 14, 15, 16, 17, 20, 21, 26, 31, 32, 38, 44, 47, 58, 76, 79, 86, 92, 121, 122], "excluded_lines": []}}, "classes": {"RMSNorm": {"executed_lines": [], "summary": {"covered_lines": 0, "num_statements": 5, "percent_covered": 0.0, "percent_covered_display": "0", "missing_lines": 5, "excluded_lines": 0}, "missing_lines": [22, 23, 24, 27, 28], "excluded_lines": []}, "SwiGLU": {"executed_lines": [], "summary": {"covered_lines": 0, "num_statements": 7, "percent_covered": 0.0, "percent_covered_display": "0", "missing_lines": 7, "excluded_lines": 0}, "missing_lines": [33, 34, 35, 36, 39, 40, 41], "excluded_lines": []}, "MultiHeadAttention": {"executed_lines": [], "summary": {"covered_lines": 0, "num_statements": 18, "percent_covered": 0.0, "percent_covered_display": "0", "missing_lines": 18, "excluded_lines": 0}, "missing_lines": [48, 49, 50, 51, 53, 54, 55, 56, 60, 62, 63, 64, 67, 68, 69, 70, 72, 73], "excluded_lines": []}, "TransformerBlock": {"executed_lines": [], "summary": {"covered_lines": 0, "num_statements": 8, "percent_covered": 0.0, "percent_covered_display": "0", "missing_lines": 8, "excluded_lines": 0}, "missing_lines": [80, 81, 82, 83, 84, 87, 88, 89], "excluded_lines": []}, "": {"executed_lines": [], "summary": {"covered_lines": 0, "num_statements": 36, "percent_covered": 0.0, "percent_covered_display": "0", "missing_lines": 36, "excluded_lines": 0}, "missing_lines": [11, 12, 14, 15, 16, 17, 20, 21, 26, 31, 32, 38, 44, 47, 58, 76, 79, 86, 92, 93, 94, 95, 96, 97, 100, 102, 103, 106, 109, 110, 111, 114, 115, 116, 121, 122], "excluded_lines": []}}}, "conversion/make_toy_onnx.py": {"executed_lines": [], "summary": {"covered_lines": 0, "num_statements": 35, "percent_covered": 0.0, "percent_covered_display": "0", "missing_lines": 35, "excluded_lines": 0}, "missing_lines": [10, 11, 13, 14, 15, 18, 19, 20, 21, 22, 23, 24, 26, 29, 30, 35, 36, 37, 40, 41, 42, 54, 55, 56, 57, 59, 60, 63, 65, 73, 75, 76, 77, 80, 81], "excluded_lines": [], "functions": {"main": {"executed_lines": [], "summary": {"covered_lines": 0, "num_statements": 27, "percent_covered": 0.0, "percent_covered_display": "0", "missing_lines": 27, "excluded_lines": 0}, "missing_lines": [19, 20, 21, 22, 23, 24, 26, 29, 30, 35, 36, 37, 40, 41, 42, 54, 55, 56, 57, 59, 60, 63, 65, 73, 75, 76, 77], "excluded_lines": []}, "": {"executed_lines": [], "summary": {"covered_lines": 0, "num_statements": 8, "percent_covered": 0.0, "percent_covered_display": "0", "missing_lines": 8, "excluded_lines": 0}, "missing_lines": [10, 11, 13, 14, 15, 18, 80, 81], "excluded_lines": []}}, "classes": {"": {"executed_lines": [], "summary": {"covered_lines": 0, "num_statements": 35, "percent_covered": 0.0, "percent_covered_display": "0", "missing_lines": 35, "excluded_lines": 0}, "missing_lines": [10, 11, 13, 14, 15, 18, 19, 20, 21, 22, 23, 24, 26, 29, 30, 35, 36, 37, 40, 41, 42, 54, 55, 56, 57, 59, 60, 63, 65, 73, 75, 76, 77, 80, 81], "excluded_lines": []}}}, "conversion/make_toy_torch.py": {"executed_lines": [], "summary": {"covered_lines": 0, "num_statements": 55, "percent_covered": 0.0, "percent_covered_display": "0", "missing_lines": 55, "excluded_lines": 0}, "missing_lines": [10, 11, 13, 14, 17, 18, 19, 20, 21, 23, 24, 25, 28, 29, 30, 31, 32, 33, 35, 36, 37, 38, 41, 44, 45, 46, 47, 48, 49, 50, 52, 54, 55, 56, 57, 58, 59, 62, 63, 64, 65, 66, 67, 70, 72, 73, 76, 79, 80, 81, 84, 85, 86, 91, 92], "excluded_lines": [], "functions": {"RMSNorm.__init__": {"executed_lines": [], "summary": {"covered_lines": 0, "num_statements": 3, "percent_covered": 0.0, "percent_covered_display": "0", "missing_lines": 3, "excluded_lines": 0}, "missing_lines": [19, 20, 21], "excluded_lines": []}, "RMSNorm.forward": {"executed_lines": [], "summary": {"covered_lines": 0, "num_statements": 2, "percent_covered": 0.0, "percent_covered_display": "0", "missing_lines": 2, "excluded_lines": 0}, "missing_lines": [24, 25], "excluded_lines": []}, "SwiGLU.__init__": {"executed_lines": [], "summary": {"covered_lines": 0, "num_statements": 4, "percent_covered": 0.0, "percent_covered_display": "0", "missing_lines": 4, "excluded_lines": 0}, "missing_lines": [30, 31, 32, 33], "excluded_lines": []}, "SwiGLU.forward": {"executed_lines": [], "summary": {"covered_lines": 0, "num_statements": 3, "percent_covered": 0.0, "percent_covered_display": "0", "missing_lines": 3, "excluded_lines": 0}, "missing_lines": [36, 37, 38], "excluded_lines": []}, "ToyTransformer.__init__": {"executed_lines": [], "summary": {"covered_lines": 0, "num_statements": 6, "percent_covered": 0.0, "percent_covered_display": "0", "missing_lines": 6, "excluded_lines": 0}, "missing_lines": [45, 46, 47, 48, 49, 50], "excluded_lines": []}, "ToyTransformer.forward": {"executed_lines": [], "summary": {"covered_lines": 0, "num_statements": 6, "percent_covered": 0.0, "percent_covered_display": "0", "missing_lines": 6, "excluded_lines": 0}, "missing_lines": [54, 55, 56, 57, 58, 59], "excluded_lines": []}, "main": {"executed_lines": [], "summary": {"covered_lines": 0, "num_statements": 15, "percent_covered": 0.0, "percent_covered_display": "0", "missing_lines": 15, "excluded_lines": 0}, "missing_lines": [63, 64, 65, 66, 67, 70, 72, 73, 76, 79, 80, 81, 84, 85, 86], "excluded_lines": []}, "": {"executed_lines": [], "summary": {"covered_lines": 0, "num_statements": 16, "percent_covered": 0.0, "percent_covered_display": "0", "missing_lines": 16, "excluded_lines": 0}, "missing_lines": [10, 11, 13, 14, 17, 18, 23, 28, 29, 35, 41, 44, 52, 62, 91, 92], "excluded_lines": []}}, "classes": {"RMSNorm": {"executed_lines": [], "summary": {"covered_lines": 0, "num_statements": 5, "percent_covered": 0.0, "percent_covered_display": "0", "missing_lines": 5, "excluded_lines": 0}, "missing_lines": [19, 20, 21, 24, 25], "excluded_lines": []}, "SwiGLU": {"executed_lines": [], "summary": {"covered_lines": 0, "num_statements": 7, "percent_covered": 0.0, "percent_covered_display": "0", "missing_lines": 7, "excluded_lines": 0}, "missing_lines": [30, 31, 32, 33, 36, 37, 38], "excluded_lines": []}, "ToyTransformer": {"executed_lines": [], "summary": {"covered_lines": 0, "num_statements": 12, "percent_covered": 0.0, "percent_covered_display": "0", "missing_lines": 12, "excluded_lines": 0}, "missing_lines": [45, 46, 47, 48, 49, 50, 54, 55, 56, 57, 58, 59], "excluded_lines": []}, "": {"executed_lines": [], "summary": {"covered_lines": 0, "num_statements": 31, "percent_covered": 0.0, "percent_covered_display": "0", "missing_lines": 31, "excluded_lines": 0}, "missing_lines": [10, 11, 13, 14, 17, 18, 23, 28, 29, 35, 41, 44, 52, 62, 63, 64, 65, 66, 67, 70, 72, 73, 76, 79, 80, 81, 84, 85, 86, 91, 92], "excluded_lines": []}}}, "conversion/onnx_surgery.py": {"executed_lines": [], "summary": {"covered_lines": 0, "num_statements": 116, "percent_covered": 0.0, "percent_covered_display": "0", "missing_lines": 116, "excluded_lines": 2}, "missing_lines": [13, 14, 15, 17, 18, 20, 21, 26, 27, 28, 29, 30, 33, 34, 35, 36, 37, 40, 47, 48, 49, 51, 52, 55, 56, 57, 58, 61, 62, 63, 64, 65, 66, 69, 70, 74, 77, 78, 80, 81, 82, 83, 84, 87, 89, 92, 93, 94, 98, 101, 104, 107, 110, 112, 113, 114, 116, 119, 120, 122, 125, 126, 129, 132, 136, 137, 141, 142, 143, 146, 147, 148, 149, 150, 151, 152, 153, 154, 155, 157, 159, 160, 161, 162, 165, 166, 167, 168, 169, 170, 173, 174, 175, 176, 177, 178, 179, 181, 182, 184, 185, 186, 187, 188, 190, 191, 192, 193, 194, 195, 196, 198, 199, 200, 203, 204], "excluded_lines": [22, 23], "functions": {"force_input_dtype": {"executed_lines": [], "summary": {"covered_lines": 0, "num_statements": 4, "percent_covered": 0.0, "percent_covered_display": "0", "missing_lines": 4, "excluded_lines": 0}, "missing_lines": [27, 28, 29, 30], "excluded_lines": []}, "force_output_dtype": {"executed_lines": [], "summary": {"covered_lines": 0, "num_statements": 4, "percent_covered": 0.0, "percent_covered_display": "0", "missing_lines": 4, "excluded_lines": 0}, "missing_lines": [34, 35, 36, 37], "excluded_lines": []}, "strip_redundant_casts": {"executed_lines": [], "summary": {"covered_lines": 0, "num_statements": 51, "percent_covered": 0.0, "percent_covered_display": "0", "missing_lines": 51, "excluded_lines": 0}, "missing_lines": [47, 48, 49, 51, 52, 55, 56, 57, 58, 61, 62, 63, 64, 65, 66, 69, 70, 74, 77, 78, 80, 81, 82, 83, 84, 87, 89, 92, 93, 94, 98, 101, 104, 107, 110, 112, 113, 114, 116, 119, 120, 122, 125, 126, 129, 132, 136, 137, 141, 142, 143], "excluded_lines": []}, "cast_int64_initializers": {"executed_lines": [], "summary": {"covered_lines": 0, "num_statements": 14, "percent_covered": 0.0, "percent_covered_display": "0", "missing_lines": 14, "excluded_lines": 0}, "missing_lines": [147, 148, 149, 150, 151, 152, 153, 154, 155, 157, 159, 160, 161, 162], "excluded_lines": []}, "run": {"executed_lines": [], "summary": {"covered_lines": 0, "num_statements": 5, "percent_covered": 0.0, "percent_covered_display": "0", "missing_lines": 5, "excluded_lines": 0}, "missing_lines": [166, 167, 168, 169, 170], "excluded_lines": []}, "main": {"executed_lines": [], "summary": {"covered_lines": 0, "num_statements": 23, "percent_covered": 0.0, "percent_covered_display": "0", "missing_lines": 23, "excluded_lines": 0}, "missing_lines": [174, 175, 176, 177, 178, 179, 181, 182, 184, 185, 186, 187, 188, 190, 191, 192, 193, 194, 195, 196, 198, 199, 200], "excluded_lines": []}, "": {"executed_lines": [], "summary": {"covered_lines": 0, "num_statements": 15, "percent_covered": 0.0, "percent_covered_display": "0", "missing_lines": 15, "excluded_lines": 2}, "missing_lines": [13, 14, 15, 17, 18, 20, 21, 26, 33, 40, 146, 165, 173, 203, 204], "excluded_lines": [22, 23]}}, "classes": {"": {"executed_lines": [], "summary": {"covered_lines": 0, "num_statements": 116, "percent_covered": 0.0, "percent_covered_display": "0", "missing_lines": 116, "excluded_lines": 2}, "missing_lines": [13, 14, 15, 17, 18, 20, 21, 26, 27, 28, 29, 30, 33, 34, 35, 36, 37, 40, 47, 48, 49, 51, 52, 55, 56, 57, 58, 61, 62, 63, 64, 65, 66, 69, 70, 74, 77, 78, 80, 81, 82, 83, 84, 87, 89, 92, 93, 94, 98, 101, 104, 107, 110, 112, 113, 114, 116, 119, 120, 122, 125, 126, 129, 132, 136, 137, 141, 142, 143, 146, 147, 148, 149, 150, 151, 152, 153, 154, 155, 157, 159, 160, 161, 162, 165, 166, 167, 168, 169, 170, 173, 174, 175, 176, 177, 178, 179, 181, 182, 184, 185, 186, 187, 188, 190, 191, 192, 193, 194, 195, 196, 198, 199, 200, 203, 204], "excluded_lines": [22, 23]}}}, "conversion/shape_validator.py": {"executed_lines": [1, 8, 9, 12, 33, 34, 36, 39, 40, 70, 71, 86, 113, 123, 124, 126, 136, 137, 138, 139, 141, 142, 143, 145, 154, 161, 164, 174, 185, 187, 188, 191, 192, 195, 198], "summary": {"covered_lines": 34, "num_statements": 60, "percent_covered": 56.666666666666664, "percent_covered_display": "57", "missing_lines": 26, "excluded_lines": 0}, "missing_lines": [43, 44, 46, 48, 49, 51, 52, 60, 61, 68, 77, 78, 114, 127, 171, 211, 213, 214, 216, 217, 220, 223, 224, 225, 227, 228], "excluded_lines": [], "functions": {"validate_shape_with_model": {"executed_lines": [33, 34, 36, 39, 40, 70, 71], "summary": {"covered_lines": 7, "num_statements": 19, "percent_covered": 36.8421052631579, "percent_covered_display": "37", "missing_lines": 12, "excluded_lines": 0}, "missing_lines": [43, 44, 46, 48, 49, 51, 52, 60, 61, 68, 77, 78], "excluded_lines": []}, "validate_enumerated_shapes": {"executed_lines": [113, 123, 124, 126, 136, 137, 138, 139, 141, 142, 143, 145], "summary": {"covered_lines": 12, "num_statements": 14, "percent_covered": 85.71428571428571, "percent_covered_display": "86", "missing_lines": 2, "excluded_lines": 0}, "missing_lines": [114, 127], "excluded_lines": []}, "get_production_shapes": {"executed_lines": [161], "summary": {"covered_lines": 1, "num_statements": 1, "percent_covered": 100.0, "percent_covered_display": "100", "missing_lines": 0, "excluded_lines": 0}, "missing_lines": [], "excluded_lines": []}, "get_toy_shapes": {"executed_lines": [], "summary": {"covered_lines": 0, "num_statements": 1, "percent_covered": 0.0, "percent_covered_display": "0", "missing_lines": 1, "excluded_lines": 0}, "missing_lines": [171], "excluded_lines": []}, "get_primary_shape": {"executed_lines": [185, 187, 188, 191, 192, 195], "summary": {"covered_lines": 6, "num_statements": 6, "percent_covered": 100.0, "percent_covered_display": "100", "missing_lines": 0, "excluded_lines": 0}, "missing_lines": [], "excluded_lines": []}, "check_shape_validation_results": {"executed_lines": [], "summary": {"covered_lines": 0, "num_statements": 11, "percent_covered": 0.0, "percent_covered_display": "0", "missing_lines": 11, "excluded_lines": 0}, "missing_lines": [211, 213, 214, 216, 217, 220, 223, 224, 225, 227, 228], "excluded_lines": []}, "": {"executed_lines": [1, 8, 9, 12, 86, 154, 164, 174, 198], "summary": {"covered_lines": 8, "num_statements": 8, "percent_covered": 100.0, "percent_covered_display": "100", "missing_lines": 0, "excluded_lines": 0}, "missing_lines": [], "excluded_lines": []}}, "classes": {"": {"executed_lines": [1, 8, 9, 12, 33, 34, 36, 39, 40, 70, 71, 86, 113, 123, 124, 126, 136, 137, 138, 139, 141, 142, 143, 145, 154, 161, 164, 174, 185, 187, 188, 191, 192, 195, 198], "summary": {"covered_lines": 34, "num_statements": 60, "percent_covered": 56.666666666666664, "percent_covered_display": "57", "missing_lines": 26, "excluded_lines": 0}, "missing_lines": [43, 44, 46, 48, 49, 51, 52, 60, 61, 68, 77, 78, 114, 127, 171, 211, 213, 214, 216, 217, 220, 223, 224, 225, 227, 228], "excluded_lines": []}}}, "conversion/validators.py": {"executed_lines": [], "summary": {"covered_lines": 0, "num_statements": 0, "percent_covered": 100.0, "percent_covered_display": "100", "missing_lines": 0, "excluded_lines": 0}, "missing_lines": [], "excluded_lines": [], "functions": {"": {"executed_lines": [], "summary": {"covered_lines": 0, "num_statements": 0, "percent_covered": 100.0, "percent_covered_display": "100", "missing_lines": 0, "excluded_lines": 0}, "missing_lines": [], "excluded_lines": []}}, "classes": {"": {"executed_lines": [], "summary": {"covered_lines": 0, "num_statements": 0, "percent_covered": 100.0, "percent_covered_display": "100", "missing_lines": 0, "excluded_lines": 0}, "missing_lines": [], "excluded_lines": []}}}, "evaluation/8ball_eval.py": {"executed_lines": [], "summary": {"covered_lines": 0, "num_statements": 181, "percent_covered": 0.0, "percent_covered_display": "0", "missing_lines": 181, "excluded_lines": 0}, "missing_lines": [11, 12, 13, 14, 15, 16, 19, 43, 44, 45, 48, 53, 56, 57, 60, 61, 62, 63, 66, 67, 70, 71, 72, 73, 74, 77, 79, 81, 103, 104, 105, 107, 108, 109, 112, 116, 117, 118, 120, 121, 124, 125, 127, 128, 129, 131, 132, 135, 136, 139, 140, 143, 144, 145, 147, 156, 157, 158, 159, 162, 166, 167, 168, 169, 171, 172, 173, 175, 176, 178, 179, 182, 183, 186, 189, 190, 191, 194, 195, 196, 198, 207, 208, 209, 210, 213, 215, 216, 218, 219, 220, 222, 228, 231, 235, 236, 239, 240, 241, 242, 243, 244, 247, 250, 251, 253, 261, 262, 263, 271, 274, 278, 279, 281, 282, 283, 285, 287, 288, 291, 292, 293, 297, 298, 299, 300, 301, 303, 304, 306, 314, 315, 317, 318, 324, 325, 326, 331, 335, 339, 342, 343, 344, 347, 348, 349, 350, 351, 352, 353, 354, 355, 356, 357, 358, 360, 361, 364, 365, 382, 383, 384, 387, 388, 389, 390, 402, 403, 404, 405, 406, 407, 408, 411, 412, 413, 414, 415, 416, 419, 420], "excluded_lines": [], "functions": {"load_eval_questions": {"executed_lines": [], "summary": {"covered_lines": 0, "num_statements": 8, "percent_covered": 0.0, "percent_covered_display": "0", "missing_lines": 8, "excluded_lines": 0}, "missing_lines": [79, 81, 103, 104, 105, 107, 108, 109], "excluded_lines": []}, "evaluate_pytorch_model": {"executed_lines": [], "summary": {"covered_lines": 0, "num_statements": 24, "percent_covered": 0.0, "percent_covered_display": "0", "missing_lines": 24, "excluded_lines": 0}, "missing_lines": [116, 117, 118, 120, 121, 124, 125, 127, 128, 129, 131, 132, 135, 136, 139, 140, 143, 144, 145, 147, 156, 157, 158, 159], "excluded_lines": []}, "evaluate_coreml_model": {"executed_lines": [], "summary": {"covered_lines": 0, "num_statements": 25, "percent_covered": 0.0, "percent_covered_display": "0", "missing_lines": 25, "excluded_lines": 0}, "missing_lines": [166, 167, 168, 169, 171, 172, 173, 175, 176, 178, 179, 182, 183, 186, 189, 190, 191, 194, 195, 196, 198, 207, 208, 209, 210], "excluded_lines": []}, "evaluate_ollama_model": {"executed_lines": [], "summary": {"covered_lines": 0, "num_statements": 24, "percent_covered": 0.0, "percent_covered_display": "0", "missing_lines": 24, "excluded_lines": 0}, "missing_lines": [215, 216, 218, 219, 220, 222, 228, 231, 235, 236, 239, 240, 241, 242, 243, 244, 247, 250, 251, 253, 261, 262, 263, 271], "excluded_lines": []}, "compare_predictions": {"executed_lines": [], "summary": {"covered_lines": 0, "num_statements": 19, "percent_covered": 0.0, "percent_covered_display": "0", "missing_lines": 19, "excluded_lines": 0}, "missing_lines": [278, 279, 281, 282, 283, 285, 287, 288, 291, 292, 293, 297, 298, 299, 300, 301, 303, 304, 306], "excluded_lines": []}, "main": {"executed_lines": [], "summary": {"covered_lines": 0, "num_statements": 48, "percent_covered": 0.0, "percent_covered_display": "0", "missing_lines": 48, "excluded_lines": 0}, "missing_lines": [315, 317, 318, 324, 325, 326, 331, 335, 339, 342, 343, 344, 347, 348, 349, 350, 351, 352, 353, 354, 355, 356, 357, 358, 360, 361, 364, 365, 382, 383, 384, 387, 388, 389, 390, 402, 403, 404, 405, 406, 407, 408, 411, 412, 413, 414, 415, 416], "excluded_lines": []}, "": {"executed_lines": [], "summary": {"covered_lines": 0, "num_statements": 33, "percent_covered": 0.0, "percent_covered_display": "0", "missing_lines": 33, "excluded_lines": 0}, "missing_lines": [11, 12, 13, 14, 15, 16, 19, 43, 44, 45, 48, 53, 56, 57, 60, 61, 62, 63, 66, 67, 70, 71, 72, 73, 74, 77, 112, 162, 213, 274, 314, 419, 420], "excluded_lines": []}}, "classes": {"PredictionResult": {"executed_lines": [], "summary": {"covered_lines": 0, "num_statements": 0, "percent_covered": 100.0, "percent_covered_display": "100", "missing_lines": 0, "excluded_lines": 0}, "missing_lines": [], "excluded_lines": []}, "EvaluationMetrics": {"executed_lines": [], "summary": {"covered_lines": 0, "num_statements": 0, "percent_covered": 100.0, "percent_covered_display": "100", "missing_lines": 0, "excluded_lines": 0}, "missing_lines": [], "excluded_lines": []}, "": {"executed_lines": [], "summary": {"covered_lines": 0, "num_statements": 181, "percent_covered": 0.0, "percent_covered_display": "0", "missing_lines": 181, "excluded_lines": 0}, "missing_lines": [11, 12, 13, 14, 15, 16, 19, 43, 44, 45, 48, 53, 56, 57, 60, 61, 62, 63, 66, 67, 70, 71, 72, 73, 74, 77, 79, 81, 103, 104, 105, 107, 108, 109, 112, 116, 117, 118, 120, 121, 124, 125, 127, 128, 129, 131, 132, 135, 136, 139, 140, 143, 144, 145, 147, 156, 157, 158, 159, 162, 166, 167, 168, 169, 171, 172, 173, 175, 176, 178, 179, 182, 183, 186, 189, 190, 191, 194, 195, 196, 198, 207, 208, 209, 210, 213, 215, 216, 218, 219, 220, 222, 228, 231, 235, 236, 239, 240, 241, 242, 243, 244, 247, 250, 251, 253, 261, 262, 263, 271, 274, 278, 279, 281, 282, 283, 285, 287, 288, 291, 292, 293, 297, 298, 299, 300, 301, 303, 304, 306, 314, 315, 317, 318, 324, 325, 326, 331, 335, 339, 342, 343, 344, 347, 348, 349, 350, 351, 352, 353, 354, 355, 356, 357, 358, 360, 361, 364, 365, 382, 383, 384, 387, 388, 389, 390, 402, 403, 404, 405, 406, 407, 408, 411, 412, 413, 414, 415, 416, 419, 420], "excluded_lines": []}}}, "evaluation/caws_eval.py": {"executed_lines": [], "summary": {"covered_lines": 0, "num_statements": 169, "percent_covered": 0.0, "percent_covered_display": "0", "missing_lines": 169, "excluded_lines": 0}, "missing_lines": [5, 6, 7, 8, 9, 10, 11, 13, 14, 15, 16, 18, 21, 23, 24, 25, 28, 29, 31, 32, 34, 35, 36, 37, 38, 39, 40, 42, 44, 45, 47, 57, 59, 71, 75, 76, 79, 82, 84, 92, 105, 106, 108, 109, 110, 113, 119, 120, 121, 123, 135, 137, 138, 140, 141, 142, 144, 145, 148, 150, 151, 153, 154, 155, 156, 158, 159, 162, 164, 165, 167, 168, 169, 170, 172, 173, 176, 178, 179, 185, 191, 192, 193, 194, 197, 200, 206, 207, 208, 209, 215, 216, 217, 218, 221, 224, 226, 228, 236, 237, 238, 239, 240, 243, 244, 250, 254, 255, 261, 262, 291, 292, 293, 294, 295, 297, 300, 301, 302, 303, 305, 306, 309, 310, 311, 312, 315, 318, 321, 322, 323, 324, 325, 327, 330, 331, 332, 333, 334, 336, 339, 340, 341, 342, 343, 345, 348, 349, 361, 364, 366, 367, 368, 369, 371, 374, 375, 376, 377, 378, 380, 381, 383, 384, 385, 387, 388, 391, 392], "excluded_lines": [], "functions": {"validate_budget_adherence": {"executed_lines": [], "summary": {"covered_lines": 0, "num_statements": 18, "percent_covered": 0.0, "percent_covered_display": "0", "missing_lines": 18, "excluded_lines": 0}, "missing_lines": [23, 24, 25, 28, 29, 31, 32, 34, 35, 36, 37, 38, 39, 40, 42, 44, 45, 47], "excluded_lines": []}, "validate_gate_integrity": {"executed_lines": [], "summary": {"covered_lines": 0, "num_statements": 1, "percent_covered": 0.0, "percent_covered_display": "0", "missing_lines": 1, "excluded_lines": 0}, "missing_lines": [59], "excluded_lines": []}, "validate_provenance_clarity": {"executed_lines": [], "summary": {"covered_lines": 0, "num_statements": 5, "percent_covered": 0.0, "percent_covered_display": "0", "missing_lines": 5, "excluded_lines": 0}, "missing_lines": [75, 76, 79, 82, 84], "excluded_lines": []}, "evaluate_caws_compliance": {"executed_lines": [], "summary": {"covered_lines": 0, "num_statements": 10, "percent_covered": 0.0, "percent_covered_display": "0", "missing_lines": 10, "excluded_lines": 0}, "missing_lines": [105, 106, 108, 109, 110, 113, 119, 120, 121, 123], "excluded_lines": []}, "_load_working_spec": {"executed_lines": [], "summary": {"covered_lines": 0, "num_statements": 7, "percent_covered": 0.0, "percent_covered_display": "0", "missing_lines": 7, "excluded_lines": 0}, "missing_lines": [137, 138, 140, 141, 142, 144, 145], "excluded_lines": []}, "_load_file_content": {"executed_lines": [], "summary": {"covered_lines": 0, "num_statements": 8, "percent_covered": 0.0, "percent_covered_display": "0", "missing_lines": 8, "excluded_lines": 0}, "missing_lines": [150, 151, 153, 154, 155, 156, 158, 159], "excluded_lines": []}, "_load_json_file": {"executed_lines": [], "summary": {"covered_lines": 0, "num_statements": 8, "percent_covered": 0.0, "percent_covered_display": "0", "missing_lines": 8, "excluded_lines": 0}, "missing_lines": [164, 165, 167, 168, 169, 170, 172, 173], "excluded_lines": []}, "_run_tests": {"executed_lines": [], "summary": {"covered_lines": 0, "num_statements": 7, "percent_covered": 0.0, "percent_covered_display": "0", "missing_lines": 7, "excluded_lines": 0}, "missing_lines": [178, 179, 185, 191, 192, 193, 194], "excluded_lines": []}, "_run_linter": {"executed_lines": [], "summary": {"covered_lines": 0, "num_statements": 10, "percent_covered": 0.0, "percent_covered_display": "0", "missing_lines": 10, "excluded_lines": 0}, "missing_lines": [200, 206, 207, 208, 209, 215, 216, 217, 218, 221], "excluded_lines": []}, "_run_coverage": {"executed_lines": [], "summary": {"covered_lines": 0, "num_statements": 12, "percent_covered": 0.0, "percent_covered_display": "0", "missing_lines": 12, "excluded_lines": 0}, "missing_lines": [226, 228, 236, 237, 238, 239, 240, 243, 244, 250, 254, 255], "excluded_lines": []}, "main": {"executed_lines": [], "summary": {"covered_lines": 0, "num_statements": 57, "percent_covered": 0.0, "percent_covered_display": "0", "missing_lines": 57, "excluded_lines": 0}, "missing_lines": [291, 292, 293, 294, 295, 297, 300, 301, 302, 303, 305, 306, 309, 310, 311, 312, 315, 318, 321, 322, 323, 324, 325, 327, 330, 331, 332, 333, 334, 336, 339, 340, 341, 342, 343, 345, 348, 349, 361, 364, 366, 367, 368, 369, 371, 374, 375, 376, 377, 378, 380, 381, 383, 384, 385, 387, 388], "excluded_lines": []}, "": {"executed_lines": [], "summary": {"covered_lines": 0, "num_statements": 26, "percent_covered": 0.0, "percent_covered_display": "0", "missing_lines": 26, "excluded_lines": 0}, "missing_lines": [5, 6, 7, 8, 9, 10, 11, 13, 14, 15, 16, 18, 21, 57, 71, 92, 135, 148, 162, 176, 197, 224, 261, 262, 391, 392], "excluded_lines": []}}, "classes": {"": {"executed_lines": [], "summary": {"covered_lines": 0, "num_statements": 169, "percent_covered": 0.0, "percent_covered_display": "0", "missing_lines": 169, "excluded_lines": 0}, "missing_lines": [5, 6, 7, 8, 9, 10, 11, 13, 14, 15, 16, 18, 21, 23, 24, 25, 28, 29, 31, 32, 34, 35, 36, 37, 38, 39, 40, 42, 44, 45, 47, 57, 59, 71, 75, 76, 79, 82, 84, 92, 105, 106, 108, 109, 110, 113, 119, 120, 121, 123, 135, 137, 138, 140, 141, 142, 144, 145, 148, 150, 151, 153, 154, 155, 156, 158, 159, 162, 164, 165, 167, 168, 169, 170, 172, 173, 176, 178, 179, 185, 191, 192, 193, 194, 197, 200, 206, 207, 208, 209, 215, 216, 217, 218, 221, 224, 226, 228, 236, 237, 238, 239, 240, 243, 244, 250, 254, 255, 261, 262, 291, 292, 293, 294, 295, 297, 300, 301, 302, 303, 305, 306, 309, 310, 311, 312, 315, 318, 321, 322, 323, 324, 325, 327, 330, 331, 332, 333, 334, 336, 339, 340, 341, 342, 343, 345, 348, 349, 361, 364, 366, 367, 368, 369, 371, 374, 375, 376, 377, 378, 380, 381, 383, 384, 385, 387, 388, 391, 392], "excluded_lines": []}}}, "evaluation/claim_extraction_metrics.py": {"executed_lines": [], "summary": {"covered_lines": 0, "num_statements": 67, "percent_covered": 0.0, "percent_covered_display": "0", "missing_lines": 67, "excluded_lines": 0}, "missing_lines": [11, 12, 14, 17, 18, 21, 22, 23, 24, 25, 26, 27, 30, 38, 46, 48, 67, 68, 73, 74, 75, 76, 78, 79, 85, 86, 87, 88, 90, 92, 93, 94, 95, 97, 98, 103, 108, 113, 115, 125, 150, 151, 152, 155, 156, 157, 159, 165, 166, 168, 169, 170, 172, 173, 174, 177, 178, 179, 180, 182, 183, 185, 189, 190, 192, 199, 201], "excluded_lines": [], "functions": {"ClaimExtractionEvaluator.__init__": {"executed_lines": [], "summary": {"covered_lines": 0, "num_statements": 1, "percent_covered": 0.0, "percent_covered_display": "0", "missing_lines": 1, "excluded_lines": 0}, "missing_lines": [46], "excluded_lines": []}, "ClaimExtractionEvaluator.evaluate": {"executed_lines": [], "summary": {"covered_lines": 0, "num_statements": 23, "percent_covered": 0.0, "percent_covered_display": "0", "missing_lines": 23, "excluded_lines": 0}, "missing_lines": [67, 68, 73, 74, 75, 76, 78, 79, 85, 86, 87, 88, 90, 92, 93, 94, 95, 97, 98, 103, 108, 113, 115], "excluded_lines": []}, "ClaimExtractionEvaluator.evaluate_from_dataset": {"executed_lines": [], "summary": {"covered_lines": 0, "num_statements": 25, "percent_covered": 0.0, "percent_covered_display": "0", "missing_lines": 25, "excluded_lines": 0}, "missing_lines": [150, 151, 152, 155, 156, 157, 159, 165, 166, 168, 169, 170, 172, 173, 174, 177, 178, 179, 180, 182, 183, 185, 189, 190, 192], "excluded_lines": []}, "ClaimExtractionEvaluator.format_results": {"executed_lines": [], "summary": {"covered_lines": 0, "num_statements": 1, "percent_covered": 0.0, "percent_covered_display": "0", "missing_lines": 1, "excluded_lines": 0}, "missing_lines": [201], "excluded_lines": []}, "": {"executed_lines": [], "summary": {"covered_lines": 0, "num_statements": 17, "percent_covered": 0.0, "percent_covered_display": "0", "missing_lines": 17, "excluded_lines": 0}, "missing_lines": [11, 12, 14, 17, 18, 21, 22, 23, 24, 25, 26, 27, 30, 38, 48, 125, 199], "excluded_lines": []}}, "classes": {"ClaimExtractionEvalResult": {"executed_lines": [], "summary": {"covered_lines": 0, "num_statements": 0, "percent_covered": 100.0, "percent_covered_display": "100", "missing_lines": 0, "excluded_lines": 0}, "missing_lines": [], "excluded_lines": []}, "ClaimExtractionEvaluator": {"executed_lines": [], "summary": {"covered_lines": 0, "num_statements": 50, "percent_covered": 0.0, "percent_covered_display": "0", "missing_lines": 50, "excluded_lines": 0}, "missing_lines": [46, 67, 68, 73, 74, 75, 76, 78, 79, 85, 86, 87, 88, 90, 92, 93, 94, 95, 97, 98, 103, 108, 113, 115, 150, 151, 152, 155, 156, 157, 159, 165, 166, 168, 169, 170, 172, 173, 174, 177, 178, 179, 180, 182, 183, 185, 189, 190, 192, 201], "excluded_lines": []}, "": {"executed_lines": [], "summary": {"covered_lines": 0, "num_statements": 17, "percent_covered": 0.0, "percent_covered_display": "0", "missing_lines": 17, "excluded_lines": 0}, "missing_lines": [11, 12, 14, 17, 18, 21, 22, 23, 24, 25, 26, 27, 30, 38, 48, 125, 199], "excluded_lines": []}}}, "evaluation/classification_eval.py": {"executed_lines": [], "summary": {"covered_lines": 0, "num_statements": 223, "percent_covered": 0.0, "percent_covered_display": "0", "missing_lines": 223, "excluded_lines": 0}, "missing_lines": [14, 15, 16, 17, 18, 19, 20, 23, 24, 27, 28, 29, 30, 31, 34, 35, 38, 39, 40, 41, 44, 45, 48, 49, 50, 51, 52, 55, 57, 58, 60, 62, 63, 64, 68, 69, 72, 73, 74, 76, 77, 80, 81, 82, 84, 85, 86, 89, 93, 94, 95, 97, 98, 101, 102, 104, 105, 106, 108, 109, 112, 113, 116, 117, 120, 121, 122, 124, 133, 134, 135, 136, 139, 143, 144, 145, 146, 148, 149, 150, 152, 153, 155, 156, 159, 160, 163, 166, 167, 168, 171, 172, 173, 175, 184, 185, 186, 187, 190, 194, 196, 197, 198, 200, 206, 209, 212, 213, 216, 217, 218, 219, 220, 221, 224, 225, 226, 227, 228, 229, 230, 233, 236, 237, 239, 247, 248, 249, 257, 260, 264, 265, 267, 268, 269, 271, 273, 274, 277, 278, 279, 283, 284, 285, 286, 287, 289, 290, 292, 300, 301, 303, 304, 310, 311, 312, 317, 321, 325, 329, 332, 333, 334, 335, 336, 337, 340, 342, 343, 344, 347, 349, 350, 351, 352, 353, 354, 356, 359, 360, 362, 364, 365, 367, 371, 374, 375, 376, 377, 378, 379, 380, 381, 382, 383, 384, 385, 387, 388, 391, 392, 410, 411, 412, 415, 416, 417, 418, 430, 431, 432, 433, 434, 435, 436, 439, 440, 441, 442, 443, 444, 447, 448], "excluded_lines": [], "functions": {"load_classification_config": {"executed_lines": [], "summary": {"covered_lines": 0, "num_statements": 19, "percent_covered": 0.0, "percent_covered_display": "0", "missing_lines": 19, "excluded_lines": 0}, "missing_lines": [57, 58, 60, 62, 63, 64, 68, 69, 72, 73, 74, 76, 77, 80, 81, 82, 84, 85, 86], "excluded_lines": []}, "evaluate_pytorch_model": {"executed_lines": [], "summary": {"covered_lines": 0, "num_statements": 24, "percent_covered": 0.0, "percent_covered_display": "0", "missing_lines": 24, "excluded_lines": 0}, "missing_lines": [93, 94, 95, 97, 98, 101, 102, 104, 105, 106, 108, 109, 112, 113, 116, 117, 120, 121, 122, 124, 133, 134, 135, 136], "excluded_lines": []}, "evaluate_coreml_model": {"executed_lines": [], "summary": {"covered_lines": 0, "num_statements": 25, "percent_covered": 0.0, "percent_covered_display": "0", "missing_lines": 25, "excluded_lines": 0}, "missing_lines": [143, 144, 145, 146, 148, 149, 150, 152, 153, 155, 156, 159, 160, 163, 166, 167, 168, 171, 172, 173, 175, 184, 185, 186, 187], "excluded_lines": []}, "evaluate_ollama_model": {"executed_lines": [], "summary": {"covered_lines": 0, "num_statements": 30, "percent_covered": 0.0, "percent_covered_display": "0", "missing_lines": 30, "excluded_lines": 0}, "missing_lines": [194, 196, 197, 198, 200, 206, 209, 212, 213, 216, 217, 218, 219, 220, 221, 224, 225, 226, 227, 228, 229, 230, 233, 236, 237, 239, 247, 248, 249, 257], "excluded_lines": []}, "compare_predictions": {"executed_lines": [], "summary": {"covered_lines": 0, "num_statements": 19, "percent_covered": 0.0, "percent_covered_display": "0", "missing_lines": 19, "excluded_lines": 0}, "missing_lines": [264, 265, 267, 268, 269, 271, 273, 274, 277, 278, 279, 283, 284, 285, 286, 287, 289, 290, 292], "excluded_lines": []}, "main": {"executed_lines": [], "summary": {"covered_lines": 0, "num_statements": 71, "percent_covered": 0.0, "percent_covered_display": "0", "missing_lines": 71, "excluded_lines": 0}, "missing_lines": [301, 303, 304, 310, 311, 312, 317, 321, 325, 329, 332, 333, 334, 335, 336, 337, 340, 342, 343, 344, 347, 349, 350, 351, 352, 353, 354, 356, 359, 360, 362, 364, 365, 367, 371, 374, 375, 376, 377, 378, 379, 380, 381, 382, 383, 384, 385, 387, 388, 391, 392, 410, 411, 412, 415, 416, 417, 418, 430, 431, 432, 433, 434, 435, 436, 439, 440, 441, 442, 443, 444], "excluded_lines": []}, "": {"executed_lines": [], "summary": {"covered_lines": 0, "num_statements": 35, "percent_covered": 0.0, "percent_covered_display": "0", "missing_lines": 35, "excluded_lines": 0}, "missing_lines": [14, 15, 16, 17, 18, 19, 20, 23, 24, 27, 28, 29, 30, 31, 34, 35, 38, 39, 40, 41, 44, 45, 48, 49, 50, 51, 52, 55, 89, 139, 190, 260, 300, 447, 448], "excluded_lines": []}}, "classes": {"ClassificationConfig": {"executed_lines": [], "summary": {"covered_lines": 0, "num_statements": 0, "percent_covered": 100.0, "percent_covered_display": "100", "missing_lines": 0, "excluded_lines": 0}, "missing_lines": [], "excluded_lines": []}, "PredictionResult": {"executed_lines": [], "summary": {"covered_lines": 0, "num_statements": 0, "percent_covered": 100.0, "percent_covered_display": "100", "missing_lines": 0, "excluded_lines": 0}, "missing_lines": [], "excluded_lines": []}, "EvaluationMetrics": {"executed_lines": [], "summary": {"covered_lines": 0, "num_statements": 0, "percent_covered": 100.0, "percent_covered_display": "100", "missing_lines": 0, "excluded_lines": 0}, "missing_lines": [], "excluded_lines": []}, "": {"executed_lines": [], "summary": {"covered_lines": 0, "num_statements": 223, "percent_covered": 0.0, "percent_covered_display": "0", "missing_lines": 223, "excluded_lines": 0}, "missing_lines": [14, 15, 16, 17, 18, 19, 20, 23, 24, 27, 28, 29, 30, 31, 34, 35, 38, 39, 40, 41, 44, 45, 48, 49, 50, 51, 52, 55, 57, 58, 60, 62, 63, 64, 68, 69, 72, 73, 74, 76, 77, 80, 81, 82, 84, 85, 86, 89, 93, 94, 95, 97, 98, 101, 102, 104, 105, 106, 108, 109, 112, 113, 116, 117, 120, 121, 122, 124, 133, 134, 135, 136, 139, 143, 144, 145, 146, 148, 149, 150, 152, 153, 155, 156, 159, 160, 163, 166, 167, 168, 171, 172, 173, 175, 184, 185, 186, 187, 190, 194, 196, 197, 198, 200, 206, 209, 212, 213, 216, 217, 218, 219, 220, 221, 224, 225, 226, 227, 228, 229, 230, 233, 236, 237, 239, 247, 248, 249, 257, 260, 264, 265, 267, 268, 269, 271, 273, 274, 277, 278, 279, 283, 284, 285, 286, 287, 289, 290, 292, 300, 301, 303, 304, 310, 311, 312, 317, 321, 325, 329, 332, 333, 334, 335, 336, 337, 340, 342, 343, 344, 347, 349, 350, 351, 352, 353, 354, 356, 359, 360, 362, 364, 365, 367, 371, 374, 375, 376, 377, 378, 379, 380, 381, 382, 383, 384, 385, 387, 388, 391, 392, 410, 411, 412, 415, 416, 417, 418, 430, 431, 432, 433, 434, 435, 436, 439, 440, 441, 442, 443, 444, 447, 448], "excluded_lines": []}}}, "evaluation/compare_8ball_pipelines.py": {"executed_lines": [], "summary": {"covered_lines": 0, "num_statements": 78, "percent_covered": 0.0, "percent_covered_display": "0", "missing_lines": 78, "excluded_lines": 0}, "missing_lines": [12, 13, 14, 15, 24, 27, 28, 29, 33, 37, 41, 46, 51, 56, 58, 59, 62, 63, 65, 68, 69, 70, 71, 72, 75, 77, 78, 99, 102, 103, 104, 105, 106, 109, 111, 112, 133, 136, 137, 138, 139, 140, 141, 143, 144, 160, 163, 164, 165, 166, 167, 169, 170, 171, 172, 173, 174, 175, 176, 178, 179, 180, 181, 182, 183, 184, 185, 188, 189, 190, 195, 196, 197, 203, 204, 206, 209, 210], "excluded_lines": [], "functions": {"main": {"executed_lines": [], "summary": {"covered_lines": 0, "num_statements": 70, "percent_covered": 0.0, "percent_covered_display": "0", "missing_lines": 70, "excluded_lines": 0}, "missing_lines": [28, 29, 33, 37, 41, 46, 51, 56, 58, 59, 62, 63, 65, 68, 69, 70, 71, 72, 75, 77, 78, 99, 102, 103, 104, 105, 106, 109, 111, 112, 133, 136, 137, 138, 139, 140, 141, 143, 144, 160, 163, 164, 165, 166, 167, 169, 170, 171, 172, 173, 174, 175, 176, 178, 179, 180, 181, 182, 183, 184, 185, 188, 189, 190, 195, 196, 197, 203, 204, 206], "excluded_lines": []}, "": {"executed_lines": [], "summary": {"covered_lines": 0, "num_statements": 8, "percent_covered": 0.0, "percent_covered_display": "0", "missing_lines": 8, "excluded_lines": 0}, "missing_lines": [12, 13, 14, 15, 24, 27, 209, 210], "excluded_lines": []}}, "classes": {"": {"executed_lines": [], "summary": {"covered_lines": 0, "num_statements": 78, "percent_covered": 0.0, "percent_covered_display": "0", "missing_lines": 78, "excluded_lines": 0}, "missing_lines": [12, 13, 14, 15, 24, 27, 28, 29, 33, 37, 41, 46, 51, 56, 58, 59, 62, 63, 65, 68, 69, 70, 71, 72, 75, 77, 78, 99, 102, 103, 104, 105, 106, 109, 111, 112, 133, 136, 137, 138, 139, 140, 141, 143, 144, 160, 163, 164, 165, 166, 167, 169, 170, 171, 172, 173, 174, 175, 176, 178, 179, 180, 181, 182, 183, 184, 185, 188, 189, 190, 195, 196, 197, 203, 204, 206, 209, 210], "excluded_lines": []}}}, "evaluation/long_ctx_eval.py": {"executed_lines": [], "summary": {"covered_lines": 0, "num_statements": 4, "percent_covered": 0.0, "percent_covered_display": "0", "missing_lines": 4, "excluded_lines": 0}, "missing_lines": [1, 2, 5, 6], "excluded_lines": [], "functions": {"main": {"executed_lines": [], "summary": {"covered_lines": 0, "num_statements": 1, "percent_covered": 0.0, "percent_covered_display": "0", "missing_lines": 1, "excluded_lines": 0}, "missing_lines": [2], "excluded_lines": []}, "": {"executed_lines": [], "summary": {"covered_lines": 0, "num_statements": 3, "percent_covered": 0.0, "percent_covered_display": "0", "missing_lines": 3, "excluded_lines": 0}, "missing_lines": [1, 5, 6], "excluded_lines": []}}, "classes": {"": {"executed_lines": [], "summary": {"covered_lines": 0, "num_statements": 4, "percent_covered": 0.0, "percent_covered_display": "0", "missing_lines": 4, "excluded_lines": 0}, "missing_lines": [1, 2, 5, 6], "excluded_lines": []}}}, "evaluation/perf_mem_eval.py": {"executed_lines": [], "summary": {"covered_lines": 0, "num_statements": 429, "percent_covered": 0.0, "percent_covered_display": "0", "missing_lines": 429, "excluded_lines": 0}, "missing_lines": [2, 3, 4, 5, 6, 7, 8, 10, 12, 13, 14, 15, 16, 17, 20, 21, 22, 23, 24, 25, 28, 29, 30, 32, 33, 34, 36, 37, 38, 41, 44, 45, 47, 53, 54, 55, 57, 59, 66, 76, 86, 90, 104, 108, 122, 127, 129, 132, 134, 136, 137, 140, 156, 157, 159, 160, 161, 162, 163, 164, 166, 167, 170, 171, 172, 173, 175, 176, 177, 178, 181, 183, 184, 187, 188, 189, 192, 193, 196, 197, 202, 203, 206, 207, 208, 210, 212, 213, 215, 216, 219, 220, 221, 222, 224, 225, 226, 227, 228, 230, 231, 232, 233, 235, 236, 239, 242, 243, 246, 247, 249, 257, 258, 260, 263, 264, 266, 274, 277, 278, 279, 281, 284, 285, 286, 287, 290, 291, 292, 294, 295, 298, 299, 300, 301, 302, 303, 305, 306, 309, 310, 312, 313, 317, 318, 319, 320, 321, 322, 323, 325, 326, 327, 328, 331, 332, 334, 335, 339, 340, 341, 342, 343, 344, 345, 347, 348, 349, 352, 353, 355, 357, 358, 359, 361, 369, 370, 372, 391, 396, 397, 400, 401, 404, 405, 408, 409, 410, 412, 415, 438, 439, 441, 444, 445, 446, 448, 449, 450, 453, 455, 456, 457, 459, 460, 461, 462, 463, 464, 465, 466, 468, 469, 470, 471, 472, 473, 475, 476, 479, 480, 481, 482, 483, 484, 485, 486, 488, 489, 490, 493, 495, 497, 498, 501, 502, 509, 515, 516, 517, 518, 520, 522, 523, 524, 527, 528, 529, 530, 537, 543, 544, 545, 551, 552, 553, 558, 564, 570, 575, 578, 583, 589, 594, 599, 605, 611, 617, 624, 630, 633, 634, 635, 636, 638, 639, 640, 641, 644, 645, 646, 648, 656, 665, 666, 667, 670, 671, 672, 673, 676, 677, 678, 679, 681, 689, 690, 691, 694, 695, 696, 697, 698, 700, 701, 702, 704, 707, 708, 709, 712, 713, 715, 717, 720, 721, 723, 726, 727, 733, 735, 736, 737, 739, 746, 748, 750, 753, 754, 756, 757, 760, 761, 762, 763, 764, 766, 772, 773, 774, 775, 776, 779, 780, 782, 784, 791, 793, 798, 800, 803, 804, 806, 807, 810, 811, 812, 813, 814, 816, 821, 822, 823, 824, 825, 828, 829, 831, 834, 835, 836, 837, 838, 839, 841, 842, 844, 845, 848, 849, 851, 859, 860, 861, 864, 865, 866, 868, 869, 870, 872, 887, 888, 889, 891, 894, 895, 897, 899, 901, 902, 903, 904, 906, 907, 908, 910, 914, 915, 916, 918, 921, 922, 923, 925, 926, 927, 928, 929, 932, 934, 946, 947, 950, 951, 952, 953, 954, 955], "excluded_lines": [], "functions": {"detect_hardware": {"executed_lines": [], "summary": {"covered_lines": 0, "num_statements": 17, "percent_covered": 0.0, "percent_covered_display": "0", "missing_lines": 17, "excluded_lines": 0}, "missing_lines": [29, 30, 32, 33, 34, 36, 37, 38, 41, 44, 45, 47, 53, 54, 55, 57, 59], "excluded_lines": []}, "StepAdapter.prepare_state": {"executed_lines": [], "summary": {"covered_lines": 0, "num_statements": 1, "percent_covered": 0.0, "percent_covered_display": "0", "missing_lines": 1, "excluded_lines": 0}, "missing_lines": [86], "excluded_lines": []}, "StepAdapter.first_step": {"executed_lines": [], "summary": {"covered_lines": 0, "num_statements": 1, "percent_covered": 0.0, "percent_covered_display": "0", "missing_lines": 1, "excluded_lines": 0}, "missing_lines": [104], "excluded_lines": []}, "StepAdapter.next_step": {"executed_lines": [], "summary": {"covered_lines": 0, "num_statements": 1, "percent_covered": 0.0, "percent_covered_display": "0", "missing_lines": 1, "excluded_lines": 0}, "missing_lines": [122], "excluded_lines": []}, "greedy_argmax": {"executed_lines": [], "summary": {"covered_lines": 0, "num_statements": 1, "percent_covered": 0.0, "percent_covered_display": "0", "missing_lines": 1, "excluded_lines": 0}, "missing_lines": [129], "excluded_lines": []}, "is_valid_tool_json": {"executed_lines": [], "summary": {"covered_lines": 0, "num_statements": 3, "percent_covered": 0.0, "percent_covered_display": "0", "missing_lines": 3, "excluded_lines": 0}, "missing_lines": [134, 136, 137], "excluded_lines": []}, "run_coreml_speed": {"executed_lines": [], "summary": {"covered_lines": 0, "num_statements": 135, "percent_covered": 0.0, "percent_covered_display": "0", "missing_lines": 135, "excluded_lines": 0}, "missing_lines": [156, 157, 159, 160, 161, 162, 163, 164, 166, 167, 170, 171, 172, 173, 175, 176, 177, 178, 181, 183, 184, 187, 188, 189, 192, 193, 196, 197, 202, 203, 206, 207, 208, 210, 212, 213, 215, 216, 219, 220, 221, 222, 224, 225, 226, 227, 228, 230, 231, 232, 233, 235, 236, 239, 242, 243, 246, 247, 249, 257, 258, 260, 263, 264, 266, 274, 277, 278, 279, 281, 284, 285, 286, 287, 290, 291, 292, 294, 295, 298, 299, 300, 301, 302, 303, 305, 306, 309, 310, 312, 313, 317, 318, 319, 320, 321, 322, 323, 325, 326, 327, 328, 331, 332, 334, 335, 339, 340, 341, 342, 343, 344, 345, 347, 348, 349, 352, 353, 355, 357, 361, 369, 370, 372, 391, 396, 397, 400, 401, 404, 405, 408, 409, 410, 412], "excluded_lines": []}, "run_coreml_speed.pct": {"executed_lines": [], "summary": {"covered_lines": 0, "num_statements": 2, "percent_covered": 0.0, "percent_covered_display": "0", "missing_lines": 2, "excluded_lines": 0}, "missing_lines": [358, 359], "excluded_lines": []}, "load_tokenized_prompts": {"executed_lines": [], "summary": {"covered_lines": 0, "num_statements": 55, "percent_covered": 0.0, "percent_covered_display": "0", "missing_lines": 55, "excluded_lines": 0}, "missing_lines": [438, 439, 441, 444, 445, 446, 448, 449, 450, 453, 455, 456, 457, 459, 460, 461, 462, 463, 464, 465, 466, 468, 469, 470, 471, 472, 473, 475, 476, 479, 480, 481, 482, 483, 484, 485, 486, 488, 489, 490, 493, 495, 497, 498, 501, 502, 509, 515, 516, 517, 518, 520, 522, 523, 524], "excluded_lines": []}, "main": {"executed_lines": [], "summary": {"covered_lines": 0, "num_statements": 128, "percent_covered": 0.0, "percent_covered_display": "0", "missing_lines": 128, "excluded_lines": 0}, "missing_lines": [528, 529, 530, 537, 543, 544, 545, 551, 552, 553, 558, 564, 570, 575, 578, 583, 589, 594, 599, 605, 611, 617, 624, 630, 633, 634, 635, 636, 638, 639, 640, 641, 644, 645, 646, 648, 656, 665, 666, 667, 670, 671, 672, 673, 676, 677, 678, 679, 681, 689, 690, 691, 694, 695, 696, 697, 698, 700, 701, 702, 704, 707, 708, 709, 712, 713, 715, 717, 720, 721, 723, 726, 727, 739, 784, 834, 835, 836, 837, 838, 839, 841, 842, 844, 845, 848, 849, 851, 859, 860, 861, 864, 865, 866, 868, 869, 870, 872, 887, 888, 889, 891, 894, 895, 897, 910, 914, 915, 916, 918, 921, 922, 923, 925, 926, 927, 928, 929, 932, 934, 946, 947, 950, 951, 952, 953, 954, 955], "excluded_lines": []}, "main.DummyAdapter.prepare_state": {"executed_lines": [], "summary": {"covered_lines": 0, "num_statements": 4, "percent_covered": 0.0, "percent_covered_display": "0", "missing_lines": 4, "excluded_lines": 0}, "missing_lines": [733, 735, 736, 737], "excluded_lines": []}, "main.DummyAdapter.first_step": {"executed_lines": [], "summary": {"covered_lines": 0, "num_statements": 21, "percent_covered": 0.0, "percent_covered_display": "0", "missing_lines": 21, "excluded_lines": 0}, "missing_lines": [746, 748, 750, 753, 754, 756, 757, 760, 761, 762, 763, 764, 766, 772, 773, 774, 775, 776, 779, 780, 782], "excluded_lines": []}, "main.DummyAdapter.next_step": {"executed_lines": [], "summary": {"covered_lines": 0, "num_statements": 22, "percent_covered": 0.0, "percent_covered_display": "0", "missing_lines": 22, "excluded_lines": 0}, "missing_lines": [791, 793, 798, 800, 803, 804, 806, 807, 810, 811, 812, 813, 814, 816, 821, 822, 823, 824, 825, 828, 829, 831], "excluded_lines": []}, "main.inference_fn": {"executed_lines": [], "summary": {"covered_lines": 0, "num_statements": 8, "percent_covered": 0.0, "percent_covered_display": "0", "missing_lines": 8, "excluded_lines": 0}, "missing_lines": [899, 901, 902, 903, 904, 906, 907, 908], "excluded_lines": []}, "": {"executed_lines": [], "summary": {"covered_lines": 0, "num_statements": 30, "percent_covered": 0.0, "percent_covered_display": "0", "missing_lines": 30, "excluded_lines": 0}, "missing_lines": [2, 3, 4, 5, 6, 7, 8, 10, 12, 13, 14, 15, 16, 17, 20, 21, 22, 23, 24, 25, 28, 66, 76, 90, 108, 127, 132, 140, 415, 527], "excluded_lines": []}}, "classes": {"HardwareInfo": {"executed_lines": [], "summary": {"covered_lines": 0, "num_statements": 0, "percent_covered": 100.0, "percent_covered_display": "100", "missing_lines": 0, "excluded_lines": 0}, "missing_lines": [], "excluded_lines": []}, "StepAdapter": {"executed_lines": [], "summary": {"covered_lines": 0, "num_statements": 3, "percent_covered": 0.0, "percent_covered_display": "0", "missing_lines": 3, "excluded_lines": 0}, "missing_lines": [86, 104, 122], "excluded_lines": []}, "main.DummyAdapter": {"executed_lines": [], "summary": {"covered_lines": 0, "num_statements": 47, "percent_covered": 0.0, "percent_covered_display": "0", "missing_lines": 47, "excluded_lines": 0}, "missing_lines": [733, 735, 736, 737, 746, 748, 750, 753, 754, 756, 757, 760, 761, 762, 763, 764, 766, 772, 773, 774, 775, 776, 779, 780, 782, 791, 793, 798, 800, 803, 804, 806, 807, 810, 811, 812, 813, 814, 816, 821, 822, 823, 824, 825, 828, 829, 831], "excluded_lines": []}, "": {"executed_lines": [], "summary": {"covered_lines": 0, "num_statements": 379, "percent_covered": 0.0, "percent_covered_display": "0", "missing_lines": 379, "excluded_lines": 0}, "missing_lines": [2, 3, 4, 5, 6, 7, 8, 10, 12, 13, 14, 15, 16, 17, 20, 21, 22, 23, 24, 25, 28, 29, 30, 32, 33, 34, 36, 37, 38, 41, 44, 45, 47, 53, 54, 55, 57, 59, 66, 76, 90, 108, 127, 129, 132, 134, 136, 137, 140, 156, 157, 159, 160, 161, 162, 163, 164, 166, 167, 170, 171, 172, 173, 175, 176, 177, 178, 181, 183, 184, 187, 188, 189, 192, 193, 196, 197, 202, 203, 206, 207, 208, 210, 212, 213, 215, 216, 219, 220, 221, 222, 224, 225, 226, 227, 228, 230, 231, 232, 233, 235, 236, 239, 242, 243, 246, 247, 249, 257, 258, 260, 263, 264, 266, 274, 277, 278, 279, 281, 284, 285, 286, 287, 290, 291, 292, 294, 295, 298, 299, 300, 301, 302, 303, 305, 306, 309, 310, 312, 313, 317, 318, 319, 320, 321, 322, 323, 325, 326, 327, 328, 331, 332, 334, 335, 339, 340, 341, 342, 343, 344, 345, 347, 348, 349, 352, 353, 355, 357, 358, 359, 361, 369, 370, 372, 391, 396, 397, 400, 401, 404, 405, 408, 409, 410, 412, 415, 438, 439, 441, 444, 445, 446, 448, 449, 450, 453, 455, 456, 457, 459, 460, 461, 462, 463, 464, 465, 466, 468, 469, 470, 471, 472, 473, 475, 476, 479, 480, 481, 482, 483, 484, 485, 486, 488, 489, 490, 493, 495, 497, 498, 501, 502, 509, 515, 516, 517, 518, 520, 522, 523, 524, 527, 528, 529, 530, 537, 543, 544, 545, 551, 552, 553, 558, 564, 570, 575, 578, 583, 589, 594, 599, 605, 611, 617, 624, 630, 633, 634, 635, 636, 638, 639, 640, 641, 644, 645, 646, 648, 656, 665, 666, 667, 670, 671, 672, 673, 676, 677, 678, 679, 681, 689, 690, 691, 694, 695, 696, 697, 698, 700, 701, 702, 704, 707, 708, 709, 712, 713, 715, 717, 720, 721, 723, 726, 727, 739, 784, 834, 835, 836, 837, 838, 839, 841, 842, 844, 845, 848, 849, 851, 859, 860, 861, 864, 865, 866, 868, 869, 870, 872, 887, 888, 889, 891, 894, 895, 897, 899, 901, 902, 903, 904, 906, 907, 908, 910, 914, 915, 916, 918, 921, 922, 923, 925, 926, 927, 928, 929, 932, 934, 946, 947, 950, 951, 952, 953, 954, 955], "excluded_lines": []}}}, "evaluation/performance_benchmarks.py": {"executed_lines": [], "summary": {"covered_lines": 0, "num_statements": 89, "percent_covered": 0.0, "percent_covered_display": "0", "missing_lines": 89, "excluded_lines": 0}, "missing_lines": [10, 11, 12, 13, 16, 19, 20, 21, 24, 25, 29, 30, 31, 34, 37, 38, 41, 42, 46, 80, 81, 84, 85, 86, 87, 88, 89, 90, 93, 96, 97, 98, 100, 113, 114, 120, 121, 123, 124, 125, 127, 136, 149, 155, 170, 172, 173, 174, 175, 177, 178, 179, 180, 182, 184, 199, 208, 223, 236, 237, 238, 239, 245, 246, 249, 255, 261, 269, 271, 274, 290, 291, 292, 294, 296, 299, 313, 314, 316, 320, 322, 325, 327, 339, 340, 341, 344, 347, 350], "excluded_lines": [], "functions": {"PerformanceBenchmark.__init__": {"executed_lines": [], "summary": {"covered_lines": 0, "num_statements": 2, "percent_covered": 0.0, "percent_covered_display": "0", "missing_lines": 2, "excluded_lines": 0}, "missing_lines": [97, 98], "excluded_lines": []}, "PerformanceBenchmark.evaluate_latency": {"executed_lines": [], "summary": {"covered_lines": 0, "num_statements": 8, "percent_covered": 0.0, "percent_covered_display": "0", "missing_lines": 8, "excluded_lines": 0}, "missing_lines": [113, 114, 120, 121, 123, 124, 125, 127], "excluded_lines": []}, "PerformanceBenchmark.evaluate_throughput": {"executed_lines": [], "summary": {"covered_lines": 0, "num_statements": 1, "percent_covered": 0.0, "percent_covered_display": "0", "missing_lines": 1, "excluded_lines": 0}, "missing_lines": [149], "excluded_lines": []}, "PerformanceBenchmark.evaluate_quality": {"executed_lines": [], "summary": {"covered_lines": 0, "num_statements": 10, "percent_covered": 0.0, "percent_covered_display": "0", "missing_lines": 10, "excluded_lines": 0}, "missing_lines": [170, 172, 173, 174, 175, 177, 178, 179, 180, 182], "excluded_lines": []}, "PerformanceBenchmark.evaluate_resources": {"executed_lines": [], "summary": {"covered_lines": 0, "num_statements": 1, "percent_covered": 0.0, "percent_covered_display": "0", "missing_lines": 1, "excluded_lines": 0}, "missing_lines": [199], "excluded_lines": []}, "PerformanceBenchmark.evaluate_all": {"executed_lines": [], "summary": {"covered_lines": 0, "num_statements": 12, "percent_covered": 0.0, "percent_covered_display": "0", "missing_lines": 12, "excluded_lines": 0}, "missing_lines": [223, 236, 237, 238, 239, 245, 246, 249, 255, 261, 269, 271], "excluded_lines": []}, "measure_inference_time": {"executed_lines": [], "summary": {"covered_lines": 0, "num_statements": 5, "percent_covered": 0.0, "percent_covered_display": "0", "missing_lines": 5, "excluded_lines": 0}, "missing_lines": [290, 291, 292, 294, 296], "excluded_lines": []}, "calculate_tokens_per_second": {"executed_lines": [], "summary": {"covered_lines": 0, "num_statements": 3, "percent_covered": 0.0, "percent_covered_display": "0", "missing_lines": 3, "excluded_lines": 0}, "missing_lines": [313, 314, 316], "excluded_lines": []}, "": {"executed_lines": [], "summary": {"covered_lines": 0, "num_statements": 47, "percent_covered": 0.0, "percent_covered_display": "0", "missing_lines": 47, "excluded_lines": 0}, "missing_lines": [10, 11, 12, 13, 16, 19, 20, 21, 24, 25, 29, 30, 31, 34, 37, 38, 41, 42, 46, 80, 81, 84, 85, 86, 87, 88, 89, 90, 93, 96, 100, 136, 155, 184, 208, 274, 299, 320, 322, 325, 327, 339, 340, 341, 344, 347, 350], "excluded_lines": []}}, "classes": {"ModelRole": {"executed_lines": [], "summary": {"covered_lines": 0, "num_statements": 0, "percent_covered": 100.0, "percent_covered_display": "100", "missing_lines": 0, "excluded_lines": 0}, "missing_lines": [], "excluded_lines": []}, "PerformanceTargets": {"executed_lines": [], "summary": {"covered_lines": 0, "num_statements": 0, "percent_covered": 100.0, "percent_covered_display": "100", "missing_lines": 0, "excluded_lines": 0}, "missing_lines": [], "excluded_lines": []}, "PerformanceMetrics": {"executed_lines": [], "summary": {"covered_lines": 0, "num_statements": 0, "percent_covered": 100.0, "percent_covered_display": "100", "missing_lines": 0, "excluded_lines": 0}, "missing_lines": [], "excluded_lines": []}, "PerformanceBenchmark": {"executed_lines": [], "summary": {"covered_lines": 0, "num_statements": 34, "percent_covered": 0.0, "percent_covered_display": "0", "missing_lines": 34, "excluded_lines": 0}, "missing_lines": [97, 98, 113, 114, 120, 121, 123, 124, 125, 127, 149, 170, 172, 173, 174, 175, 177, 178, 179, 180, 182, 199, 223, 236, 237, 238, 239, 245, 246, 249, 255, 261, 269, 271], "excluded_lines": []}, "": {"executed_lines": [], "summary": {"covered_lines": 0, "num_statements": 55, "percent_covered": 0.0, "percent_covered_display": "0", "missing_lines": 55, "excluded_lines": 0}, "missing_lines": [10, 11, 12, 13, 16, 19, 20, 21, 24, 25, 29, 30, 31, 34, 37, 38, 41, 42, 46, 80, 81, 84, 85, 86, 87, 88, 89, 90, 93, 96, 100, 136, 155, 184, 208, 274, 290, 291, 292, 294, 296, 299, 313, 314, 316, 320, 322, 325, 327, 339, 340, 341, 344, 347, 350], "excluded_lines": []}}}, "evaluation/pipeline_preservation_eval.py": {"executed_lines": [], "summary": {"covered_lines": 0, "num_statements": 100, "percent_covered": 0.0, "percent_covered_display": "0", "missing_lines": 100, "excluded_lines": 0}, "missing_lines": [15, 16, 17, 18, 26, 29, 30, 33, 37, 41, 45, 50, 55, 59, 64, 67, 68, 69, 70, 71, 72, 74, 75, 78, 80, 81, 82, 85, 87, 88, 89, 90, 91, 92, 94, 97, 98, 100, 102, 103, 105, 109, 111, 114, 115, 116, 117, 118, 121, 123, 124, 146, 149, 150, 151, 152, 153, 156, 158, 159, 181, 184, 185, 186, 187, 188, 189, 191, 192, 209, 212, 213, 214, 215, 216, 218, 220, 221, 222, 223, 224, 225, 226, 227, 229, 235, 236, 237, 238, 239, 240, 241, 242, 244, 251, 252, 254, 256, 259, 260], "excluded_lines": [], "functions": {"main": {"executed_lines": [], "summary": {"covered_lines": 0, "num_statements": 92, "percent_covered": 0.0, "percent_covered_display": "0", "missing_lines": 92, "excluded_lines": 0}, "missing_lines": [30, 33, 37, 41, 45, 50, 55, 59, 64, 67, 68, 69, 70, 71, 72, 74, 75, 78, 80, 81, 82, 85, 87, 88, 89, 90, 91, 92, 94, 97, 98, 100, 102, 103, 105, 109, 111, 114, 115, 116, 117, 118, 121, 123, 124, 146, 149, 150, 151, 152, 153, 156, 158, 159, 181, 184, 185, 186, 187, 188, 189, 191, 192, 209, 212, 213, 214, 215, 216, 218, 220, 221, 222, 223, 224, 225, 226, 227, 229, 235, 236, 237, 238, 239, 240, 241, 242, 244, 251, 252, 254, 256], "excluded_lines": []}, "": {"executed_lines": [], "summary": {"covered_lines": 0, "num_statements": 8, "percent_covered": 0.0, "percent_covered_display": "0", "missing_lines": 8, "excluded_lines": 0}, "missing_lines": [15, 16, 17, 18, 26, 29, 259, 260], "excluded_lines": []}}, "classes": {"": {"executed_lines": [], "summary": {"covered_lines": 0, "num_statements": 100, "percent_covered": 0.0, "percent_covered_display": "0", "missing_lines": 100, "excluded_lines": 0}, "missing_lines": [15, 16, 17, 18, 26, 29, 30, 33, 37, 41, 45, 50, 55, 59, 64, 67, 68, 69, 70, 71, 72, 74, 75, 78, 80, 81, 82, 85, 87, 88, 89, 90, 91, 92, 94, 97, 98, 100, 102, 103, 105, 109, 111, 114, 115, 116, 117, 118, 121, 123, 124, 146, 149, 150, 151, 152, 153, 156, 158, 159, 181, 184, 185, 186, 187, 188, 189, 191, 192, 209, 212, 213, 214, 215, 216, 218, 220, 221, 222, 223, 224, 225, 226, 227, 229, 235, 236, 237, 238, 239, 240, 241, 242, 244, 251, 252, 254, 256, 259, 260], "excluded_lines": []}}}, "evaluation/reasoning_eval.py": {"executed_lines": [], "summary": {"covered_lines": 0, "num_statements": 106, "percent_covered": 0.0, "percent_covered_display": "0", "missing_lines": 106, "excluded_lines": 0}, "missing_lines": [13, 14, 15, 16, 18, 19, 21, 24, 26, 29, 30, 31, 32, 33, 45, 46, 48, 50, 51, 53, 55, 56, 57, 60, 64, 65, 68, 69, 72, 74, 75, 77, 80, 83, 86, 87, 90, 93, 94, 96, 99, 101, 145, 160, 161, 163, 164, 165, 168, 171, 173, 182, 183, 185, 186, 189, 190, 191, 192, 193, 194, 195, 196, 198, 199, 200, 202, 211, 212, 213, 214, 215, 216, 217, 218, 220, 223, 224, 226, 227, 228, 231, 232, 235, 236, 237, 238, 239, 240, 242, 243, 246, 247, 250, 251, 253, 264, 265, 267, 268, 269, 270, 271, 272, 275, 276], "excluded_lines": [], "functions": {"load_model": {"executed_lines": [], "summary": {"covered_lines": 0, "num_statements": 15, "percent_covered": 0.0, "percent_covered_display": "0", "missing_lines": 15, "excluded_lines": 0}, "missing_lines": [26, 29, 30, 31, 32, 33, 45, 46, 48, 50, 51, 53, 55, 56, 57], "excluded_lines": []}, "generate_text": {"executed_lines": [], "summary": {"covered_lines": 0, "num_statements": 16, "percent_covered": 0.0, "percent_covered_display": "0", "missing_lines": 16, "excluded_lines": 0}, "missing_lines": [64, 65, 68, 69, 72, 74, 75, 77, 80, 83, 86, 87, 90, 93, 94, 96], "excluded_lines": []}, "get_reasoning_prompts": {"executed_lines": [], "summary": {"covered_lines": 0, "num_statements": 1, "percent_covered": 0.0, "percent_covered_display": "0", "missing_lines": 1, "excluded_lines": 0}, "missing_lines": [101], "excluded_lines": []}, "evaluate_reasoning": {"executed_lines": [], "summary": {"covered_lines": 0, "num_statements": 24, "percent_covered": 0.0, "percent_covered_display": "0", "missing_lines": 24, "excluded_lines": 0}, "missing_lines": [160, 161, 163, 164, 165, 168, 171, 173, 182, 183, 185, 186, 189, 190, 191, 192, 193, 194, 195, 196, 198, 199, 200, 202], "excluded_lines": []}, "main": {"executed_lines": [], "summary": {"covered_lines": 0, "num_statements": 36, "percent_covered": 0.0, "percent_covered_display": "0", "missing_lines": 36, "excluded_lines": 0}, "missing_lines": [212, 213, 214, 215, 216, 217, 218, 220, 223, 224, 226, 227, 228, 231, 232, 235, 236, 237, 238, 239, 240, 242, 243, 246, 247, 250, 251, 253, 264, 265, 267, 268, 269, 270, 271, 272], "excluded_lines": []}, "": {"executed_lines": [], "summary": {"covered_lines": 0, "num_statements": 14, "percent_covered": 0.0, "percent_covered_display": "0", "missing_lines": 14, "excluded_lines": 0}, "missing_lines": [13, 14, 15, 16, 18, 19, 21, 24, 60, 99, 145, 211, 275, 276], "excluded_lines": []}}, "classes": {"": {"executed_lines": [], "summary": {"covered_lines": 0, "num_statements": 106, "percent_covered": 0.0, "percent_covered_display": "0", "missing_lines": 106, "excluded_lines": 0}, "missing_lines": [13, 14, 15, 16, 18, 19, 21, 24, 26, 29, 30, 31, 32, 33, 45, 46, 48, 50, 51, 53, 55, 56, 57, 60, 64, 65, 68, 69, 72, 74, 75, 77, 80, 83, 86, 87, 90, 93, 94, 96, 99, 101, 145, 160, 161, 163, 164, 165, 168, 171, 173, 182, 183, 185, 186, 189, 190, 191, 192, 193, 194, 195, 196, 198, 199, 200, 202, 211, 212, 213, 214, 215, 216, 217, 218, 220, 223, 224, 226, 227, 228, 231, 232, 235, 236, 237, 238, 239, 240, 242, 243, 246, 247, 250, 251, 253, 264, 265, 267, 268, 269, 270, 271, 272, 275, 276], "excluded_lines": []}}}, "evaluation/tool_use_eval.py": {"executed_lines": [], "summary": {"covered_lines": 0, "num_statements": 197, "percent_covered": 0.0, "percent_covered_display": "0", "missing_lines": 197, "excluded_lines": 0}, "missing_lines": [12, 13, 14, 15, 17, 18, 20, 21, 24, 26, 
[...]
vered_lines": 9, "num_statements": 9, "percent_covered": 100.0, "percent_covered_display": "100", "missing_lines": 0, "excluded_lines": 0}, "missing_lines": [], "excluded_lines": []}, "aggregate_speed_metrics.pct": {"executed_lines": [173, 175, 176, 178], "summary": {"covered_lines": 4, "num_statements": 5, "percent_covered": 80.0, "percent_covered_display": "80", "missing_lines": 1, "excluded_lines": 0}, "missing_lines": [177], "excluded_lines": []}, "": {"executed_lines": [1, 10, 11, 12, 13, 16, 123, 146], "summary": {"covered_lines": 7, "num_statements": 7, "percent_covered": 100.0, "percent_covered_display": "100", "missing_lines": 0, "excluded_lines": 0}, "missing_lines": [], "excluded_lines": []}}, "classes": {"": {"executed_lines": [1, 10, 11, 12, 13, 16, 45, 47, 48, 49, 50, 51, 54, 55, 56, 57, 60, 61, 64, 65, 68, 69, 71, 73, 75, 80, 90, 92, 93, 94, 95, 98, 99, 101, 102, 104, 108, 109, 110, 114, 123, 139, 141, 142, 143, 146, 162, 164, 165, 172, 173, 175, 176, 178, 180, 181, 182, 185, 187], "summary": {"covered_lines": 58, "num_statements": 65, "percent_covered": 89.23076923076923, "percent_covered_display": "89", "missing_lines": 7, "excluded_lines": 0}, "missing_lines": [83, 86, 87, 88, 111, 112, 177], "excluded_lines": []}}}, "training/teacher_cache.py": {"executed_lines": [], "summary": {"covered_lines": 0, "num_statements": 102, "percent_covered": 0.0, "percent_covered_display": "0", "missing_lines": 102, "excluded_lines": 0}, "missing_lines": [12, 13, 14, 15, 16, 17, 20, 21, 24, 25, 26, 27, 28, 29, 32, 35, 43, 44, 45, 46, 47, 48, 54, 56, 58, 59, 61, 62, 63, 65, 67, 68, 69, 70, 71, 73, 75, 76, 77, 78, 80, 81, 82, 83, 85, 87, 89, 91, 93, 110, 112, 113, 114, 116, 119, 120, 121, 124, 127, 128, 129, 130, 131, 132, 134, 135, 137, 151, 152, 154, 163, 164, 166, 168, 169, 171, 178, 185, 186, 188, 189, 192, 193, 195, 197, 204, 207, 211, 212, 214, 215, 216, 219, 221, 222, 224, 225, 228, 231, 232, 235, 236], "excluded_lines": [], "functions": {"TeacherCache.__init__": {"executed_lines": [], "summary": {"covered_lines": 0, "num_statements": 7, "percent_covered": 0.0, "percent_covered_display": "0", "missing_lines": 7, "excluded_lines": 0}, "missing_lines": [43, 44, 45, 46, 47, 48, 54], "excluded_lines": []}, "TeacherCache._load_cache": {"executed_lines": [], "summary": {"covered_lines": 0, "num_statements": 11, "percent_covered": 0.0, "percent_covered_display": "0", "missing_lines": 11, "excluded_lines": 0}, "missing_lines": [58, 59, 61, 62, 63, 65, 67, 68, 69, 70, 71], "excluded_lines": []}, "TeacherCache._save_cache": {"executed_lines": [], "summary": {"covered_lines": 0, "num_statements": 8, "percent_covered": 0.0, "percent_covered_display": "0", "missing_lines": 8, "excluded_lines": 0}, "missing_lines": [75, 76, 77, 78, 80, 81, 82, 83], "excluded_lines": []}, "TeacherCache._compute_prompt_hash": {"executed_lines": [], "summary": {"covered_lines": 0, "num_statements": 1, "percent_covered": 0.0, "percent_covered_display": "0", "missing_lines": 1, "excluded_lines": 0}, "missing_lines": [87], "excluded_lines": []}, "TeacherCache._get_cache_key": {"executed_lines": [], "summary": {"covered_lines": 0, "num_statements": 1, "percent_covered": 0.0, "percent_covered_display": "0", "missing_lines": 1, "excluded_lines": 0}, "missing_lines": [91], "excluded_lines": []}, "TeacherCache.get": {"executed_lines": [], "summary": {"covered_lines": 0, "num_statements": 17, "percent_covered": 0.0, "percent_covered_display": "0", "missing_lines": 17, "excluded_lines": 0}, "missing_lines": [110, 112, 113, 114, 116, 119, 120, 121, 124, 127, 128, 129, 130, 131, 132, 134, 135], "excluded_lines": []}, "TeacherCache.put": {"executed_lines": [], "summary": {"covered_lines": 0, "num_statements": 5, "percent_covered": 0.0, "percent_covered_display": "0", "missing_lines": 5, "excluded_lines": 0}, "missing_lines": [151, 152, 154, 163, 164], "excluded_lines": []}, "TeacherCache.get_stats": {"executed_lines": [], "summary": {"covered_lines": 0, "num_statements": 3, "percent_covered": 0.0, "percent_covered_display": "0", "missing_lines": 3, "excluded_lines": 0}, "missing_lines": [168, 169, 171], "excluded_lines": []}, "TeacherCache.clear": {"executed_lines": [], "summary": {"covered_lines": 0, "num_statements": 7, "percent_covered": 0.0, "percent_covered_display": "0", "missing_lines": 7, "excluded_lines": 0}, "missing_lines": [185, 186, 188, 189, 192, 193, 195], "excluded_lines": []}, "TeacherCache.migrate_cache": {"executed_lines": [], "summary": {"covered_lines": 0, "num_statements": 7, "percent_covered": 0.0, "percent_covered_display": "0", "missing_lines": 7, "excluded_lines": 0}, "missing_lines": [204, 207, 211, 212, 214, 215, 216], "excluded_lines": []}, "": {"executed_lines": [], "summary": {"covered_lines": 0, "num_statements": 35, "percent_covered": 0.0, "percent_covered_display": "0", "missing_lines": 35, "excluded_lines": 0}, "missing_lines": [12, 13, 14, 15, 16, 17, 20, 21, 24, 25, 26, 27, 28, 29, 32, 35, 56, 73, 85, 89, 93, 137, 166, 178, 197, 219, 221, 222, 224, 225, 228, 231, 232, 235, 236], "excluded_lines": []}}, "classes": {"CacheEntry": {"executed_lines": [], "summary": {"covered_lines": 0, "num_statements": 0, "percent_covered": 100.0, "percent_covered_display": "100", "missing_lines": 0, "excluded_lines": 0}, "missing_lines": [], "excluded_lines": []}, "TeacherCache": {"executed_lines": [], "summary": {"covered_lines": 0, "num_statements": 67, "percent_covered": 0.0, "percent_covered_display": "0", "missing_lines": 67, "excluded_lines": 0}, "missing_lines": [43, 44, 45, 46, 47, 48, 54, 58, 59, 61, 62, 63, 65, 67, 68, 69, 70, 71, 75, 76, 77, 78, 80, 81, 82, 83, 87, 91, 110, 112, 113, 114, 116, 119, 120, 121, 124, 127, 128, 129, 130, 131, 132, 134, 135, 151, 152, 154, 163, 164, 168, 169, 171, 185, 186, 188, 189, 192, 193, 195, 204, 207, 211, 212, 214, 215, 216], "excluded_lines": []}, "": {"executed_lines": [], "summary": {"covered_lines": 0, "num_statements": 35, "percent_covered": 0.0, "percent_covered_display": "0", "missing_lines": 35, "excluded_lines": 0}, "missing_lines": [12, 13, 14, 15, 16, 17, 20, 21, 24, 25, 26, 27, 28, 29, 32, 35, 56, 73, 85, 89, 93, 137, 166, 178, 197, 219, 221, 222, 224, 225, 228, 231, 232, 235, 236], "excluded_lines": []}}}, "training/teacher_stub_toy.py": {"executed_lines": [], "summary": {"covered_lines": 0, "num_statements": 99, "percent_covered": 0.0, "percent_covered_display": "0", "missing_lines": 99, "excluded_lines": 0}, "missing_lines": [15, 18, 32, 34, 35, 38, 42, 45, 46, 47, 51, 52, 53, 55, 56, 58, 62, 63, 65, 68, 86, 88, 89, 92, 95, 98, 101, 104, 106, 107, 110, 111, 112, 115, 118, 119, 120, 123, 124, 127, 129, 130, 133, 134, 135, 138, 141, 142, 143, 146, 147, 150, 152, 153, 157, 158, 159, 162, 165, 166, 167, 170, 171, 174, 176, 200, 201, 202, 203, 204, 205, 206, 208, 211, 212, 216, 217, 218, 219, 222, 223, 226, 228, 229, 230, 231, 232, 233, 234, 235, 236, 237, 242, 271, 274, 275, 279, 281, 283], "excluded_lines": [], "functions": {"teacher_logits": {"executed_lines": [], "summary": {"covered_lines": 0, "num_statements": 17, "percent_covered": 0.0, "percent_covered_display": "0", "missing_lines": 17, "excluded_lines": 0}, "missing_lines": [32, 34, 35, 38, 42, 45, 46, 47, 51, 52, 53, 55, 56, 58, 62, 63, 65], "excluded_lines": []}, "eight_ball_teacher_logits": {"executed_lines": [], "summary": {"covered_lines": 0, "num_statements": 79, "percent_covered": 0.0, "percent_covered_display": "0", "missing_lines": 79, "excluded_lines": 0}, "missing_lines": [86, 88, 89, 92, 95, 98, 101, 104, 106, 107, 110, 111, 112, 115, 118, 119, 120, 123, 124, 127, 129, 130, 133, 134, 135, 138, 141, 142, 143, 146, 147, 150, 152, 153, 157, 158, 159, 162, 165, 166, 167, 170, 171, 174, 176, 200, 201, 202, 203, 204, 205, 206, 208, 211, 212, 216, 217, 218, 219, 222, 223, 226, 228, 229, 230, 231, 232, 233, 234, 235, 236, 237, 242, 271, 274, 275, 279, 281, 283], "excluded_lines": []}, "": {"executed_lines": [], "summary": {"covered_lines": 0, "num_statements": 3, "percent_covered": 0.0, "percent_covered_display": "0", "missing_lines": 3, "excluded_lines": 0}, "missing_lines": [15, 18, 68], "excluded_lines": []}}, "classes": {"": {"executed_lines": [], "summary": {"covered_lines": 0, "num_statements": 99, "percent_covered": 0.0, "percent_covered_display": "0", "missing_lines": 99, "excluded_lines": 0}, "missing_lines": [15, 18, 32, 34, 35, 38, 42, 45, 46, 47, 51, 52, 53, 55, 56, 58, 62, 63, 65, 68, 86, 88, 89, 92, 95, 98, 101, 104, 106, 107, 110, 111, 112, 115, 118, 119, 120, 123, 124, 127, 129, 130, 133, 134, 135, 138, 141, 142, 143, 146, 147, 150, 152, 153, 157, 158, 159, 162, 165, 166, 167, 170, 171, 174, 176, 200, 201, 202, 203, 204, 205, 206, 208, 211, 212, 216, 217, 218, 219, 222, 223, 226, 228, 229, 230, 231, 232, 233, 234, 235, 236, 237, 242, 271, 274, 275, 279, 281, 283], "excluded_lines": []}}}, "training/tokenizer_migration.py": {"executed_lines": [1, 12, 13, 14, 16, 19, 64, 159, 211, 242], "summary": {"covered_lines": 9, "num_statements": 95, "percent_covered": 9.473684210526315, "percent_covered_display": "9", "missing_lines": 86, "excluded_lines": 0}, "missing_lines": [33, 36, 37, 39, 40, 41, 44, 46, 47, 51, 52, 56, 86, 95, 96, 97, 98, 100, 102, 103, 106, 107, 108, 109, 111, 113, 114, 117, 119, 122, 123, 124, 126, 128, 133, 134, 135, 138, 139, 140, 142, 144, 149, 150, 153, 154, 156, 177, 178, 180, 185, 186, 188, 189, 191, 192, 193, 195, 197, 198, 199, 200, 201, 203, 204, 206, 208, 230, 231, 234, 236, 237, 239, 264, 272, 273, 274, 276, 277, 280, 281, 282, 285, 286, 289, 291], "excluded_lines": [], "functions": {"verify_token_ids": {"executed_lines": [], "summary": {"covered_lines": 0, "num_statements": 12, "percent_covered": 0.0, "percent_covered_display": "0", "missing_lines": 12, "excluded_lines": 0}, "missing_lines": [33, 36, 37, 39, 40, 41, 44, 46, 47, 51, 52, 56], "excluded_lines": []}, "resize_model_embeddings": {"executed_lines": [], "summary": {"covered_lines": 0, "num_statements": 35, "percent_covered": 0.0, "percent_covered_display": "0", "missing_lines": 35, "excluded_lines": 0}, "missing_lines": [86, 95, 96, 97, 98, 100, 102, 103, 106, 107, 108, 109, 111, 113, 114, 117, 119, 122, 123, 124, 126, 128, 133, 134, 135, 138, 139, 140, 142, 144, 149, 150, 153, 154, 156], "excluded_lines": []}, "initialize_special_token_embeddings": {"executed_lines": [], "summary": {"covered_lines": 0, "num_statements": 20, "percent_covered": 0.0, "percent_covered_display": "0", "missing_lines": 20, "excluded_lines": 0}, "missing_lines": [177, 178, 180, 185, 186, 188, 189, 191, 192, 193, 195, 197, 198, 199, 200, 201, 203, 204, 206, 208], "excluded_lines": []}, "create_special_token_loss_mask": {"executed_lines": [], "summary": {"covered_lines": 0, "num_statements": 6, "percent_covered": 0.0, "percent_covered_display": "0", "missing_lines": 6, "excluded_lines": 0}, "missing_lines": [230, 231, 234, 236, 237, 239], "excluded_lines": []}, "migrate_tokenizer_and_model": {"executed_lines": [], "summary": {"covered_lines": 0, "num_statements": 13, "percent_covered": 0.0, "percent_covered_display": "0", "missing_lines": 13, "excluded_lines": 0}, "missing_lines": [264, 272, 273, 274, 276, 277, 280, 281, 282, 285, 286, 289, 291], "excluded_lines": []}, "": {"executed_lines": [1, 12, 13, 14, 16, 19, 64, 159, 211, 242], "summary": {"covered_lines": 9, "num_statements": 9, "percent_covered": 100.0, "percent_covered_display": "100", "missing_lines": 0, "excluded_lines": 0}, "missing_lines": [], "excluded_lines": []}}, "classes": {"": {"executed_lines": [1, 12, 13, 14, 16, 19, 64, 159, 211, 242], "summary": {"covered_lines": 9, "num_statements": 95, "percent_covered": 9.473684210526315, "percent_covered_display": "9", "missing_lines": 86, "excluded_lines": 0}, "missing_lines": [33, 36, 37, 39, 40, 41, 44, 46, 47, 51, 52, 56, 86, 95, 96, 97, 98, 100, 102, 103, 106, 107, 108, 109, 111, 113, 114, 117, 119, 122, 123, 124, 126, 128, 133, 134, 135, 138, 139, 140, 142, 144, 149, 150, 153, 154, 156, 177, 178, 180, 185, 186, 188, 189, 191, 192, 193, 195, 197, 198, 199, 200, 201, 203, 204, 206, 208, 230, 231, 234, 236, 237, 239, 264, 272, 273, 274, 276, 277, 280, 281, 282, 285, 286, 289, 291], "excluded_lines": []}}}, "training/tracing.py": {"executed_lines": [1, 30, 31, 32, 33, 34, 36, 37, 40, 41, 43, 44, 47, 48, 51, 52, 65, 140, 189, 215, 239, 263, 281, 299, 319, 327, 340, 344, 349], "summary": {"covered_lines": 27, "num_statements": 143, "percent_covered": 18.88111888111888, "percent_covered_display": "19", "missing_lines": 116, "excluded_lines": 0}, "missing_lines": [39, 46, 89, 90, 91, 93, 94, 95, 96, 99, 100, 101, 102, 103, 106, 107, 108, 110, 111, 112, 119, 120, 121, 122, 125, 126, 127, 129, 130, 131, 134, 135, 137, 138, 154, 157, 160, 161, 162, 165, 166, 169, 170, 175, 176, 179, 180, 181, 184, 185, 186, 187, 197, 198, 201, 202, 205, 206, 207, 208, 211, 212, 213, 225, 226, 227, 228, 229, 230, 233, 234, 235, 236, 237, 249, 250, 253, 254, 257, 258, 259, 260, 261, 274, 275, 278, 279, 292, 293, 296, 297, 306, 307, 308, 309, 310, 317, 321, 322, 323, 324, 325, 329, 330, 332, 333, 335, 337, 338, 342, 346, 363, 364, 365, 367, 369], "excluded_lines": [], "functions": {"TrainingTracer.__init__": {"executed_lines": [], "summary": {"covered_lines": 0, "num_statements": 32, "percent_covered": 0.0, "percent_covered_display": "0", "missing_lines": 32, "excluded_lines": 0}, "missing_lines": [89, 90, 91, 93, 94, 95, 96, 99, 100, 101, 102, 103, 106, 107, 108, 110, 111, 112, 119, 120, 121, 122, 125, 126, 127, 129, 130, 131, 134, 135, 137, 138], "excluded_lines": []}, "TrainingTracer.log_metrics": {"executed_lines": [], "summary": {"covered_lines": 0, "num_statements": 18, "percent_covered": 0.0, "percent_covered_display": "0", "missing_lines": 18, "excluded_lines": 0}, "missing_lines": [154, 157, 160, 161, 162, 165, 166, 169, 170, 175, 176, 179, 180, 181, 184, 185, 186, 187], "excluded_lines": []}, "TrainingTracer.log_hparams": {"executed_lines": [], "summary": {"covered_lines": 0, "num_statements": 11, "percent_covered": 0.0, "percent_covered_display": "0", "missing_lines": 11, "excluded_lines": 0}, "missing_lines": [197, 198, 201, 202, 205, 206, 207, 208, 211, 212, 213], "excluded_lines": []}, "TrainingTracer.log_model_graph": {"executed_lines": [], "summary": {"covered_lines": 0, "num_statements": 11, "percent_covered": 0.0, "percent_covered_display": "0", "missing_lines": 11, "excluded_lines": 0}, "missing_lines": [225, 226, 227, 228, 229, 230, 233, 234, 235, 236, 237], "excluded_lines": []}, "TrainingTracer.log_text": {"executed_lines": [], "summary": {"covered_lines": 0, "num_statements": 9, "percent_covered": 0.0, "percent_covered_display": "0", "missing_lines": 9, "excluded_lines": 0}, "missing_lines": [249, 250, 253, 254, 257, 258, 259, 260, 261], "excluded_lines": []}, "TrainingTracer.log_image": {"executed_lines": [], "summary": {"covered_lines": 0, "num_statements": 4, "percent_covered": 0.0, "percent_covered_display": "0", "missing_lines": 4, "excluded_lines": 0}, "missing_lines": [274, 275, 278, 279], "excluded_lines": []}, "TrainingTracer.log_histogram": {"executed_lines": [], "summary": {"covered_lines": 0, "num_statements": 4, "percent_covered": 0.0, "percent_covered_display": "0", "missing_lines": 4, "excluded_lines": 0}, "missing_lines": [292, 293, 296, 297], "excluded_lines": []}, "TrainingTracer.get_metrics_summary": {"executed_lines": [], "summary": {"covered_lines": 0, "num_statements": 6, "percent_covered": 0.0, "percent_covered_display": "0", "missing_lines": 6, "excluded_lines": 0}, "missing_lines": [306, 307, 308, 309, 310, 317], "excluded_lines": []}, "TrainingTracer.save_summary": {"executed_lines": [], "summary": {"covered_lines": 0, "num_statements": 5, "percent_covered": 0.0, "percent_covered_display": "0", "missing_lines": 5, "excluded_lines": 0}, "missing_lines": [321, 322, 323, 324, 325], "excluded_lines": []}, "TrainingTracer.close": {"executed_lines": [], "summary": {"covered_lines": 0, "num_statements": 7, "percent_covered": 0.0, "percent_covered_display": "0", "missing_lines": 7, "excluded_lines": 0}, "missing_lines": [329, 330, 332, 333, 335, 337, 338], "excluded_lines": []}, "TrainingTracer.__enter__": {"executed_lines": [], "summary": {"covered_lines": 0, "num_statements": 1, "percent_covered": 0.0, "percent_covered_display": "0", "missing_lines": 1, "excluded_lines": 0}, "missing_lines": [342], "excluded_lines": []}, "TrainingTracer.__exit__": {"executed_lines": [], "summary": {"covered_lines": 0, "num_statements": 1, "percent_covered": 0.0, "percent_covered_display": "0", "missing_lines": 1, "excluded_lines": 0}, "missing_lines": [346], "excluded_lines": []}, "create_tracer_from_config": {"executed_lines": [], "summary": {"covered_lines": 0, "num_statements": 5, "percent_covered": 0.0, "percent_covered_display": "0", "missing_lines": 5, "excluded_lines": 0}, "missing_lines": [363, 364, 365, 367, 369], "excluded_lines": []}, "": {"executed_lines": [1, 30, 31, 32, 33, 34, 36, 37, 40, 41, 43, 44, 47, 48, 51, 52, 65, 140, 189, 215, 239, 263, 281, 299, 319, 327, 340, 344, 349], "summary": {"covered_lines": 27, "num_statements": 29, "percent_covered": 93.10344827586206, "percent_covered_display": "93", "missing_lines": 2, "excluded_lines": 0}, "missing_lines": [39, 46], "excluded_lines": []}}, "classes": {"TrainingTracer": {"executed_lines": [], "summary": {"covered_lines": 0, "num_statements": 109, "percent_covered": 0.0, "percent_covered_display": "0", "missing_lines": 109, "excluded_lines": 0}, "missing_lines": [89, 90, 91, 93, 94, 95, 96, 99, 100, 101, 102, 103, 106, 107, 108, 110, 111, 112, 119, 120, 121, 122, 125, 126, 127, 129, 130, 131, 134, 135, 137, 138, 154, 157, 160, 161, 162, 165, 166, 169, 170, 175, 176, 179, 180, 181, 184, 185, 186, 187, 197, 198, 201, 202, 205, 206, 207, 208, 211, 212, 213, 225, 226, 227, 228, 229, 230, 233, 234, 235, 236, 237, 249, 250, 253, 254, 257, 258, 259, 260, 261, 274, 275, 278, 279, 292, 293, 296, 297, 306, 307, 308, 309, 310, 317, 321, 322, 323, 324, 325, 329, 330, 332, 333, 335, 337, 338, 342, 346], "excluded_lines": []}, "": {"executed_lines": [1, 30, 31, 32, 33, 34, 36, 37, 40, 41, 43, 44, 47, 48, 51, 52, 65, 140, 189, 215, 239, 263, 281, 299, 319, 327, 340, 344, 349], "summary": {"covered_lines": 27, "num_statements": 34, "percent_covered": 79.41176470588235, "percent_covered_display": "79", "missing_lines": 7, "excluded_lines": 0}, "missing_lines": [39, 46, 363, 364, 365, 367, 369], "excluded_lines": []}}}, "training/utils.py": {"executed_lines": [1, 7, 8, 9, 11, 14, 28, 30, 31, 34, 35, 38, 39, 40, 41, 45, 48, 51, 52, 55, 58, 59, 61, 63, 64], "summary": {"covered_lines": 24, "num_statements": 27, "percent_covered": 88.88888888888889, "percent_covered_display": "89", "missing_lines": 3, "excluded_lines": 0}, "missing_lines": [46, 53, 54], "excluded_lines": [], "functions": {"sha256_state_dict": {"executed_lines": [28, 30, 31, 34, 35, 38, 39, 40, 41, 45, 48, 51, 52, 55, 58, 59, 61, 63, 64], "summary": {"covered_lines": 19, "num_statements": 22, "percent_covered": 86.36363636363636, "percent_covered_display": "86", "missing_lines": 3, "excluded_lines": 0}, "missing_lines": [46, 53, 54], "excluded_lines": []}, "": {"executed_lines": [1, 7, 8, 9, 11, 14], "summary": {"covered_lines": 5, "num_statements": 5, "percent_covered": 100.0, "percent_covered_display": "100", "missing_lines": 0, "excluded_lines": 0}, "missing_lines": [], "excluded_lines": []}}, "classes": {"": {"executed_lines": [1, 7, 8, 9, 11, 14, 28, 30, 31, 34, 35, 38, 39, 40, 41, 45, 48, 51, 52, 55, 58, 59, 61, 63, 64], "summary": {"covered_lines": 24, "num_statements": 27, "percent_covered": 88.88888888888889, "percent_covered_display": "89", "missing_lines": 3, "excluded_lines": 0}, "missing_lines": [46, 53, 54], "excluded_lines": []}}}}, "totals": {"covered_lines": 2190, "num_statements": 9104, "percent_covered": 24.055360281195078, "percent_covered_display": "24", "missing_lines": 6914, "excluded_lines": 2}}